CRITICAL - 2023-06-08 18:38:01 --> Cannot declare class App\Models\RenterIncidentModel, because the name is already in use
#0 [internal function]: CodeIgniter\Debug\Exceptions->shutdownHandler()
#1 {main}
CRITICAL - 2023-06-08 18:38:48 --> Uncaught ErrorException: Undefined property: Config\Exceptions::$sensitiveDataInTrace in C:\Users\hp\Documents\code_igniter\SBR_code_igniter_4\vendor\codeigniter4\framework\system\Debug\Exceptions.php:242
Stack trace:
#0 C:\Users\hp\Documents\code_igniter\SBR_code_igniter_4\vendor\codeigniter4\framework\system\Debug\Exceptions.php(242): CodeIgniter\Debug\Exceptions->errorHandler(2, 'Undefined prope...', 'C:\\Users\\hp\\Doc...', 242)
#1 C:\Users\hp\Documents\code_igniter\SBR_code_igniter_4\vendor\codeigniter4\framework\system\Debug\Exceptions.php(225): CodeIgniter\Debug\Exceptions->collectVars(Object(CodeIgniter\Exceptions\PageNotFoundException), 404)
#2 C:\Users\hp\Documents\code_igniter\SBR_code_igniter_4\vendor\codeigniter4\framework\system\Debug\Exceptions.php(232): CodeIgniter\Debug\Exceptions->CodeIgniter\Debug\{closure}()
#3 C:\Users\hp\Documents\code_igniter\SBR_code_igniter_4\vendor\codeigniter4\framework\system\Debug\Exceptions.php(116): CodeIgniter\Debug\Exceptions->render(Object(CodeIgniter\Exceptions\PageNotFoundException), 404)
#4 [internal function]: CodeIgniter\Debug\Exceptions->exceptionHandler(Object(CodeIgniter\Exceptions\PageNotFoundException))
#5 {main}
  thrown
#0 [internal function]: CodeIgniter\Debug\Exceptions->shutdownHandler()
#1 {main}
CRITICAL - 2023-06-08 18:40:00 --> Uncaught ErrorException: Undefined property: Config\Exceptions::$sensitiveDataInTrace in C:\Users\hp\Documents\code_igniter\SBR_code_igniter_4\vendor\codeigniter4\framework\system\Debug\Exceptions.php:242
Stack trace:
#0 C:\Users\hp\Documents\code_igniter\SBR_code_igniter_4\vendor\codeigniter4\framework\system\Debug\Exceptions.php(242): CodeIgniter\Debug\Exceptions->errorHandler(2, 'Undefined prope...', 'C:\\Users\\hp\\Doc...', 242)
#1 C:\Users\hp\Documents\code_igniter\SBR_code_igniter_4\vendor\codeigniter4\framework\system\Debug\Exceptions.php(225): CodeIgniter\Debug\Exceptions->collectVars(Object(CodeIgniter\Exceptions\PageNotFoundException), 404)
#2 C:\Users\hp\Documents\code_igniter\SBR_code_igniter_4\vendor\codeigniter4\framework\system\Debug\Exceptions.php(232): CodeIgniter\Debug\Exceptions->CodeIgniter\Debug\{closure}()
#3 C:\Users\hp\Documents\code_igniter\SBR_code_igniter_4\vendor\codeigniter4\framework\system\Debug\Exceptions.php(116): CodeIgniter\Debug\Exceptions->render(Object(CodeIgniter\Exceptions\PageNotFoundException), 404)
#4 [internal function]: CodeIgniter\Debug\Exceptions->exceptionHandler(Object(CodeIgniter\Exceptions\PageNotFoundException))
#5 {main}
  thrown
#0 [internal function]: CodeIgniter\Debug\Exceptions->shutdownHandler()
#1 {main}
CRITICAL - 2023-06-08 18:40:30 --> Uncaught ErrorException: Undefined property: Config\Exceptions::$sensitiveDataInTrace in C:\Users\hp\Documents\code_igniter\SBR_code_igniter_4\vendor\codeigniter4\framework\system\Debug\Exceptions.php:242
Stack trace:
#0 C:\Users\hp\Documents\code_igniter\SBR_code_igniter_4\vendor\codeigniter4\framework\system\Debug\Exceptions.php(242): CodeIgniter\Debug\Exceptions->errorHandler(2, 'Undefined prope...', 'C:\\Users\\hp\\Doc...', 242)
#1 C:\Users\hp\Documents\code_igniter\SBR_code_igniter_4\vendor\codeigniter4\framework\system\Debug\Exceptions.php(225): CodeIgniter\Debug\Exceptions->collectVars(Object(CodeIgniter\Exceptions\PageNotFoundException), 404)
#2 C:\Users\hp\Documents\code_igniter\SBR_code_igniter_4\vendor\codeigniter4\framework\system\Debug\Exceptions.php(232): CodeIgniter\Debug\Exceptions->CodeIgniter\Debug\{closure}()
#3 C:\Users\hp\Documents\code_igniter\SBR_code_igniter_4\vendor\codeigniter4\framework\system\Debug\Exceptions.php(116): CodeIgniter\Debug\Exceptions->render(Object(CodeIgniter\Exceptions\PageNotFoundException), 404)
#4 [internal function]: CodeIgniter\Debug\Exceptions->exceptionHandler(Object(CodeIgniter\Exceptions\PageNotFoundException))
#5 {main}
  thrown
#0 [internal function]: CodeIgniter\Debug\Exceptions->shutdownHandler()
#1 {main}
CRITICAL - 2023-06-08 18:41:47 --> Uncaught ErrorException: Undefined property: Config\Exceptions::$sensitiveDataInTrace in C:\Users\hp\Documents\code_igniter\SBR_code_igniter_4\vendor\codeigniter4\framework\system\Debug\Exceptions.php:242
Stack trace:
#0 C:\Users\hp\Documents\code_igniter\SBR_code_igniter_4\vendor\codeigniter4\framework\system\Debug\Exceptions.php(242): CodeIgniter\Debug\Exceptions->errorHandler(2, 'Undefined prope...', 'C:\\Users\\hp\\Doc...', 242)
#1 C:\Users\hp\Documents\code_igniter\SBR_code_igniter_4\vendor\codeigniter4\framework\system\Debug\Exceptions.php(225): CodeIgniter\Debug\Exceptions->collectVars(Object(CodeIgniter\Exceptions\PageNotFoundException), 404)
#2 C:\Users\hp\Documents\code_igniter\SBR_code_igniter_4\vendor\codeigniter4\framework\system\Debug\Exceptions.php(232): CodeIgniter\Debug\Exceptions->CodeIgniter\Debug\{closure}()
#3 C:\Users\hp\Documents\code_igniter\SBR_code_igniter_4\vendor\codeigniter4\framework\system\Debug\Exceptions.php(116): CodeIgniter\Debug\Exceptions->render(Object(CodeIgniter\Exceptions\PageNotFoundException), 404)
#4 [internal function]: CodeIgniter\Debug\Exceptions->exceptionHandler(Object(CodeIgniter\Exceptions\PageNotFoundException))
#5 {main}
  thrown
#0 [internal function]: CodeIgniter\Debug\Exceptions->shutdownHandler()
#1 {main}
CRITICAL - 2023-06-08 18:41:52 --> Uncaught ErrorException: Undefined property: Config\Exceptions::$sensitiveDataInTrace in C:\Users\hp\Documents\code_igniter\SBR_code_igniter_4\vendor\codeigniter4\framework\system\Debug\Exceptions.php:242
Stack trace:
#0 C:\Users\hp\Documents\code_igniter\SBR_code_igniter_4\vendor\codeigniter4\framework\system\Debug\Exceptions.php(242): CodeIgniter\Debug\Exceptions->errorHandler(2, 'Undefined prope...', 'C:\\Users\\hp\\Doc...', 242)
#1 C:\Users\hp\Documents\code_igniter\SBR_code_igniter_4\vendor\codeigniter4\framework\system\Debug\Exceptions.php(225): CodeIgniter\Debug\Exceptions->collectVars(Object(CodeIgniter\Exceptions\PageNotFoundException), 404)
#2 C:\Users\hp\Documents\code_igniter\SBR_code_igniter_4\vendor\codeigniter4\framework\system\Debug\Exceptions.php(232): CodeIgniter\Debug\Exceptions->CodeIgniter\Debug\{closure}()
#3 C:\Users\hp\Documents\code_igniter\SBR_code_igniter_4\vendor\codeigniter4\framework\system\Debug\Exceptions.php(116): CodeIgniter\Debug\Exceptions->render(Object(CodeIgniter\Exceptions\PageNotFoundException), 404)
#4 [internal function]: CodeIgniter\Debug\Exceptions->exceptionHandler(Object(CodeIgniter\Exceptions\PageNotFoundException))
#5 {main}
  thrown
#0 [internal function]: CodeIgniter\Debug\Exceptions->shutdownHandler()
#1 {main}
CRITICAL - 2023-06-08 18:42:15 --> Uncaught ErrorException: Undefined property: Config\Exceptions::$sensitiveDataInTrace in C:\Users\hp\Documents\code_igniter\SBR_code_igniter_4\vendor\codeigniter4\framework\system\Debug\Exceptions.php:242
Stack trace:
#0 C:\Users\hp\Documents\code_igniter\SBR_code_igniter_4\vendor\codeigniter4\framework\system\Debug\Exceptions.php(242): CodeIgniter\Debug\Exceptions->errorHandler(2, 'Undefined prope...', 'C:\\Users\\hp\\Doc...', 242)
#1 C:\Users\hp\Documents\code_igniter\SBR_code_igniter_4\vendor\codeigniter4\framework\system\Debug\Exceptions.php(225): CodeIgniter\Debug\Exceptions->collectVars(Object(CodeIgniter\Exceptions\PageNotFoundException), 404)
#2 C:\Users\hp\Documents\code_igniter\SBR_code_igniter_4\vendor\codeigniter4\framework\system\Debug\Exceptions.php(232): CodeIgniter\Debug\Exceptions->CodeIgniter\Debug\{closure}()
#3 C:\Users\hp\Documents\code_igniter\SBR_code_igniter_4\vendor\codeigniter4\framework\system\Debug\Exceptions.php(116): CodeIgniter\Debug\Exceptions->render(Object(CodeIgniter\Exceptions\PageNotFoundException), 404)
#4 [internal function]: CodeIgniter\Debug\Exceptions->exceptionHandler(Object(CodeIgniter\Exceptions\PageNotFoundException))
#5 {main}
  thrown
#0 [internal function]: CodeIgniter\Debug\Exceptions->shutdownHandler()
#1 {main}
CRITICAL - 2023-06-08 18:43:35 --> Undefined property: App\Controllers\Admin\ParkedInGarage::$bikesModel
#0 C:\Users\hp\Documents\code_igniter\SBR_code_igniter_4\app\Controllers\Admin\ParkedInGarage.php(22): CodeIgniter\Debug\Exceptions->errorHandler(2, 'Undefined prope...', 'C:\\Users\\hp\\Doc...', 22)
#1 C:\Users\hp\Documents\code_igniter\SBR_code_igniter_4\vendor\codeigniter4\framework\system\CodeIgniter.php(824): App\Controllers\Admin\ParkedInGarage->addRecords()
#2 C:\Users\hp\Documents\code_igniter\SBR_code_igniter_4\vendor\codeigniter4\framework\system\CodeIgniter.php(410): CodeIgniter\CodeIgniter->runController(Object(App\Controllers\Admin\ParkedInGarage))
#3 C:\Users\hp\Documents\code_igniter\SBR_code_igniter_4\vendor\codeigniter4\framework\system\CodeIgniter.php(318): CodeIgniter\CodeIgniter->handleRequest(NULL, Object(Config\Cache), false)
#4 C:\Users\hp\Documents\code_igniter\SBR_code_igniter_4\public\index.php(43): CodeIgniter\CodeIgniter->run()
#5 {main}
CRITICAL - 2023-06-08 18:43:35 --> Uncaught ErrorException: Undefined property: Config\Exceptions::$sensitiveDataInTrace in C:\Users\hp\Documents\code_igniter\SBR_code_igniter_4\vendor\codeigniter4\framework\system\Debug\Exceptions.php:242
Stack trace:
#0 C:\Users\hp\Documents\code_igniter\SBR_code_igniter_4\vendor\codeigniter4\framework\system\Debug\Exceptions.php(242): CodeIgniter\Debug\Exceptions->errorHandler(2, 'Undefined prope...', 'C:\\Users\\hp\\Doc...', 242)
#1 C:\Users\hp\Documents\code_igniter\SBR_code_igniter_4\vendor\codeigniter4\framework\system\Debug\Exceptions.php(225): CodeIgniter\Debug\Exceptions->collectVars(Object(ErrorException), 500)
#2 C:\Users\hp\Documents\code_igniter\SBR_code_igniter_4\vendor\codeigniter4\framework\system\Debug\Exceptions.php(232): CodeIgniter\Debug\Exceptions->CodeIgniter\Debug\{closure}()
#3 C:\Users\hp\Documents\code_igniter\SBR_code_igniter_4\vendor\codeigniter4\framework\system\Debug\Exceptions.php(116): CodeIgniter\Debug\Exceptions->render(Object(ErrorException), 500)
#4 [internal function]: CodeIgniter\Debug\Exceptions->exceptionHandler(Object(ErrorException))
#5 {main}
  thrown
#0 [internal function]: CodeIgniter\Debug\Exceptions->shutdownHandler()
#1 {main}
CRITICAL - 2023-06-08 18:46:08 --> Undefined variable $currentBikes
#0 C:\Users\hp\Documents\code_igniter\SBR_code_igniter_4\app\Views\Admin\ParkedInGarage\inputRecords.php(17): CodeIgniter\Debug\Exceptions->errorHandler(2, 'Undefined varia...', 'C:\\Users\\hp\\Doc...', 17)
#1 C:\Users\hp\Documents\code_igniter\SBR_code_igniter_4\vendor\codeigniter4\framework\system\View\View.php(214): include('C:\\Users\\hp\\Doc...')
#2 C:\Users\hp\Documents\code_igniter\SBR_code_igniter_4\vendor\codeigniter4\framework\system\View\View.php(217): CodeIgniter\View\View->CodeIgniter\View\{closure}()
#3 C:\Users\hp\Documents\code_igniter\SBR_code_igniter_4\vendor\codeigniter4\framework\system\Common.php(1097): CodeIgniter\View\View->render('Admin/ParkedInG...', Array, true)
#4 C:\Users\hp\Documents\code_igniter\SBR_code_igniter_4\app\Controllers\Admin\ParkedInGarage.php(23): view('Admin/ParkedInG...', Array)
#5 C:\Users\hp\Documents\code_igniter\SBR_code_igniter_4\vendor\codeigniter4\framework\system\CodeIgniter.php(824): App\Controllers\Admin\ParkedInGarage->addRecords()
#6 C:\Users\hp\Documents\code_igniter\SBR_code_igniter_4\vendor\codeigniter4\framework\system\CodeIgniter.php(410): CodeIgniter\CodeIgniter->runController(Object(App\Controllers\Admin\ParkedInGarage))
#7 C:\Users\hp\Documents\code_igniter\SBR_code_igniter_4\vendor\codeigniter4\framework\system\CodeIgniter.php(318): CodeIgniter\CodeIgniter->handleRequest(NULL, Object(Config\Cache), false)
#8 C:\Users\hp\Documents\code_igniter\SBR_code_igniter_4\public\index.php(43): CodeIgniter\CodeIgniter->run()
#9 {main}
CRITICAL - 2023-06-08 18:46:08 --> Uncaught ErrorException: Undefined property: Config\Exceptions::$sensitiveDataInTrace in C:\Users\hp\Documents\code_igniter\SBR_code_igniter_4\vendor\codeigniter4\framework\system\Debug\Exceptions.php:242
Stack trace:
#0 C:\Users\hp\Documents\code_igniter\SBR_code_igniter_4\vendor\codeigniter4\framework\system\Debug\Exceptions.php(242): CodeIgniter\Debug\Exceptions->errorHandler(2, 'Undefined prope...', 'C:\\Users\\hp\\Doc...', 242)
#1 C:\Users\hp\Documents\code_igniter\SBR_code_igniter_4\vendor\codeigniter4\framework\system\Debug\Exceptions.php(225): CodeIgniter\Debug\Exceptions->collectVars(Object(ErrorException), 500)
#2 C:\Users\hp\Documents\code_igniter\SBR_code_igniter_4\vendor\codeigniter4\framework\system\Debug\Exceptions.php(232): CodeIgniter\Debug\Exceptions->CodeIgniter\Debug\{closure}()
#3 C:\Users\hp\Documents\code_igniter\SBR_code_igniter_4\vendor\codeigniter4\framework\system\Debug\Exceptions.php(116): CodeIgniter\Debug\Exceptions->render(Object(ErrorException), 500)
#4 [internal function]: CodeIgniter\Debug\Exceptions->exceptionHandler(Object(ErrorException))
#5 {main}
  thrown
#0 [internal function]: CodeIgniter\Debug\Exceptions->shutdownHandler()
#1 {main}
CRITICAL - 2023-06-08 18:47:26 --> Undefined variable $currentBikes
#0 C:\Users\hp\Documents\code_igniter\SBR_code_igniter_4\app\Views\Admin\ParkedInGarage\inputRecords.php(17): CodeIgniter\Debug\Exceptions->errorHandler(2, 'Undefined varia...', 'C:\\Users\\hp\\Doc...', 17)
#1 C:\Users\hp\Documents\code_igniter\SBR_code_igniter_4\vendor\codeigniter4\framework\system\View\View.php(214): include('C:\\Users\\hp\\Doc...')
#2 C:\Users\hp\Documents\code_igniter\SBR_code_igniter_4\vendor\codeigniter4\framework\system\View\View.php(217): CodeIgniter\View\View->CodeIgniter\View\{closure}()
#3 C:\Users\hp\Documents\code_igniter\SBR_code_igniter_4\vendor\codeigniter4\framework\system\Common.php(1097): CodeIgniter\View\View->render('Admin/ParkedInG...', Array, true)
#4 C:\Users\hp\Documents\code_igniter\SBR_code_igniter_4\app\Controllers\Admin\ParkedInGarage.php(24): view('Admin/ParkedInG...', Array)
#5 C:\Users\hp\Documents\code_igniter\SBR_code_igniter_4\vendor\codeigniter4\framework\system\CodeIgniter.php(824): App\Controllers\Admin\ParkedInGarage->addRecords()
#6 C:\Users\hp\Documents\code_igniter\SBR_code_igniter_4\vendor\codeigniter4\framework\system\CodeIgniter.php(410): CodeIgniter\CodeIgniter->runController(Object(App\Controllers\Admin\ParkedInGarage))
#7 C:\Users\hp\Documents\code_igniter\SBR_code_igniter_4\vendor\codeigniter4\framework\system\CodeIgniter.php(318): CodeIgniter\CodeIgniter->handleRequest(NULL, Object(Config\Cache), false)
#8 C:\Users\hp\Documents\code_igniter\SBR_code_igniter_4\public\index.php(43): CodeIgniter\CodeIgniter->run()
#9 {main}
CRITICAL - 2023-06-08 18:47:26 --> Uncaught ErrorException: Undefined property: Config\Exceptions::$sensitiveDataInTrace in C:\Users\hp\Documents\code_igniter\SBR_code_igniter_4\vendor\codeigniter4\framework\system\Debug\Exceptions.php:242
Stack trace:
#0 C:\Users\hp\Documents\code_igniter\SBR_code_igniter_4\vendor\codeigniter4\framework\system\Debug\Exceptions.php(242): CodeIgniter\Debug\Exceptions->errorHandler(2, 'Undefined prope...', 'C:\\Users\\hp\\Doc...', 242)
#1 C:\Users\hp\Documents\code_igniter\SBR_code_igniter_4\vendor\codeigniter4\framework\system\Debug\Exceptions.php(225): CodeIgniter\Debug\Exceptions->collectVars(Object(ErrorException), 500)
#2 C:\Users\hp\Documents\code_igniter\SBR_code_igniter_4\vendor\codeigniter4\framework\system\Debug\Exceptions.php(232): CodeIgniter\Debug\Exceptions->CodeIgniter\Debug\{closure}()
#3 C:\Users\hp\Documents\code_igniter\SBR_code_igniter_4\vendor\codeigniter4\framework\system\Debug\Exceptions.php(116): CodeIgniter\Debug\Exceptions->render(Object(ErrorException), 500)
#4 [internal function]: CodeIgniter\Debug\Exceptions->exceptionHandler(Object(ErrorException))
#5 {main}
  thrown
#0 [internal function]: CodeIgniter\Debug\Exceptions->shutdownHandler()
#1 {main}
CRITICAL - 2023-06-08 18:53:28 --> Undefined variable $currentBikes
#0 C:\Users\hp\Documents\code_igniter\SBR_code_igniter_4\app\Views\Admin\ParkedInGarage\inputRecords.php(17): CodeIgniter\Debug\Exceptions->errorHandler(2, 'Undefined varia...', 'C:\\Users\\hp\\Doc...', 17)
#1 C:\Users\hp\Documents\code_igniter\SBR_code_igniter_4\vendor\codeigniter4\framework\system\View\View.php(214): include('C:\\Users\\hp\\Doc...')
#2 C:\Users\hp\Documents\code_igniter\SBR_code_igniter_4\vendor\codeigniter4\framework\system\View\View.php(217): CodeIgniter\View\View->CodeIgniter\View\{closure}()
#3 C:\Users\hp\Documents\code_igniter\SBR_code_igniter_4\vendor\codeigniter4\framework\system\Common.php(1097): CodeIgniter\View\View->render('Admin/ParkedInG...', Array, true)
#4 C:\Users\hp\Documents\code_igniter\SBR_code_igniter_4\app\Controllers\Admin\ParkedInGarage.php(23): view('Admin/ParkedInG...', Array)
#5 C:\Users\hp\Documents\code_igniter\SBR_code_igniter_4\vendor\codeigniter4\framework\system\CodeIgniter.php(824): App\Controllers\Admin\ParkedInGarage->addRecords()
#6 C:\Users\hp\Documents\code_igniter\SBR_code_igniter_4\vendor\codeigniter4\framework\system\CodeIgniter.php(410): CodeIgniter\CodeIgniter->runController(Object(App\Controllers\Admin\ParkedInGarage))
#7 C:\Users\hp\Documents\code_igniter\SBR_code_igniter_4\vendor\codeigniter4\framework\system\CodeIgniter.php(318): CodeIgniter\CodeIgniter->handleRequest(NULL, Object(Config\Cache), false)
#8 C:\Users\hp\Documents\code_igniter\SBR_code_igniter_4\public\index.php(43): CodeIgniter\CodeIgniter->run()
#9 {main}
CRITICAL - 2023-06-08 18:53:28 --> Uncaught ErrorException: Undefined property: Config\Exceptions::$sensitiveDataInTrace in C:\Users\hp\Documents\code_igniter\SBR_code_igniter_4\vendor\codeigniter4\framework\system\Debug\Exceptions.php:242
Stack trace:
#0 C:\Users\hp\Documents\code_igniter\SBR_code_igniter_4\vendor\codeigniter4\framework\system\Debug\Exceptions.php(242): CodeIgniter\Debug\Exceptions->errorHandler(2, 'Undefined prope...', 'C:\\Users\\hp\\Doc...', 242)
#1 C:\Users\hp\Documents\code_igniter\SBR_code_igniter_4\vendor\codeigniter4\framework\system\Debug\Exceptions.php(225): CodeIgniter\Debug\Exceptions->collectVars(Object(ErrorException), 500)
#2 C:\Users\hp\Documents\code_igniter\SBR_code_igniter_4\vendor\codeigniter4\framework\system\Debug\Exceptions.php(232): CodeIgniter\Debug\Exceptions->CodeIgniter\Debug\{closure}()
#3 C:\Users\hp\Documents\code_igniter\SBR_code_igniter_4\vendor\codeigniter4\framework\system\Debug\Exceptions.php(116): CodeIgniter\Debug\Exceptions->render(Object(ErrorException), 500)
#4 [internal function]: CodeIgniter\Debug\Exceptions->exceptionHandler(Object(ErrorException))
#5 {main}
  thrown
#0 [internal function]: CodeIgniter\Debug\Exceptions->shutdownHandler()
#1 {main}
CRITICAL - 2023-06-08 18:55:32 --> Undefined variable $currentBikes
#0 C:\Users\hp\Documents\code_igniter\SBR_code_igniter_4\app\Views\Admin\ParkedInGarage\inputRecords.php(17): CodeIgniter\Debug\Exceptions->errorHandler(2, 'Undefined varia...', 'C:\\Users\\hp\\Doc...', 17)
#1 C:\Users\hp\Documents\code_igniter\SBR_code_igniter_4\vendor\codeigniter4\framework\system\View\View.php(214): include('C:\\Users\\hp\\Doc...')
#2 C:\Users\hp\Documents\code_igniter\SBR_code_igniter_4\vendor\codeigniter4\framework\system\View\View.php(217): CodeIgniter\View\View->CodeIgniter\View\{closure}()
#3 C:\Users\hp\Documents\code_igniter\SBR_code_igniter_4\vendor\codeigniter4\framework\system\Common.php(1097): CodeIgniter\View\View->render('Admin/ParkedInG...', Array, true)
#4 C:\Users\hp\Documents\code_igniter\SBR_code_igniter_4\app\Controllers\Admin\ParkedInGarage.php(23): view('Admin/ParkedInG...', Array)
#5 C:\Users\hp\Documents\code_igniter\SBR_code_igniter_4\vendor\codeigniter4\framework\system\CodeIgniter.php(824): App\Controllers\Admin\ParkedInGarage->addRecords()
#6 C:\Users\hp\Documents\code_igniter\SBR_code_igniter_4\vendor\codeigniter4\framework\system\CodeIgniter.php(410): CodeIgniter\CodeIgniter->runController(Object(App\Controllers\Admin\ParkedInGarage))
#7 C:\Users\hp\Documents\code_igniter\SBR_code_igniter_4\vendor\codeigniter4\framework\system\CodeIgniter.php(318): CodeIgniter\CodeIgniter->handleRequest(NULL, Object(Config\Cache), false)
#8 C:\Users\hp\Documents\code_igniter\SBR_code_igniter_4\public\index.php(43): CodeIgniter\CodeIgniter->run()
#9 {main}
CRITICAL - 2023-06-08 18:55:32 --> Uncaught ErrorException: Undefined property: Config\Exceptions::$sensitiveDataInTrace in C:\Users\hp\Documents\code_igniter\SBR_code_igniter_4\vendor\codeigniter4\framework\system\Debug\Exceptions.php:242
Stack trace:
#0 C:\Users\hp\Documents\code_igniter\SBR_code_igniter_4\vendor\codeigniter4\framework\system\Debug\Exceptions.php(242): CodeIgniter\Debug\Exceptions->errorHandler(2, 'Undefined prope...', 'C:\\Users\\hp\\Doc...', 242)
#1 C:\Users\hp\Documents\code_igniter\SBR_code_igniter_4\vendor\codeigniter4\framework\system\Debug\Exceptions.php(225): CodeIgniter\Debug\Exceptions->collectVars(Object(ErrorException), 500)
#2 C:\Users\hp\Documents\code_igniter\SBR_code_igniter_4\vendor\codeigniter4\framework\system\Debug\Exceptions.php(232): CodeIgniter\Debug\Exceptions->CodeIgniter\Debug\{closure}()
#3 C:\Users\hp\Documents\code_igniter\SBR_code_igniter_4\vendor\codeigniter4\framework\system\Debug\Exceptions.php(116): CodeIgniter\Debug\Exceptions->render(Object(ErrorException), 500)
#4 [internal function]: CodeIgniter\Debug\Exceptions->exceptionHandler(Object(ErrorException))
#5 {main}
  thrown
#0 [internal function]: CodeIgniter\Debug\Exceptions->shutdownHandler()
#1 {main}
CRITICAL - 2023-06-08 19:02:19 --> Undefined variable $currentBikes
#0 C:\Users\hp\Documents\code_igniter\SBR_code_igniter_4\app\Views\Admin\ParkedInGarage\inputRecords.php(17): CodeIgniter\Debug\Exceptions->errorHandler(2, 'Undefined varia...', 'C:\\Users\\hp\\Doc...', 17)
#1 C:\Users\hp\Documents\code_igniter\SBR_code_igniter_4\vendor\codeigniter4\framework\system\View\View.php(214): include('C:\\Users\\hp\\Doc...')
#2 C:\Users\hp\Documents\code_igniter\SBR_code_igniter_4\vendor\codeigniter4\framework\system\View\View.php(217): CodeIgniter\View\View->CodeIgniter\View\{closure}()
#3 C:\Users\hp\Documents\code_igniter\SBR_code_igniter_4\vendor\codeigniter4\framework\system\Common.php(1097): CodeIgniter\View\View->render('Admin/ParkedInG...', Array, true)
#4 C:\Users\hp\Documents\code_igniter\SBR_code_igniter_4\app\Controllers\Admin\ParkedInGarage.php(23): view('Admin/ParkedInG...', Array)
#5 C:\Users\hp\Documents\code_igniter\SBR_code_igniter_4\vendor\codeigniter4\framework\system\CodeIgniter.php(824): App\Controllers\Admin\ParkedInGarage->addRecords()
#6 C:\Users\hp\Documents\code_igniter\SBR_code_igniter_4\vendor\codeigniter4\framework\system\CodeIgniter.php(410): CodeIgniter\CodeIgniter->runController(Object(App\Controllers\Admin\ParkedInGarage))
#7 C:\Users\hp\Documents\code_igniter\SBR_code_igniter_4\vendor\codeigniter4\framework\system\CodeIgniter.php(318): CodeIgniter\CodeIgniter->handleRequest(NULL, Object(Config\Cache), false)
#8 C:\Users\hp\Documents\code_igniter\SBR_code_igniter_4\public\index.php(43): CodeIgniter\CodeIgniter->run()
#9 {main}
CRITICAL - 2023-06-08 19:02:19 --> Uncaught ErrorException: Undefined property: Config\Exceptions::$sensitiveDataInTrace in C:\Users\hp\Documents\code_igniter\SBR_code_igniter_4\vendor\codeigniter4\framework\system\Debug\Exceptions.php:242
Stack trace:
#0 C:\Users\hp\Documents\code_igniter\SBR_code_igniter_4\vendor\codeigniter4\framework\system\Debug\Exceptions.php(242): CodeIgniter\Debug\Exceptions->errorHandler(2, 'Undefined prope...', 'C:\\Users\\hp\\Doc...', 242)
#1 C:\Users\hp\Documents\code_igniter\SBR_code_igniter_4\vendor\codeigniter4\framework\system\Debug\Exceptions.php(225): CodeIgniter\Debug\Exceptions->collectVars(Object(ErrorException), 500)
#2 C:\Users\hp\Documents\code_igniter\SBR_code_igniter_4\vendor\codeigniter4\framework\system\Debug\Exceptions.php(232): CodeIgniter\Debug\Exceptions->CodeIgniter\Debug\{closure}()
#3 C:\Users\hp\Documents\code_igniter\SBR_code_igniter_4\vendor\codeigniter4\framework\system\Debug\Exceptions.php(116): CodeIgniter\Debug\Exceptions->render(Object(ErrorException), 500)
#4 [internal function]: CodeIgniter\Debug\Exceptions->exceptionHandler(Object(ErrorException))
#5 {main}
  thrown
#0 [internal function]: CodeIgniter\Debug\Exceptions->shutdownHandler()
#1 {main}
ERROR - 2023-06-08 20:59:12 --> Duplicate entry '51M4-7749' for key 'PRIMARY'
CRITICAL - 2023-06-08 20:59:12 --> Duplicate entry '51M4-7749' for key 'PRIMARY'
#0 C:\Users\hp\Documents\code_igniter\SBR_code_igniter_4\vendor\codeigniter4\framework\system\Database\MySQLi\Connection.php(292): mysqli->query('INSERT INTO `pa...', 0)
#1 C:\Users\hp\Documents\code_igniter\SBR_code_igniter_4\vendor\codeigniter4\framework\system\Database\BaseConnection.php(670): CodeIgniter\Database\MySQLi\Connection->execute('INSERT INTO `pa...')
#2 C:\Users\hp\Documents\code_igniter\SBR_code_igniter_4\vendor\codeigniter4\framework\system\Database\BaseConnection.php(598): CodeIgniter\Database\BaseConnection->simpleQuery('INSERT INTO `pa...')
#3 C:\Users\hp\Documents\code_igniter\SBR_code_igniter_4\vendor\codeigniter4\framework\system\Database\BaseBuilder.php(1759): CodeIgniter\Database\BaseConnection->query('INSERT INTO `pa...', Array, false)
#4 C:\Users\hp\Documents\code_igniter\SBR_code_igniter_4\vendor\codeigniter4\framework\system\Model.php(239): CodeIgniter\Database\BaseBuilder->insert()
#5 C:\Users\hp\Documents\code_igniter\SBR_code_igniter_4\vendor\codeigniter4\framework\system\BaseModel.php(738): CodeIgniter\Model->doInsert(Array)
#6 C:\Users\hp\Documents\code_igniter\SBR_code_igniter_4\vendor\codeigniter4\framework\system\Model.php(620): CodeIgniter\BaseModel->insert(Array, true)
#7 C:\Users\hp\Documents\code_igniter\SBR_code_igniter_4\app\Controllers\Admin\ParkedInGarage.php(41): CodeIgniter\Model->insert(Object(App\Entities\ParkingRecord))
#8 C:\Users\hp\Documents\code_igniter\SBR_code_igniter_4\vendor\codeigniter4\framework\system\CodeIgniter.php(824): App\Controllers\Admin\ParkedInGarage->saveRecords()
#9 C:\Users\hp\Documents\code_igniter\SBR_code_igniter_4\vendor\codeigniter4\framework\system\CodeIgniter.php(410): CodeIgniter\CodeIgniter->runController(Object(App\Controllers\Admin\ParkedInGarage))
#10 C:\Users\hp\Documents\code_igniter\SBR_code_igniter_4\vendor\codeigniter4\framework\system\CodeIgniter.php(318): CodeIgniter\CodeIgniter->handleRequest(NULL, Object(Config\Cache), false)
#11 C:\Users\hp\Documents\code_igniter\SBR_code_igniter_4\public\index.php(43): CodeIgniter\CodeIgniter->run()
#12 {main}
CRITICAL - 2023-06-08 20:59:12 --> Uncaught ErrorException: Undefined property: Config\Exceptions::$sensitiveDataInTrace in C:\Users\hp\Documents\code_igniter\SBR_code_igniter_4\vendor\codeigniter4\framework\system\Debug\Exceptions.php:242
Stack trace:
#0 C:\Users\hp\Documents\code_igniter\SBR_code_igniter_4\vendor\codeigniter4\framework\system\Debug\Exceptions.php(242): CodeIgniter\Debug\Exceptions->errorHandler(2, 'Undefined prope...', 'C:\\Users\\hp\\Doc...', 242)
#1 C:\Users\hp\Documents\code_igniter\SBR_code_igniter_4\vendor\codeigniter4\framework\system\Debug\Exceptions.php(110): CodeIgniter\Debug\Exceptions->collectVars(Object(mysqli_sql_exception), 500)
#2 [internal function]: CodeIgniter\Debug\Exceptions->exceptionHandler(Object(mysqli_sql_exception))
#3 {main}
  thrown
#0 [internal function]: CodeIgniter\Debug\Exceptions->shutdownHandler()
#1 {main}
ERROR - 2023-06-08 21:00:23 --> Duplicate entry '59T2-23495' for key 'PRIMARY'
CRITICAL - 2023-06-08 21:00:23 --> Duplicate entry '59T2-23495' for key 'PRIMARY'
#0 C:\Users\hp\Documents\code_igniter\SBR_code_igniter_4\vendor\codeigniter4\framework\system\Database\MySQLi\Connection.php(292): mysqli->query('INSERT INTO `pa...', 0)
#1 C:\Users\hp\Documents\code_igniter\SBR_code_igniter_4\vendor\codeigniter4\framework\system\Database\BaseConnection.php(670): CodeIgniter\Database\MySQLi\Connection->execute('INSERT INTO `pa...')
#2 C:\Users\hp\Documents\code_igniter\SBR_code_igniter_4\vendor\codeigniter4\framework\system\Database\BaseConnection.php(598): CodeIgniter\Database\BaseConnection->simpleQuery('INSERT INTO `pa...')
#3 C:\Users\hp\Documents\code_igniter\SBR_code_igniter_4\vendor\codeigniter4\framework\system\Database\BaseBuilder.php(1759): CodeIgniter\Database\BaseConnection->query('INSERT INTO `pa...', Array, false)
#4 C:\Users\hp\Documents\code_igniter\SBR_code_igniter_4\vendor\codeigniter4\framework\system\Model.php(239): CodeIgniter\Database\BaseBuilder->insert()
#5 C:\Users\hp\Documents\code_igniter\SBR_code_igniter_4\vendor\codeigniter4\framework\system\BaseModel.php(738): CodeIgniter\Model->doInsert(Array)
#6 C:\Users\hp\Documents\code_igniter\SBR_code_igniter_4\vendor\codeigniter4\framework\system\Model.php(620): CodeIgniter\BaseModel->insert(Array, true)
#7 C:\Users\hp\Documents\code_igniter\SBR_code_igniter_4\app\Controllers\Admin\ParkedInGarage.php(41): CodeIgniter\Model->insert(Object(App\Entities\ParkingRecord))
#8 C:\Users\hp\Documents\code_igniter\SBR_code_igniter_4\vendor\codeigniter4\framework\system\CodeIgniter.php(824): App\Controllers\Admin\ParkedInGarage->saveRecords()
#9 C:\Users\hp\Documents\code_igniter\SBR_code_igniter_4\vendor\codeigniter4\framework\system\CodeIgniter.php(410): CodeIgniter\CodeIgniter->runController(Object(App\Controllers\Admin\ParkedInGarage))
#10 C:\Users\hp\Documents\code_igniter\SBR_code_igniter_4\vendor\codeigniter4\framework\system\CodeIgniter.php(318): CodeIgniter\CodeIgniter->handleRequest(NULL, Object(Config\Cache), false)
#11 C:\Users\hp\Documents\code_igniter\SBR_code_igniter_4\public\index.php(43): CodeIgniter\CodeIgniter->run()
#12 {main}
CRITICAL - 2023-06-08 21:00:23 --> Uncaught ErrorException: Undefined property: Config\Exceptions::$sensitiveDataInTrace in C:\Users\hp\Documents\code_igniter\SBR_code_igniter_4\vendor\codeigniter4\framework\system\Debug\Exceptions.php:242
Stack trace:
#0 C:\Users\hp\Documents\code_igniter\SBR_code_igniter_4\vendor\codeigniter4\framework\system\Debug\Exceptions.php(242): CodeIgniter\Debug\Exceptions->errorHandler(2, 'Undefined prope...', 'C:\\Users\\hp\\Doc...', 242)
#1 C:\Users\hp\Documents\code_igniter\SBR_code_igniter_4\vendor\codeigniter4\framework\system\Debug\Exceptions.php(110): CodeIgniter\Debug\Exceptions->collectVars(Object(mysqli_sql_exception), 500)
#2 [internal function]: CodeIgniter\Debug\Exceptions->exceptionHandler(Object(mysqli_sql_exception))
#3 {main}
  thrown
#0 [internal function]: CodeIgniter\Debug\Exceptions->shutdownHandler()
#1 {main}
ERROR - 2023-06-08 21:01:07 --> Duplicate entry '54L6-7229' for key 'PRIMARY'
CRITICAL - 2023-06-08 21:01:07 --> Duplicate entry '54L6-7229' for key 'PRIMARY'
#0 C:\Users\hp\Documents\code_igniter\SBR_code_igniter_4\vendor\codeigniter4\framework\system\Database\MySQLi\Connection.php(292): mysqli->query('INSERT INTO `pa...', 0)
#1 C:\Users\hp\Documents\code_igniter\SBR_code_igniter_4\vendor\codeigniter4\framework\system\Database\BaseConnection.php(670): CodeIgniter\Database\MySQLi\Connection->execute('INSERT INTO `pa...')
#2 C:\Users\hp\Documents\code_igniter\SBR_code_igniter_4\vendor\codeigniter4\framework\system\Database\BaseConnection.php(598): CodeIgniter\Database\BaseConnection->simpleQuery('INSERT INTO `pa...')
#3 C:\Users\hp\Documents\code_igniter\SBR_code_igniter_4\vendor\codeigniter4\framework\system\Database\BaseBuilder.php(1759): CodeIgniter\Database\BaseConnection->query('INSERT INTO `pa...', Array, false)
#4 C:\Users\hp\Documents\code_igniter\SBR_code_igniter_4\vendor\codeigniter4\framework\system\Model.php(239): CodeIgniter\Database\BaseBuilder->insert()
#5 C:\Users\hp\Documents\code_igniter\SBR_code_igniter_4\vendor\codeigniter4\framework\system\BaseModel.php(738): CodeIgniter\Model->doInsert(Array)
#6 C:\Users\hp\Documents\code_igniter\SBR_code_igniter_4\vendor\codeigniter4\framework\system\Model.php(620): CodeIgniter\BaseModel->insert(Array, true)
#7 C:\Users\hp\Documents\code_igniter\SBR_code_igniter_4\app\Controllers\Admin\ParkedInGarage.php(41): CodeIgniter\Model->insert(Object(App\Entities\ParkingRecord))
#8 C:\Users\hp\Documents\code_igniter\SBR_code_igniter_4\vendor\codeigniter4\framework\system\CodeIgniter.php(824): App\Controllers\Admin\ParkedInGarage->saveRecords()
#9 C:\Users\hp\Documents\code_igniter\SBR_code_igniter_4\vendor\codeigniter4\framework\system\CodeIgniter.php(410): CodeIgniter\CodeIgniter->runController(Object(App\Controllers\Admin\ParkedInGarage))
#10 C:\Users\hp\Documents\code_igniter\SBR_code_igniter_4\vendor\codeigniter4\framework\system\CodeIgniter.php(318): CodeIgniter\CodeIgniter->handleRequest(NULL, Object(Config\Cache), false)
#11 C:\Users\hp\Documents\code_igniter\SBR_code_igniter_4\public\index.php(43): CodeIgniter\CodeIgniter->run()
#12 {main}
CRITICAL - 2023-06-08 21:01:07 --> Uncaught ErrorException: Undefined property: Config\Exceptions::$sensitiveDataInTrace in C:\Users\hp\Documents\code_igniter\SBR_code_igniter_4\vendor\codeigniter4\framework\system\Debug\Exceptions.php:242
Stack trace:
#0 C:\Users\hp\Documents\code_igniter\SBR_code_igniter_4\vendor\codeigniter4\framework\system\Debug\Exceptions.php(242): CodeIgniter\Debug\Exceptions->errorHandler(2, 'Undefined prope...', 'C:\\Users\\hp\\Doc...', 242)
#1 C:\Users\hp\Documents\code_igniter\SBR_code_igniter_4\vendor\codeigniter4\framework\system\Debug\Exceptions.php(110): CodeIgniter\Debug\Exceptions->collectVars(Object(mysqli_sql_exception), 500)
#2 [internal function]: CodeIgniter\Debug\Exceptions->exceptionHandler(Object(mysqli_sql_exception))
#3 {main}
  thrown
#0 [internal function]: CodeIgniter\Debug\Exceptions->shutdownHandler()
#1 {main}
ERROR - 2023-06-08 21:03:12 --> Duplicate entry '54L6-7229' for key 'PRIMARY'
CRITICAL - 2023-06-08 21:03:12 --> Duplicate entry '54L6-7229' for key 'PRIMARY'
#0 C:\Users\hp\Documents\code_igniter\SBR_code_igniter_4\vendor\codeigniter4\framework\system\Database\MySQLi\Connection.php(292): mysqli->query('INSERT INTO `pa...', 0)
#1 C:\Users\hp\Documents\code_igniter\SBR_code_igniter_4\vendor\codeigniter4\framework\system\Database\BaseConnection.php(670): CodeIgniter\Database\MySQLi\Connection->execute('INSERT INTO `pa...')
#2 C:\Users\hp\Documents\code_igniter\SBR_code_igniter_4\vendor\codeigniter4\framework\system\Database\BaseConnection.php(598): CodeIgniter\Database\BaseConnection->simpleQuery('INSERT INTO `pa...')
#3 C:\Users\hp\Documents\code_igniter\SBR_code_igniter_4\vendor\codeigniter4\framework\system\Database\BaseBuilder.php(1759): CodeIgniter\Database\BaseConnection->query('INSERT INTO `pa...', Array, false)
#4 C:\Users\hp\Documents\code_igniter\SBR_code_igniter_4\vendor\codeigniter4\framework\system\Model.php(239): CodeIgniter\Database\BaseBuilder->insert()
#5 C:\Users\hp\Documents\code_igniter\SBR_code_igniter_4\vendor\codeigniter4\framework\system\BaseModel.php(738): CodeIgniter\Model->doInsert(Array)
#6 C:\Users\hp\Documents\code_igniter\SBR_code_igniter_4\vendor\codeigniter4\framework\system\Model.php(620): CodeIgniter\BaseModel->insert(Array, true)
#7 C:\Users\hp\Documents\code_igniter\SBR_code_igniter_4\app\Controllers\Admin\ParkedInGarage.php(41): CodeIgniter\Model->insert(Object(App\Entities\ParkingRecord))
#8 C:\Users\hp\Documents\code_igniter\SBR_code_igniter_4\vendor\codeigniter4\framework\system\CodeIgniter.php(824): App\Controllers\Admin\ParkedInGarage->saveRecords()
#9 C:\Users\hp\Documents\code_igniter\SBR_code_igniter_4\vendor\codeigniter4\framework\system\CodeIgniter.php(410): CodeIgniter\CodeIgniter->runController(Object(App\Controllers\Admin\ParkedInGarage))
#10 C:\Users\hp\Documents\code_igniter\SBR_code_igniter_4\vendor\codeigniter4\framework\system\CodeIgniter.php(318): CodeIgniter\CodeIgniter->handleRequest(NULL, Object(Config\Cache), false)
#11 C:\Users\hp\Documents\code_igniter\SBR_code_igniter_4\public\index.php(43): CodeIgniter\CodeIgniter->run()
#12 {main}
CRITICAL - 2023-06-08 21:03:12 --> Uncaught ErrorException: Undefined property: Config\Exceptions::$sensitiveDataInTrace in C:\Users\hp\Documents\code_igniter\SBR_code_igniter_4\vendor\codeigniter4\framework\system\Debug\Exceptions.php:242
Stack trace:
#0 C:\Users\hp\Documents\code_igniter\SBR_code_igniter_4\vendor\codeigniter4\framework\system\Debug\Exceptions.php(242): CodeIgniter\Debug\Exceptions->errorHandler(2, 'Undefined prope...', 'C:\\Users\\hp\\Doc...', 242)
#1 C:\Users\hp\Documents\code_igniter\SBR_code_igniter_4\vendor\codeigniter4\framework\system\Debug\Exceptions.php(110): CodeIgniter\Debug\Exceptions->collectVars(Object(mysqli_sql_exception), 500)
#2 [internal function]: CodeIgniter\Debug\Exceptions->exceptionHandler(Object(mysqli_sql_exception))
#3 {main}
  thrown
#0 [internal function]: CodeIgniter\Debug\Exceptions->shutdownHandler()
#1 {main}
ERROR - 2023-06-08 21:03:47 --> Duplicate entry '54L6-7229' for key 'PRIMARY'
CRITICAL - 2023-06-08 21:03:47 --> Duplicate entry '54L6-7229' for key 'PRIMARY'
#0 C:\Users\hp\Documents\code_igniter\SBR_code_igniter_4\vendor\codeigniter4\framework\system\Database\MySQLi\Connection.php(292): mysqli->query('INSERT INTO `pa...', 0)
#1 C:\Users\hp\Documents\code_igniter\SBR_code_igniter_4\vendor\codeigniter4\framework\system\Database\BaseConnection.php(670): CodeIgniter\Database\MySQLi\Connection->execute('INSERT INTO `pa...')
#2 C:\Users\hp\Documents\code_igniter\SBR_code_igniter_4\vendor\codeigniter4\framework\system\Database\BaseConnection.php(598): CodeIgniter\Database\BaseConnection->simpleQuery('INSERT INTO `pa...')
#3 C:\Users\hp\Documents\code_igniter\SBR_code_igniter_4\vendor\codeigniter4\framework\system\Database\BaseBuilder.php(1759): CodeIgniter\Database\BaseConnection->query('INSERT INTO `pa...', Array, false)
#4 C:\Users\hp\Documents\code_igniter\SBR_code_igniter_4\vendor\codeigniter4\framework\system\Model.php(239): CodeIgniter\Database\BaseBuilder->insert()
#5 C:\Users\hp\Documents\code_igniter\SBR_code_igniter_4\vendor\codeigniter4\framework\system\BaseModel.php(738): CodeIgniter\Model->doInsert(Array)
#6 C:\Users\hp\Documents\code_igniter\SBR_code_igniter_4\vendor\codeigniter4\framework\system\Model.php(620): CodeIgniter\BaseModel->insert(Array, true)
#7 C:\Users\hp\Documents\code_igniter\SBR_code_igniter_4\app\Controllers\Admin\ParkedInGarage.php(41): CodeIgniter\Model->insert(Object(App\Entities\ParkingRecord))
#8 C:\Users\hp\Documents\code_igniter\SBR_code_igniter_4\vendor\codeigniter4\framework\system\CodeIgniter.php(824): App\Controllers\Admin\ParkedInGarage->saveRecords()
#9 C:\Users\hp\Documents\code_igniter\SBR_code_igniter_4\vendor\codeigniter4\framework\system\CodeIgniter.php(410): CodeIgniter\CodeIgniter->runController(Object(App\Controllers\Admin\ParkedInGarage))
#10 C:\Users\hp\Documents\code_igniter\SBR_code_igniter_4\vendor\codeigniter4\framework\system\CodeIgniter.php(318): CodeIgniter\CodeIgniter->handleRequest(NULL, Object(Config\Cache), false)
#11 C:\Users\hp\Documents\code_igniter\SBR_code_igniter_4\public\index.php(43): CodeIgniter\CodeIgniter->run()
#12 {main}
CRITICAL - 2023-06-08 21:03:47 --> Uncaught ErrorException: Undefined property: Config\Exceptions::$sensitiveDataInTrace in C:\Users\hp\Documents\code_igniter\SBR_code_igniter_4\vendor\codeigniter4\framework\system\Debug\Exceptions.php:242
Stack trace:
#0 C:\Users\hp\Documents\code_igniter\SBR_code_igniter_4\vendor\codeigniter4\framework\system\Debug\Exceptions.php(242): CodeIgniter\Debug\Exceptions->errorHandler(2, 'Undefined prope...', 'C:\\Users\\hp\\Doc...', 242)
#1 C:\Users\hp\Documents\code_igniter\SBR_code_igniter_4\vendor\codeigniter4\framework\system\Debug\Exceptions.php(110): CodeIgniter\Debug\Exceptions->collectVars(Object(mysqli_sql_exception), 500)
#2 [internal function]: CodeIgniter\Debug\Exceptions->exceptionHandler(Object(mysqli_sql_exception))
#3 {main}
  thrown
#0 [internal function]: CodeIgniter\Debug\Exceptions->shutdownHandler()
#1 {main}
