CRITICAL - 2021-11-01 10:28:57 --> Undefined variable $bikeModels
#0 C:\Users\Admin\Documents\code_igniter\SBR_code_igniter_4\app\Views\Admin\BikeValuations\getRecord.php(46): CodeIgniter\Debug\Exceptions->errorHandler(2, 'Undefined varia...', 'C:\\Users\\Admin\\...', 46)
#1 C:\Users\Admin\Documents\code_igniter\SBR_code_igniter_4\vendor\codeigniter4\framework\system\View\View.php(220): include('C:\\Users\\Admin\\...')
#2 C:\Users\Admin\Documents\code_igniter\SBR_code_igniter_4\vendor\codeigniter4\framework\system\View\View.php(222): CodeIgniter\View\View->CodeIgniter\View\{closure}()
#3 C:\Users\Admin\Documents\code_igniter\SBR_code_igniter_4\vendor\codeigniter4\framework\system\Common.php(1217): CodeIgniter\View\View->render('Admin/BikeValua...', Array, true)
#4 C:\Users\Admin\Documents\code_igniter\SBR_code_igniter_4\app\Controllers\Admin\BikeValuations.php(21): view('Admin/BikeValua...', Array)
#5 C:\Users\Admin\Documents\code_igniter\SBR_code_igniter_4\vendor\codeigniter4\framework\system\CodeIgniter.php(936): App\Controllers\Admin\BikeValuations->getRecord()
#6 C:\Users\Admin\Documents\code_igniter\SBR_code_igniter_4\vendor\codeigniter4\framework\system\CodeIgniter.php(432): CodeIgniter\CodeIgniter->runController(Object(App\Controllers\Admin\BikeValuations))
#7 C:\Users\Admin\Documents\code_igniter\SBR_code_igniter_4\vendor\codeigniter4\framework\system\CodeIgniter.php(333): CodeIgniter\CodeIgniter->handleRequest(NULL, Object(Config\Cache), false)
#8 C:\Users\Admin\Documents\code_igniter\SBR_code_igniter_4\public\index.php(44): CodeIgniter\CodeIgniter->run()
#9 {main}
CRITICAL - 2021-11-01 10:30:34 --> Undefined variable $bikeModels
#0 C:\Users\Admin\Documents\code_igniter\SBR_code_igniter_4\app\Views\Admin\BikeValuations\getRecord.php(46): CodeIgniter\Debug\Exceptions->errorHandler(2, 'Undefined varia...', 'C:\\Users\\Admin\\...', 46)
#1 C:\Users\Admin\Documents\code_igniter\SBR_code_igniter_4\vendor\codeigniter4\framework\system\View\View.php(220): include('C:\\Users\\Admin\\...')
#2 C:\Users\Admin\Documents\code_igniter\SBR_code_igniter_4\vendor\codeigniter4\framework\system\View\View.php(222): CodeIgniter\View\View->CodeIgniter\View\{closure}()
#3 C:\Users\Admin\Documents\code_igniter\SBR_code_igniter_4\vendor\codeigniter4\framework\system\Common.php(1217): CodeIgniter\View\View->render('Admin/BikeValua...', Array, true)
#4 C:\Users\Admin\Documents\code_igniter\SBR_code_igniter_4\app\Controllers\Admin\BikeValuations.php(21): view('Admin/BikeValua...', Array)
#5 C:\Users\Admin\Documents\code_igniter\SBR_code_igniter_4\vendor\codeigniter4\framework\system\CodeIgniter.php(936): App\Controllers\Admin\BikeValuations->getRecord()
#6 C:\Users\Admin\Documents\code_igniter\SBR_code_igniter_4\vendor\codeigniter4\framework\system\CodeIgniter.php(432): CodeIgniter\CodeIgniter->runController(Object(App\Controllers\Admin\BikeValuations))
#7 C:\Users\Admin\Documents\code_igniter\SBR_code_igniter_4\vendor\codeigniter4\framework\system\CodeIgniter.php(333): CodeIgniter\CodeIgniter->handleRequest(NULL, Object(Config\Cache), false)
#8 C:\Users\Admin\Documents\code_igniter\SBR_code_igniter_4\public\index.php(44): CodeIgniter\CodeIgniter->run()
#9 {main}
CRITICAL - 2021-11-01 10:31:55 --> Attempt to read property "model" on null
#0 C:\Users\Admin\Documents\code_igniter\SBR_code_igniter_4\app\Views\Admin\BikeValuations\getRecord.php(47): CodeIgniter\Debug\Exceptions->errorHandler(2, 'Attempt to read...', 'C:\\Users\\Admin\\...', 47)
#1 C:\Users\Admin\Documents\code_igniter\SBR_code_igniter_4\vendor\codeigniter4\framework\system\View\View.php(220): include('C:\\Users\\Admin\\...')
#2 C:\Users\Admin\Documents\code_igniter\SBR_code_igniter_4\vendor\codeigniter4\framework\system\View\View.php(222): CodeIgniter\View\View->CodeIgniter\View\{closure}()
#3 C:\Users\Admin\Documents\code_igniter\SBR_code_igniter_4\vendor\codeigniter4\framework\system\Common.php(1217): CodeIgniter\View\View->render('Admin/BikeValua...', Array, true)
#4 C:\Users\Admin\Documents\code_igniter\SBR_code_igniter_4\app\Controllers\Admin\BikeValuations.php(21): view('Admin/BikeValua...', Array)
#5 C:\Users\Admin\Documents\code_igniter\SBR_code_igniter_4\vendor\codeigniter4\framework\system\CodeIgniter.php(936): App\Controllers\Admin\BikeValuations->getRecord()
#6 C:\Users\Admin\Documents\code_igniter\SBR_code_igniter_4\vendor\codeigniter4\framework\system\CodeIgniter.php(432): CodeIgniter\CodeIgniter->runController(Object(App\Controllers\Admin\BikeValuations))
#7 C:\Users\Admin\Documents\code_igniter\SBR_code_igniter_4\vendor\codeigniter4\framework\system\CodeIgniter.php(333): CodeIgniter\CodeIgniter->handleRequest(NULL, Object(Config\Cache), false)
#8 C:\Users\Admin\Documents\code_igniter\SBR_code_igniter_4\public\index.php(44): CodeIgniter\CodeIgniter->run()
#9 {main}
CRITICAL - 2021-11-01 10:32:49 --> Cannot use object of type App\Entities\Bike as array
#0 C:\Users\Admin\Documents\code_igniter\SBR_code_igniter_4\vendor\codeigniter4\framework\system\View\View.php(220): include()
#1 C:\Users\Admin\Documents\code_igniter\SBR_code_igniter_4\vendor\codeigniter4\framework\system\View\View.php(222): CodeIgniter\View\View->CodeIgniter\View\{closure}()
#2 C:\Users\Admin\Documents\code_igniter\SBR_code_igniter_4\vendor\codeigniter4\framework\system\Common.php(1217): CodeIgniter\View\View->render('Admin/BikeValua...', Array, true)
#3 C:\Users\Admin\Documents\code_igniter\SBR_code_igniter_4\app\Controllers\Admin\BikeValuations.php(21): view('Admin/BikeValua...', Array)
#4 C:\Users\Admin\Documents\code_igniter\SBR_code_igniter_4\vendor\codeigniter4\framework\system\CodeIgniter.php(936): App\Controllers\Admin\BikeValuations->getRecord()
#5 C:\Users\Admin\Documents\code_igniter\SBR_code_igniter_4\vendor\codeigniter4\framework\system\CodeIgniter.php(432): CodeIgniter\CodeIgniter->runController(Object(App\Controllers\Admin\BikeValuations))
#6 C:\Users\Admin\Documents\code_igniter\SBR_code_igniter_4\vendor\codeigniter4\framework\system\CodeIgniter.php(333): CodeIgniter\CodeIgniter->handleRequest(NULL, Object(Config\Cache), false)
#7 C:\Users\Admin\Documents\code_igniter\SBR_code_igniter_4\public\index.php(44): CodeIgniter\CodeIgniter->run()
#8 {main}
CRITICAL - 2021-11-01 22:24:18 --> Invalid file: testOne.php
#0 C:\Users\Admin\Documents\code_igniter\SBR_code_igniter_4\vendor\codeigniter4\framework\system\View\View.php(203): CodeIgniter\Exceptions\FrameworkException::forInvalidFile('testOne.php')
#1 C:\Users\Admin\Documents\code_igniter\SBR_code_igniter_4\vendor\codeigniter4\framework\system\Common.php(1217): CodeIgniter\View\View->render('testOne.php', Array, true)
#2 C:\Users\Admin\Documents\code_igniter\SBR_code_igniter_4\app\Controllers\Test.php(13): view('testOne.php')
#3 C:\Users\Admin\Documents\code_igniter\SBR_code_igniter_4\vendor\codeigniter4\framework\system\CodeIgniter.php(936): App\Controllers\Test->testOne()
#4 C:\Users\Admin\Documents\code_igniter\SBR_code_igniter_4\vendor\codeigniter4\framework\system\CodeIgniter.php(432): CodeIgniter\CodeIgniter->runController(Object(App\Controllers\Test))
#5 C:\Users\Admin\Documents\code_igniter\SBR_code_igniter_4\vendor\codeigniter4\framework\system\CodeIgniter.php(333): CodeIgniter\CodeIgniter->handleRequest(NULL, Object(Config\Cache), false)
#6 C:\Users\Admin\Documents\code_igniter\SBR_code_igniter_4\public\index.php(44): CodeIgniter\CodeIgniter->run()
#7 {main}
CRITICAL - 2021-11-01 22:27:35 --> Invalid file: testOne.php
#0 C:\Users\Admin\Documents\code_igniter\SBR_code_igniter_4\vendor\codeigniter4\framework\system\View\View.php(203): CodeIgniter\Exceptions\FrameworkException::forInvalidFile('testOne.php')
#1 C:\Users\Admin\Documents\code_igniter\SBR_code_igniter_4\vendor\codeigniter4\framework\system\Common.php(1217): CodeIgniter\View\View->render('testOne', Array, true)
#2 C:\Users\Admin\Documents\code_igniter\SBR_code_igniter_4\app\Controllers\Test.php(78): view('testOne', Array)
#3 C:\Users\Admin\Documents\code_igniter\SBR_code_igniter_4\vendor\codeigniter4\framework\system\CodeIgniter.php(936): App\Controllers\Test->testTwo()
#4 C:\Users\Admin\Documents\code_igniter\SBR_code_igniter_4\vendor\codeigniter4\framework\system\CodeIgniter.php(432): CodeIgniter\CodeIgniter->runController(Object(App\Controllers\Test))
#5 C:\Users\Admin\Documents\code_igniter\SBR_code_igniter_4\vendor\codeigniter4\framework\system\CodeIgniter.php(333): CodeIgniter\CodeIgniter->handleRequest(NULL, Object(Config\Cache), false)
#6 C:\Users\Admin\Documents\code_igniter\SBR_code_igniter_4\public\index.php(44): CodeIgniter\CodeIgniter->run()
#7 {main}
CRITICAL - 2021-11-01 22:28:22 --> Invalid file: testOne.php
#0 C:\Users\Admin\Documents\code_igniter\SBR_code_igniter_4\vendor\codeigniter4\framework\system\View\View.php(203): CodeIgniter\Exceptions\FrameworkException::forInvalidFile('testOne.php')
#1 C:\Users\Admin\Documents\code_igniter\SBR_code_igniter_4\vendor\codeigniter4\framework\system\Common.php(1217): CodeIgniter\View\View->render('testOne', Array, true)
#2 C:\Users\Admin\Documents\code_igniter\SBR_code_igniter_4\app\Controllers\Test.php(78): view('testOne', Array)
#3 C:\Users\Admin\Documents\code_igniter\SBR_code_igniter_4\vendor\codeigniter4\framework\system\CodeIgniter.php(936): App\Controllers\Test->testTwo()
#4 C:\Users\Admin\Documents\code_igniter\SBR_code_igniter_4\vendor\codeigniter4\framework\system\CodeIgniter.php(432): CodeIgniter\CodeIgniter->runController(Object(App\Controllers\Test))
#5 C:\Users\Admin\Documents\code_igniter\SBR_code_igniter_4\vendor\codeigniter4\framework\system\CodeIgniter.php(333): CodeIgniter\CodeIgniter->handleRequest(NULL, Object(Config\Cache), false)
#6 C:\Users\Admin\Documents\code_igniter\SBR_code_igniter_4\public\index.php(44): CodeIgniter\CodeIgniter->run()
#7 {main}
CRITICAL - 2021-11-01 22:42:45 --> mkdir(): No such file or directory
#0 [internal function]: CodeIgniter\Debug\Exceptions->errorHandler(2, 'mkdir(): No suc...', 'C:\\Users\\Admin\\...', 182)
#1 C:\Users\Admin\Documents\code_igniter\SBR_code_igniter_4\vendor\codeigniter4\framework\system\HTTP\Files\UploadedFile.php(182): mkdir('C:\\Users\\Admin\\...', 511, true)
#2 C:\Users\Admin\Documents\code_igniter\SBR_code_igniter_4\vendor\codeigniter4\framework\system\HTTP\Files\UploadedFile.php(134): CodeIgniter\HTTP\Files\UploadedFile->setPath('C:\\Users\\Admin\\...')
#3 C:\Users\Admin\Documents\code_igniter\SBR_code_igniter_4\vendor\codeigniter4\framework\system\HTTP\Files\UploadedFile.php(379): CodeIgniter\HTTP\Files\UploadedFile->move('C:\\Users\\Admin\\...', '1635781365_98c2...')
#4 C:\Users\Admin\Documents\code_igniter\SBR_code_igniter_4\app\Controllers\Test.php(70): CodeIgniter\HTTP\Files\UploadedFile->store('C:\\Users\\Admin\\...')
#5 C:\Users\Admin\Documents\code_igniter\SBR_code_igniter_4\vendor\codeigniter4\framework\system\CodeIgniter.php(936): App\Controllers\Test->testTwo()
#6 C:\Users\Admin\Documents\code_igniter\SBR_code_igniter_4\vendor\codeigniter4\framework\system\CodeIgniter.php(432): CodeIgniter\CodeIgniter->runController(Object(App\Controllers\Test))
#7 C:\Users\Admin\Documents\code_igniter\SBR_code_igniter_4\vendor\codeigniter4\framework\system\CodeIgniter.php(333): CodeIgniter\CodeIgniter->handleRequest(NULL, Object(Config\Cache), false)
#8 C:\Users\Admin\Documents\code_igniter\SBR_code_igniter_4\public\index.php(44): CodeIgniter\CodeIgniter->run()
#9 {main}
CRITICAL - 2021-11-01 22:53:12 --> Unable to save the image. Please make sure the image and file directory are writable.
#0 C:\Users\Admin\Documents\code_igniter\SBR_code_igniter_4\vendor\codeigniter4\framework\system\Images\Handlers\GDHandler.php(296): CodeIgniter\Images\Exceptions\ImageException::forSaveFailed()
#1 C:\Users\Admin\Documents\code_igniter\SBR_code_igniter_4\app\Controllers\Test.php(76): CodeIgniter\Images\Handlers\GDHandler->save('C:\\Users\\Admin\\...')
#2 C:\Users\Admin\Documents\code_igniter\SBR_code_igniter_4\vendor\codeigniter4\framework\system\CodeIgniter.php(936): App\Controllers\Test->testTwo()
#3 C:\Users\Admin\Documents\code_igniter\SBR_code_igniter_4\vendor\codeigniter4\framework\system\CodeIgniter.php(432): CodeIgniter\CodeIgniter->runController(Object(App\Controllers\Test))
#4 C:\Users\Admin\Documents\code_igniter\SBR_code_igniter_4\vendor\codeigniter4\framework\system\CodeIgniter.php(333): CodeIgniter\CodeIgniter->handleRequest(NULL, Object(Config\Cache), false)
#5 C:\Users\Admin\Documents\code_igniter\SBR_code_igniter_4\public\index.php(44): CodeIgniter\CodeIgniter->run()
#6 {main}
CRITICAL - 2021-11-01 22:55:48 --> Unable to save the image. Please make sure the image and file directory are writable.
#0 C:\Users\Admin\Documents\code_igniter\SBR_code_igniter_4\vendor\codeigniter4\framework\system\Images\Handlers\GDHandler.php(296): CodeIgniter\Images\Exceptions\ImageException::forSaveFailed()
#1 C:\Users\Admin\Documents\code_igniter\SBR_code_igniter_4\app\Controllers\Test.php(76): CodeIgniter\Images\Handlers\GDHandler->save('C:\\Users\\Admin\\...')
#2 C:\Users\Admin\Documents\code_igniter\SBR_code_igniter_4\vendor\codeigniter4\framework\system\CodeIgniter.php(936): App\Controllers\Test->testTwo()
#3 C:\Users\Admin\Documents\code_igniter\SBR_code_igniter_4\vendor\codeigniter4\framework\system\CodeIgniter.php(432): CodeIgniter\CodeIgniter->runController(Object(App\Controllers\Test))
#4 C:\Users\Admin\Documents\code_igniter\SBR_code_igniter_4\vendor\codeigniter4\framework\system\CodeIgniter.php(333): CodeIgniter\CodeIgniter->handleRequest(NULL, Object(Config\Cache), false)
#5 C:\Users\Admin\Documents\code_igniter\SBR_code_igniter_4\public\index.php(44): CodeIgniter\CodeIgniter->run()
#6 {main}
CRITICAL - 2021-11-01 22:59:56 --> Call to a member function store() on null
#0 C:\Users\Admin\Documents\code_igniter\SBR_code_igniter_4\vendor\codeigniter4\framework\system\CodeIgniter.php(936): App\Controllers\Test->testTwo()
#1 C:\Users\Admin\Documents\code_igniter\SBR_code_igniter_4\vendor\codeigniter4\framework\system\CodeIgniter.php(432): CodeIgniter\CodeIgniter->runController(Object(App\Controllers\Test))
#2 C:\Users\Admin\Documents\code_igniter\SBR_code_igniter_4\vendor\codeigniter4\framework\system\CodeIgniter.php(333): CodeIgniter\CodeIgniter->handleRequest(NULL, Object(Config\Cache), false)
#3 C:\Users\Admin\Documents\code_igniter\SBR_code_igniter_4\public\index.php(44): CodeIgniter\CodeIgniter->run()
#4 {main}
CRITICAL - 2021-11-01 23:03:07 --> syntax error, unexpected token "}", expecting ";"
#0 C:\Users\Admin\Documents\code_igniter\SBR_code_igniter_4\vendor\codeigniter4\framework\system\Router\Router.php(170): CodeIgniter\Router\Router->autoRoute('Test/testOne')
#1 C:\Users\Admin\Documents\code_igniter\SBR_code_igniter_4\vendor\codeigniter4\framework\system\CodeIgniter.php(816): CodeIgniter\Router\Router->handle('Test/testOne')
#2 C:\Users\Admin\Documents\code_igniter\SBR_code_igniter_4\vendor\codeigniter4\framework\system\CodeIgniter.php(385): CodeIgniter\CodeIgniter->tryToRouteIt(Object(CodeIgniter\Router\RouteCollection))
#3 C:\Users\Admin\Documents\code_igniter\SBR_code_igniter_4\vendor\codeigniter4\framework\system\CodeIgniter.php(333): CodeIgniter\CodeIgniter->handleRequest(NULL, Object(Config\Cache), false)
#4 C:\Users\Admin\Documents\code_igniter\SBR_code_igniter_4\public\index.php(44): CodeIgniter\CodeIgniter->run()
#5 {main}
