CRITICAL - 2023-09-12 08:37:01 --> Undefined variable $totalTime
#0 C:\Users\hp\Documents\code_igniter\SBR_code_igniter_4\vendor\codeigniter4\framework\system\Debug\Toolbar\Views\toolbar.tpl.php(40): CodeIgniter\Debug\Exceptions->errorHandler(2, 'Undefined varia...', 'C:\\Users\\hp\\Doc...', 40)
#1 C:\Users\hp\Documents\code_igniter\SBR_code_igniter_4\vendor\codeigniter4\framework\system\Debug\Toolbar.php(497): include('C:\\Users\\hp\\Doc...')
#2 C:\Users\hp\Documents\code_igniter\SBR_code_igniter_4\vendor\codeigniter4\framework\system\Debug\Toolbar.php(460): CodeIgniter\Debug\Toolbar->format(Array, 'html')
#3 C:\Users\hp\Documents\code_igniter\SBR_code_igniter_4\app\Config\Events.php(52): CodeIgniter\Debug\Toolbar->respond()
#4 C:\Users\hp\Documents\code_igniter\SBR_code_igniter_4\vendor\codeigniter4\framework\system\Events\Events.php(149): CodeIgniter\Events\Events::Config\{closure}()
#5 C:\Users\hp\Documents\code_igniter\SBR_code_igniter_4\vendor\codeigniter4\framework\system\CodeIgniter.php(300): CodeIgniter\Events\Events::trigger('pre_system')
#6 C:\Users\hp\Documents\code_igniter\SBR_code_igniter_4\public\index.php(43): CodeIgniter\CodeIgniter->run()
#7 {main}
CRITICAL - 2023-09-12 08:37:01 --> Uncaught ErrorException: Undefined property: Config\Exceptions::$sensitiveDataInTrace in C:\Users\hp\Documents\code_igniter\SBR_code_igniter_4\vendor\codeigniter4\framework\system\Debug\Exceptions.php:242
Stack trace:
#0 C:\Users\hp\Documents\code_igniter\SBR_code_igniter_4\vendor\codeigniter4\framework\system\Debug\Exceptions.php(242): CodeIgniter\Debug\Exceptions->errorHandler(2, 'Undefined prope...', 'C:\\Users\\hp\\Doc...', 242)
#1 C:\Users\hp\Documents\code_igniter\SBR_code_igniter_4\vendor\codeigniter4\framework\system\Debug\Exceptions.php(110): CodeIgniter\Debug\Exceptions->collectVars(Object(ErrorException), 500)
#2 [internal function]: CodeIgniter\Debug\Exceptions->exceptionHandler(Object(ErrorException))
#3 {main}
  thrown
#0 [internal function]: CodeIgniter\Debug\Exceptions->shutdownHandler()
#1 {main}
CRITICAL - 2023-09-12 13:07:30 --> Unmatched ')'
#0 C:\Users\hp\Documents\code_igniter\SBR_code_igniter_4\vendor\codeigniter4\framework\system\View\View.php(217): CodeIgniter\View\View->CodeIgniter\View\{closure}()
#1 C:\Users\hp\Documents\code_igniter\SBR_code_igniter_4\vendor\codeigniter4\framework\system\Common.php(1097): CodeIgniter\View\View->render('Admin/Customers...', Array, true)
#2 C:\Users\hp\Documents\code_igniter\SBR_code_igniter_4\app\Controllers\Admin\Customers.php(507): view('Admin/Customers...', Array)
#3 C:\Users\hp\Documents\code_igniter\SBR_code_igniter_4\vendor\codeigniter4\framework\system\CodeIgniter.php(824): App\Controllers\Admin\Customers->viewInfo()
#4 C:\Users\hp\Documents\code_igniter\SBR_code_igniter_4\vendor\codeigniter4\framework\system\CodeIgniter.php(410): CodeIgniter\CodeIgniter->runController(Object(App\Controllers\Admin\Customers))
#5 C:\Users\hp\Documents\code_igniter\SBR_code_igniter_4\vendor\codeigniter4\framework\system\CodeIgniter.php(318): CodeIgniter\CodeIgniter->handleRequest(NULL, Object(Config\Cache), false)
#6 C:\Users\hp\Documents\code_igniter\SBR_code_igniter_4\public\index.php(43): CodeIgniter\CodeIgniter->run()
#7 {main}
CRITICAL - 2023-09-12 13:07:30 --> Uncaught ErrorException: Undefined property: Config\Exceptions::$sensitiveDataInTrace in C:\Users\hp\Documents\code_igniter\SBR_code_igniter_4\vendor\codeigniter4\framework\system\Debug\Exceptions.php:242
Stack trace:
#0 C:\Users\hp\Documents\code_igniter\SBR_code_igniter_4\vendor\codeigniter4\framework\system\Debug\Exceptions.php(242): CodeIgniter\Debug\Exceptions->errorHandler(2, 'Undefined prope...', 'C:\\Users\\hp\\Doc...', 242)
#1 C:\Users\hp\Documents\code_igniter\SBR_code_igniter_4\vendor\codeigniter4\framework\system\Debug\Exceptions.php(225): CodeIgniter\Debug\Exceptions->collectVars(Object(ParseError), 500)
#2 C:\Users\hp\Documents\code_igniter\SBR_code_igniter_4\vendor\codeigniter4\framework\system\Debug\Exceptions.php(232): CodeIgniter\Debug\Exceptions->CodeIgniter\Debug\{closure}()
#3 C:\Users\hp\Documents\code_igniter\SBR_code_igniter_4\vendor\codeigniter4\framework\system\Debug\Exceptions.php(116): CodeIgniter\Debug\Exceptions->render(Object(ParseError), 500)
#4 [internal function]: CodeIgniter\Debug\Exceptions->exceptionHandler(Object(ParseError))
#5 {main}
  thrown
#0 [internal function]: CodeIgniter\Debug\Exceptions->shutdownHandler()
#1 {main}
CRITICAL - 2023-09-12 13:08:08 --> Unmatched ')'
#0 C:\Users\hp\Documents\code_igniter\SBR_code_igniter_4\vendor\codeigniter4\framework\system\View\View.php(217): CodeIgniter\View\View->CodeIgniter\View\{closure}()
#1 C:\Users\hp\Documents\code_igniter\SBR_code_igniter_4\vendor\codeigniter4\framework\system\Common.php(1097): CodeIgniter\View\View->render('Admin/Customers...', Array, true)
#2 C:\Users\hp\Documents\code_igniter\SBR_code_igniter_4\app\Controllers\Admin\Customers.php(507): view('Admin/Customers...', Array)
#3 C:\Users\hp\Documents\code_igniter\SBR_code_igniter_4\vendor\codeigniter4\framework\system\CodeIgniter.php(824): App\Controllers\Admin\Customers->viewInfo()
#4 C:\Users\hp\Documents\code_igniter\SBR_code_igniter_4\vendor\codeigniter4\framework\system\CodeIgniter.php(410): CodeIgniter\CodeIgniter->runController(Object(App\Controllers\Admin\Customers))
#5 C:\Users\hp\Documents\code_igniter\SBR_code_igniter_4\vendor\codeigniter4\framework\system\CodeIgniter.php(318): CodeIgniter\CodeIgniter->handleRequest(NULL, Object(Config\Cache), false)
#6 C:\Users\hp\Documents\code_igniter\SBR_code_igniter_4\public\index.php(43): CodeIgniter\CodeIgniter->run()
#7 {main}
CRITICAL - 2023-09-12 13:08:08 --> Uncaught ErrorException: Undefined property: Config\Exceptions::$sensitiveDataInTrace in C:\Users\hp\Documents\code_igniter\SBR_code_igniter_4\vendor\codeigniter4\framework\system\Debug\Exceptions.php:242
Stack trace:
#0 C:\Users\hp\Documents\code_igniter\SBR_code_igniter_4\vendor\codeigniter4\framework\system\Debug\Exceptions.php(242): CodeIgniter\Debug\Exceptions->errorHandler(2, 'Undefined prope...', 'C:\\Users\\hp\\Doc...', 242)
#1 C:\Users\hp\Documents\code_igniter\SBR_code_igniter_4\vendor\codeigniter4\framework\system\Debug\Exceptions.php(225): CodeIgniter\Debug\Exceptions->collectVars(Object(ParseError), 500)
#2 C:\Users\hp\Documents\code_igniter\SBR_code_igniter_4\vendor\codeigniter4\framework\system\Debug\Exceptions.php(232): CodeIgniter\Debug\Exceptions->CodeIgniter\Debug\{closure}()
#3 C:\Users\hp\Documents\code_igniter\SBR_code_igniter_4\vendor\codeigniter4\framework\system\Debug\Exceptions.php(116): CodeIgniter\Debug\Exceptions->render(Object(ParseError), 500)
#4 [internal function]: CodeIgniter\Debug\Exceptions->exceptionHandler(Object(ParseError))
#5 {main}
  thrown
#0 [internal function]: CodeIgniter\Debug\Exceptions->shutdownHandler()
#1 {main}
CRITICAL - 2023-09-12 13:08:17 --> Unmatched ')'
#0 C:\Users\hp\Documents\code_igniter\SBR_code_igniter_4\vendor\codeigniter4\framework\system\View\View.php(217): CodeIgniter\View\View->CodeIgniter\View\{closure}()
#1 C:\Users\hp\Documents\code_igniter\SBR_code_igniter_4\vendor\codeigniter4\framework\system\Common.php(1097): CodeIgniter\View\View->render('Admin/Customers...', Array, true)
#2 C:\Users\hp\Documents\code_igniter\SBR_code_igniter_4\app\Controllers\Admin\Customers.php(507): view('Admin/Customers...', Array)
#3 C:\Users\hp\Documents\code_igniter\SBR_code_igniter_4\vendor\codeigniter4\framework\system\CodeIgniter.php(824): App\Controllers\Admin\Customers->viewInfo()
#4 C:\Users\hp\Documents\code_igniter\SBR_code_igniter_4\vendor\codeigniter4\framework\system\CodeIgniter.php(410): CodeIgniter\CodeIgniter->runController(Object(App\Controllers\Admin\Customers))
#5 C:\Users\hp\Documents\code_igniter\SBR_code_igniter_4\vendor\codeigniter4\framework\system\CodeIgniter.php(318): CodeIgniter\CodeIgniter->handleRequest(NULL, Object(Config\Cache), false)
#6 C:\Users\hp\Documents\code_igniter\SBR_code_igniter_4\public\index.php(43): CodeIgniter\CodeIgniter->run()
#7 {main}
CRITICAL - 2023-09-12 13:08:17 --> Uncaught ErrorException: Undefined property: Config\Exceptions::$sensitiveDataInTrace in C:\Users\hp\Documents\code_igniter\SBR_code_igniter_4\vendor\codeigniter4\framework\system\Debug\Exceptions.php:242
Stack trace:
#0 C:\Users\hp\Documents\code_igniter\SBR_code_igniter_4\vendor\codeigniter4\framework\system\Debug\Exceptions.php(242): CodeIgniter\Debug\Exceptions->errorHandler(2, 'Undefined prope...', 'C:\\Users\\hp\\Doc...', 242)
#1 C:\Users\hp\Documents\code_igniter\SBR_code_igniter_4\vendor\codeigniter4\framework\system\Debug\Exceptions.php(225): CodeIgniter\Debug\Exceptions->collectVars(Object(ParseError), 500)
#2 C:\Users\hp\Documents\code_igniter\SBR_code_igniter_4\vendor\codeigniter4\framework\system\Debug\Exceptions.php(232): CodeIgniter\Debug\Exceptions->CodeIgniter\Debug\{closure}()
#3 C:\Users\hp\Documents\code_igniter\SBR_code_igniter_4\vendor\codeigniter4\framework\system\Debug\Exceptions.php(116): CodeIgniter\Debug\Exceptions->render(Object(ParseError), 500)
#4 [internal function]: CodeIgniter\Debug\Exceptions->exceptionHandler(Object(ParseError))
#5 {main}
  thrown
#0 [internal function]: CodeIgniter\Debug\Exceptions->shutdownHandler()
#1 {main}
