CRITICAL - 2021-07-12 12:09:31 --> "Y-m-d" is not a valid datetime format
#0 C:\Users\Admin\Documents\code_igniter\SBR_code_igniter_4\vendor\codeigniter4\framework\system\I18n\Time.php(282): CodeIgniter\I18n\Exceptions\I18nException::forInvalidFormat('Y-m-d')
#1 C:\Users\Admin\Documents\code_igniter\SBR_code_igniter_4\app\Controllers\Admin\Customers.php(229): CodeIgniter\I18n\Time::createFromFormat('Y-m-d', NULL)
#2 C:\Users\Admin\Documents\code_igniter\SBR_code_igniter_4\vendor\codeigniter4\framework\system\CodeIgniter.php(936): App\Controllers\Admin\Customers->viewInfo()
#3 C:\Users\Admin\Documents\code_igniter\SBR_code_igniter_4\vendor\codeigniter4\framework\system\CodeIgniter.php(432): CodeIgniter\CodeIgniter->runController(Object(App\Controllers\Admin\Customers))
#4 C:\Users\Admin\Documents\code_igniter\SBR_code_igniter_4\vendor\codeigniter4\framework\system\CodeIgniter.php(333): CodeIgniter\CodeIgniter->handleRequest(NULL, Object(Config\Cache), false)
#5 C:\Users\Admin\Documents\code_igniter\SBR_code_igniter_4\public\index.php(44): CodeIgniter\CodeIgniter->run()
#6 {main}
CRITICAL - 2021-07-12 12:57:18 --> "Y-m-d" is not a valid datetime format
#0 C:\Users\Admin\Documents\code_igniter\SBR_code_igniter_4\vendor\codeigniter4\framework\system\I18n\Time.php(282): CodeIgniter\I18n\Exceptions\I18nException::forInvalidFormat('Y-m-d')
#1 C:\Users\Admin\Documents\code_igniter\SBR_code_igniter_4\app\Controllers\Admin\Customers.php(229): CodeIgniter\I18n\Time::createFromFormat('Y-m-d', NULL)
#2 C:\Users\Admin\Documents\code_igniter\SBR_code_igniter_4\vendor\codeigniter4\framework\system\CodeIgniter.php(936): App\Controllers\Admin\Customers->viewInfo()
#3 C:\Users\Admin\Documents\code_igniter\SBR_code_igniter_4\vendor\codeigniter4\framework\system\CodeIgniter.php(432): CodeIgniter\CodeIgniter->runController(Object(App\Controllers\Admin\Customers))
#4 C:\Users\Admin\Documents\code_igniter\SBR_code_igniter_4\vendor\codeigniter4\framework\system\CodeIgniter.php(333): CodeIgniter\CodeIgniter->handleRequest(NULL, Object(Config\Cache), false)
#5 C:\Users\Admin\Documents\code_igniter\SBR_code_igniter_4\public\index.php(44): CodeIgniter\CodeIgniter->run()
#6 {main}
CRITICAL - 2021-07-12 13:06:23 --> syntax error, unexpected token "public", expecting end of file
#0 C:\Users\Admin\Documents\code_igniter\SBR_code_igniter_4\vendor\codeigniter4\framework\system\Router\Router.php(170): CodeIgniter\Router\Router->autoRoute('Admin/Payments/...')
#1 C:\Users\Admin\Documents\code_igniter\SBR_code_igniter_4\vendor\codeigniter4\framework\system\CodeIgniter.php(816): CodeIgniter\Router\Router->handle('Admin/Payments/...')
#2 C:\Users\Admin\Documents\code_igniter\SBR_code_igniter_4\vendor\codeigniter4\framework\system\CodeIgniter.php(385): CodeIgniter\CodeIgniter->tryToRouteIt(Object(CodeIgniter\Router\RouteCollection))
#3 C:\Users\Admin\Documents\code_igniter\SBR_code_igniter_4\vendor\codeigniter4\framework\system\CodeIgniter.php(333): CodeIgniter\CodeIgniter->handleRequest(NULL, Object(Config\Cache), false)
#4 C:\Users\Admin\Documents\code_igniter\SBR_code_igniter_4\public\index.php(44): CodeIgniter\CodeIgniter->run()
#5 {main}
CRITICAL - 2021-07-12 13:32:02 --> "Y-m-d" is not a valid datetime format
#0 C:\Users\Admin\Documents\code_igniter\SBR_code_igniter_4\vendor\codeigniter4\framework\system\I18n\Time.php(282): CodeIgniter\I18n\Exceptions\I18nException::forInvalidFormat('Y-m-d')
#1 C:\Users\Admin\Documents\code_igniter\SBR_code_igniter_4\app\Controllers\Admin\Customers.php(229): CodeIgniter\I18n\Time::createFromFormat('Y-m-d', NULL)
#2 C:\Users\Admin\Documents\code_igniter\SBR_code_igniter_4\vendor\codeigniter4\framework\system\CodeIgniter.php(936): App\Controllers\Admin\Customers->viewInfo()
#3 C:\Users\Admin\Documents\code_igniter\SBR_code_igniter_4\vendor\codeigniter4\framework\system\CodeIgniter.php(432): CodeIgniter\CodeIgniter->runController(Object(App\Controllers\Admin\Customers))
#4 C:\Users\Admin\Documents\code_igniter\SBR_code_igniter_4\vendor\codeigniter4\framework\system\CodeIgniter.php(333): CodeIgniter\CodeIgniter->handleRequest(NULL, Object(Config\Cache), false)
#5 C:\Users\Admin\Documents\code_igniter\SBR_code_igniter_4\public\index.php(44): CodeIgniter\CodeIgniter->run()
#6 {main}
CRITICAL - 2021-07-12 21:20:49 --> Undefined variable $customers
#0 C:\Users\Admin\Documents\code_igniter\SBR_code_igniter_4\app\Controllers\Admin\Customers.php(213): CodeIgniter\Debug\Exceptions->errorHandler(2, 'Undefined varia...', 'C:\\Users\\Admin\\...', 213)
#1 C:\Users\Admin\Documents\code_igniter\SBR_code_igniter_4\vendor\codeigniter4\framework\system\CodeIgniter.php(936): App\Controllers\Admin\Customers->incidents()
#2 C:\Users\Admin\Documents\code_igniter\SBR_code_igniter_4\vendor\codeigniter4\framework\system\CodeIgniter.php(432): CodeIgniter\CodeIgniter->runController(Object(App\Controllers\Admin\Customers))
#3 C:\Users\Admin\Documents\code_igniter\SBR_code_igniter_4\vendor\codeigniter4\framework\system\CodeIgniter.php(333): CodeIgniter\CodeIgniter->handleRequest(NULL, Object(Config\Cache), false)
#4 C:\Users\Admin\Documents\code_igniter\SBR_code_igniter_4\public\index.php(44): CodeIgniter\CodeIgniter->run()
#5 {main}
CRITICAL - 2021-07-12 21:21:20 --> Undefined variable $appointment
#0 C:\Users\Admin\Documents\code_igniter\SBR_code_igniter_4\app\Views\Admin\Customers\newIncident.php(30): CodeIgniter\Debug\Exceptions->errorHandler(2, 'Undefined varia...', 'C:\\Users\\Admin\\...', 30)
#1 C:\Users\Admin\Documents\code_igniter\SBR_code_igniter_4\vendor\codeigniter4\framework\system\View\View.php(220): include('C:\\Users\\Admin\\...')
#2 C:\Users\Admin\Documents\code_igniter\SBR_code_igniter_4\vendor\codeigniter4\framework\system\View\View.php(222): CodeIgniter\View\View->CodeIgniter\View\{closure}()
#3 C:\Users\Admin\Documents\code_igniter\SBR_code_igniter_4\vendor\codeigniter4\framework\system\Common.php(1217): CodeIgniter\View\View->render('Admin/Customers...', Array, true)
#4 C:\Users\Admin\Documents\code_igniter\SBR_code_igniter_4\app\Controllers\Admin\Customers.php(218): view('Admin/Customers...', Array)
#5 C:\Users\Admin\Documents\code_igniter\SBR_code_igniter_4\vendor\codeigniter4\framework\system\CodeIgniter.php(936): App\Controllers\Admin\Customers->newIncident()
#6 C:\Users\Admin\Documents\code_igniter\SBR_code_igniter_4\vendor\codeigniter4\framework\system\CodeIgniter.php(432): CodeIgniter\CodeIgniter->runController(Object(App\Controllers\Admin\Customers))
#7 C:\Users\Admin\Documents\code_igniter\SBR_code_igniter_4\vendor\codeigniter4\framework\system\CodeIgniter.php(333): CodeIgniter\CodeIgniter->handleRequest(NULL, Object(Config\Cache), false)
#8 C:\Users\Admin\Documents\code_igniter\SBR_code_igniter_4\public\index.php(44): CodeIgniter\CodeIgniter->run()
#9 {main}
CRITICAL - 2021-07-12 22:02:18 --> Undefined variable $contractNumber
#0 C:\Users\Admin\Documents\code_igniter\SBR_code_igniter_4\app\Controllers\Admin\Customers.php(239): CodeIgniter\Debug\Exceptions->errorHandler(2, 'Undefined varia...', 'C:\\Users\\Admin\\...', 239)
#1 C:\Users\Admin\Documents\code_igniter\SBR_code_igniter_4\vendor\codeigniter4\framework\system\CodeIgniter.php(936): App\Controllers\Admin\Customers->saveIncident()
#2 C:\Users\Admin\Documents\code_igniter\SBR_code_igniter_4\vendor\codeigniter4\framework\system\CodeIgniter.php(432): CodeIgniter\CodeIgniter->runController(Object(App\Controllers\Admin\Customers))
#3 C:\Users\Admin\Documents\code_igniter\SBR_code_igniter_4\vendor\codeigniter4\framework\system\CodeIgniter.php(333): CodeIgniter\CodeIgniter->handleRequest(NULL, Object(Config\Cache), false)
#4 C:\Users\Admin\Documents\code_igniter\SBR_code_igniter_4\public\index.php(44): CodeIgniter\CodeIgniter->run()
#5 {main}
ERROR - 2021-07-12 22:03:10 --> mysqli_sql_exception: Table 'sbr.rentr_incidents' doesn't exist in C:\Users\Admin\Documents\code_igniter\SBR_code_igniter_4\vendor\codeigniter4\framework\system\Database\MySQLi\Connection.php:314
Stack trace:
#0 C:\Users\Admin\Documents\code_igniter\SBR_code_igniter_4\vendor\codeigniter4\framework\system\Database\MySQLi\Connection.php(314): mysqli->query('INSERT INTO `re...')
#1 C:\Users\Admin\Documents\code_igniter\SBR_code_igniter_4\vendor\codeigniter4\framework\system\Database\BaseConnection.php(713): CodeIgniter\Database\MySQLi\Connection->execute('INSERT INTO `re...')
#2 C:\Users\Admin\Documents\code_igniter\SBR_code_igniter_4\vendor\codeigniter4\framework\system\Database\BaseConnection.php(641): CodeIgniter\Database\BaseConnection->simpleQuery('INSERT INTO `re...')
#3 C:\Users\Admin\Documents\code_igniter\SBR_code_igniter_4\vendor\codeigniter4\framework\system\Database\BaseBuilder.php(2263): CodeIgniter\Database\BaseConnection->query('INSERT INTO `re...', Array, false)
#4 C:\Users\Admin\Documents\code_igniter\SBR_code_igniter_4\vendor\codeigniter4\framework\system\Model.php(278): CodeIgniter\Database\BaseBuilder->insert()
#5 C:\Users\Admin\Documents\code_igniter\SBR_code_igniter_4\vendor\codeigniter4\framework\system\BaseModel.php(758): CodeIgniter\Model->doInsert(Array)
#6 C:\Users\Admin\Documents\code_igniter\SBR_code_igniter_4\vendor\codeigniter4\framework\system\Model.php(705): CodeIgniter\BaseModel->insert(Array, false)
#7 C:\Users\Admin\Documents\code_igniter\SBR_code_igniter_4\vendor\codeigniter4\framework\system\BaseModel.php(667): CodeIgniter\Model->insert(Object(App\Entities\RenterIncident), false)
#8 C:\Users\Admin\Documents\code_igniter\SBR_code_igniter_4\app\Controllers\Admin\Customers.php(242): CodeIgniter\BaseModel->save(Object(App\Entities\RenterIncident))
#9 C:\Users\Admin\Documents\code_igniter\SBR_code_igniter_4\vendor\codeigniter4\framework\system\CodeIgniter.php(936): App\Controllers\Admin\Customers->saveIncident()
#10 C:\Users\Admin\Documents\code_igniter\SBR_code_igniter_4\vendor\codeigniter4\framework\system\CodeIgniter.php(432): CodeIgniter\CodeIgniter->runController(Object(App\Controllers\Admin\Customers))
#11 C:\Users\Admin\Documents\code_igniter\SBR_code_igniter_4\vendor\codeigniter4\framework\system\CodeIgniter.php(333): CodeIgniter\CodeIgniter->handleRequest(NULL, Object(Config\Cache), false)
#12 C:\Users\Admin\Documents\code_igniter\SBR_code_igniter_4\public\index.php(44): CodeIgniter\CodeIgniter->run()
#13 {main}
CRITICAL - 2021-07-12 22:03:10 --> Table 'sbr.rentr_incidents' doesn't exist
#0 C:\Users\Admin\Documents\code_igniter\SBR_code_igniter_4\vendor\codeigniter4\framework\system\Database\MySQLi\Connection.php(314): mysqli->query('INSERT INTO `re...')
#1 C:\Users\Admin\Documents\code_igniter\SBR_code_igniter_4\vendor\codeigniter4\framework\system\Database\BaseConnection.php(713): CodeIgniter\Database\MySQLi\Connection->execute('INSERT INTO `re...')
#2 C:\Users\Admin\Documents\code_igniter\SBR_code_igniter_4\vendor\codeigniter4\framework\system\Database\BaseConnection.php(641): CodeIgniter\Database\BaseConnection->simpleQuery('INSERT INTO `re...')
#3 C:\Users\Admin\Documents\code_igniter\SBR_code_igniter_4\vendor\codeigniter4\framework\system\Database\BaseBuilder.php(2263): CodeIgniter\Database\BaseConnection->query('INSERT INTO `re...', Array, false)
#4 C:\Users\Admin\Documents\code_igniter\SBR_code_igniter_4\vendor\codeigniter4\framework\system\Model.php(278): CodeIgniter\Database\BaseBuilder->insert()
#5 C:\Users\Admin\Documents\code_igniter\SBR_code_igniter_4\vendor\codeigniter4\framework\system\BaseModel.php(758): CodeIgniter\Model->doInsert(Array)
#6 C:\Users\Admin\Documents\code_igniter\SBR_code_igniter_4\vendor\codeigniter4\framework\system\Model.php(705): CodeIgniter\BaseModel->insert(Array, false)
#7 C:\Users\Admin\Documents\code_igniter\SBR_code_igniter_4\vendor\codeigniter4\framework\system\BaseModel.php(667): CodeIgniter\Model->insert(Object(App\Entities\RenterIncident), false)
#8 C:\Users\Admin\Documents\code_igniter\SBR_code_igniter_4\app\Controllers\Admin\Customers.php(242): CodeIgniter\BaseModel->save(Object(App\Entities\RenterIncident))
#9 C:\Users\Admin\Documents\code_igniter\SBR_code_igniter_4\vendor\codeigniter4\framework\system\CodeIgniter.php(936): App\Controllers\Admin\Customers->saveIncident()
#10 C:\Users\Admin\Documents\code_igniter\SBR_code_igniter_4\vendor\codeigniter4\framework\system\CodeIgniter.php(432): CodeIgniter\CodeIgniter->runController(Object(App\Controllers\Admin\Customers))
#11 C:\Users\Admin\Documents\code_igniter\SBR_code_igniter_4\vendor\codeigniter4\framework\system\CodeIgniter.php(333): CodeIgniter\CodeIgniter->handleRequest(NULL, Object(Config\Cache), false)
#12 C:\Users\Admin\Documents\code_igniter\SBR_code_igniter_4\public\index.php(44): CodeIgniter\CodeIgniter->run()
#13 {main}
ERROR - 2021-07-12 22:03:36 --> mysqli_sql_exception: Unknown column 'created_at' in 'field list' in C:\Users\Admin\Documents\code_igniter\SBR_code_igniter_4\vendor\codeigniter4\framework\system\Database\MySQLi\Connection.php:314
Stack trace:
#0 C:\Users\Admin\Documents\code_igniter\SBR_code_igniter_4\vendor\codeigniter4\framework\system\Database\MySQLi\Connection.php(314): mysqli->query('INSERT INTO `re...')
#1 C:\Users\Admin\Documents\code_igniter\SBR_code_igniter_4\vendor\codeigniter4\framework\system\Database\BaseConnection.php(713): CodeIgniter\Database\MySQLi\Connection->execute('INSERT INTO `re...')
#2 C:\Users\Admin\Documents\code_igniter\SBR_code_igniter_4\vendor\codeigniter4\framework\system\Database\BaseConnection.php(641): CodeIgniter\Database\BaseConnection->simpleQuery('INSERT INTO `re...')
#3 C:\Users\Admin\Documents\code_igniter\SBR_code_igniter_4\vendor\codeigniter4\framework\system\Database\BaseBuilder.php(2263): CodeIgniter\Database\BaseConnection->query('INSERT INTO `re...', Array, false)
#4 C:\Users\Admin\Documents\code_igniter\SBR_code_igniter_4\vendor\codeigniter4\framework\system\Model.php(278): CodeIgniter\Database\BaseBuilder->insert()
#5 C:\Users\Admin\Documents\code_igniter\SBR_code_igniter_4\vendor\codeigniter4\framework\system\BaseModel.php(758): CodeIgniter\Model->doInsert(Array)
#6 C:\Users\Admin\Documents\code_igniter\SBR_code_igniter_4\vendor\codeigniter4\framework\system\Model.php(705): CodeIgniter\BaseModel->insert(Array, false)
#7 C:\Users\Admin\Documents\code_igniter\SBR_code_igniter_4\vendor\codeigniter4\framework\system\BaseModel.php(667): CodeIgniter\Model->insert(Object(App\Entities\RenterIncident), false)
#8 C:\Users\Admin\Documents\code_igniter\SBR_code_igniter_4\app\Controllers\Admin\Customers.php(242): CodeIgniter\BaseModel->save(Object(App\Entities\RenterIncident))
#9 C:\Users\Admin\Documents\code_igniter\SBR_code_igniter_4\vendor\codeigniter4\framework\system\CodeIgniter.php(936): App\Controllers\Admin\Customers->saveIncident()
#10 C:\Users\Admin\Documents\code_igniter\SBR_code_igniter_4\vendor\codeigniter4\framework\system\CodeIgniter.php(432): CodeIgniter\CodeIgniter->runController(Object(App\Controllers\Admin\Customers))
#11 C:\Users\Admin\Documents\code_igniter\SBR_code_igniter_4\vendor\codeigniter4\framework\system\CodeIgniter.php(333): CodeIgniter\CodeIgniter->handleRequest(NULL, Object(Config\Cache), false)
#12 C:\Users\Admin\Documents\code_igniter\SBR_code_igniter_4\public\index.php(44): CodeIgniter\CodeIgniter->run()
#13 {main}
CRITICAL - 2021-07-12 22:03:36 --> Unknown column 'created_at' in 'field list'
#0 C:\Users\Admin\Documents\code_igniter\SBR_code_igniter_4\vendor\codeigniter4\framework\system\Database\MySQLi\Connection.php(314): mysqli->query('INSERT INTO `re...')
#1 C:\Users\Admin\Documents\code_igniter\SBR_code_igniter_4\vendor\codeigniter4\framework\system\Database\BaseConnection.php(713): CodeIgniter\Database\MySQLi\Connection->execute('INSERT INTO `re...')
#2 C:\Users\Admin\Documents\code_igniter\SBR_code_igniter_4\vendor\codeigniter4\framework\system\Database\BaseConnection.php(641): CodeIgniter\Database\BaseConnection->simpleQuery('INSERT INTO `re...')
#3 C:\Users\Admin\Documents\code_igniter\SBR_code_igniter_4\vendor\codeigniter4\framework\system\Database\BaseBuilder.php(2263): CodeIgniter\Database\BaseConnection->query('INSERT INTO `re...', Array, false)
#4 C:\Users\Admin\Documents\code_igniter\SBR_code_igniter_4\vendor\codeigniter4\framework\system\Model.php(278): CodeIgniter\Database\BaseBuilder->insert()
#5 C:\Users\Admin\Documents\code_igniter\SBR_code_igniter_4\vendor\codeigniter4\framework\system\BaseModel.php(758): CodeIgniter\Model->doInsert(Array)
#6 C:\Users\Admin\Documents\code_igniter\SBR_code_igniter_4\vendor\codeigniter4\framework\system\Model.php(705): CodeIgniter\BaseModel->insert(Array, false)
#7 C:\Users\Admin\Documents\code_igniter\SBR_code_igniter_4\vendor\codeigniter4\framework\system\BaseModel.php(667): CodeIgniter\Model->insert(Object(App\Entities\RenterIncident), false)
#8 C:\Users\Admin\Documents\code_igniter\SBR_code_igniter_4\app\Controllers\Admin\Customers.php(242): CodeIgniter\BaseModel->save(Object(App\Entities\RenterIncident))
#9 C:\Users\Admin\Documents\code_igniter\SBR_code_igniter_4\vendor\codeigniter4\framework\system\CodeIgniter.php(936): App\Controllers\Admin\Customers->saveIncident()
#10 C:\Users\Admin\Documents\code_igniter\SBR_code_igniter_4\vendor\codeigniter4\framework\system\CodeIgniter.php(432): CodeIgniter\CodeIgniter->runController(Object(App\Controllers\Admin\Customers))
#11 C:\Users\Admin\Documents\code_igniter\SBR_code_igniter_4\vendor\codeigniter4\framework\system\CodeIgniter.php(333): CodeIgniter\CodeIgniter->handleRequest(NULL, Object(Config\Cache), false)
#12 C:\Users\Admin\Documents\code_igniter\SBR_code_igniter_4\public\index.php(44): CodeIgniter\CodeIgniter->run()
#13 {main}
