CRITICAL - 2021-04-20 22:31:14 --> Class "App\Commands\App\Models\AppointmentsModel" not found
#0 C:\Users\Admin\Documents\code_igniter\SBR_code_igniter_4\vendor\codeigniter4\framework\system\CLI\Commands.php(70): App\Commands\GenerateEmailNotificationLists->run(Array)
#1 C:\Users\Admin\Documents\code_igniter\SBR_code_igniter_4\vendor\codeigniter4\framework\system\CLI\CommandRunner.php(80): CodeIgniter\CLI\Commands->run('renters:schedul...', Array)
#2 C:\Users\Admin\Documents\code_igniter\SBR_code_igniter_4\vendor\codeigniter4\framework\system\CLI\CommandRunner.php(58): CodeIgniter\CLI\CommandRunner->index(Array)
#3 C:\Users\Admin\Documents\code_igniter\SBR_code_igniter_4\vendor\codeigniter4\framework\system\CodeIgniter.php(932): CodeIgniter\CLI\CommandRunner->_remap('index', 'renters:schedul...')
#4 C:\Users\Admin\Documents\code_igniter\SBR_code_igniter_4\vendor\codeigniter4\framework\system\CodeIgniter.php(432): CodeIgniter\CodeIgniter->runController(Object(CodeIgniter\CLI\CommandRunner))
#5 C:\Users\Admin\Documents\code_igniter\SBR_code_igniter_4\vendor\codeigniter4\framework\system\CodeIgniter.php(333): CodeIgniter\CodeIgniter->handleRequest(NULL, Object(Config\Cache), false)
#6 C:\Users\Admin\Documents\code_igniter\SBR_code_igniter_4\vendor\codeigniter4\framework\system\CLI\Console.php(61): CodeIgniter\CodeIgniter->run()
#7 C:\Users\Admin\Documents\code_igniter\SBR_code_igniter_4\spark(66): CodeIgniter\CLI\Console->run()
#8 {main}
CRITICAL - 2021-04-20 22:35:22 --> Class "App\Commands\App\Entities\Appointment" not found
#0 C:\Users\Admin\Documents\code_igniter\SBR_code_igniter_4\vendor\codeigniter4\framework\system\CLI\Commands.php(70): App\Commands\GenerateEmailNotificationLists->run(Array)
#1 C:\Users\Admin\Documents\code_igniter\SBR_code_igniter_4\vendor\codeigniter4\framework\system\CLI\CommandRunner.php(80): CodeIgniter\CLI\Commands->run('renters:schedul...', Array)
#2 C:\Users\Admin\Documents\code_igniter\SBR_code_igniter_4\vendor\codeigniter4\framework\system\CLI\CommandRunner.php(58): CodeIgniter\CLI\CommandRunner->index(Array)
#3 C:\Users\Admin\Documents\code_igniter\SBR_code_igniter_4\vendor\codeigniter4\framework\system\CodeIgniter.php(932): CodeIgniter\CLI\CommandRunner->_remap('index', 'renters:schedul...')
#4 C:\Users\Admin\Documents\code_igniter\SBR_code_igniter_4\vendor\codeigniter4\framework\system\CodeIgniter.php(432): CodeIgniter\CodeIgniter->runController(Object(CodeIgniter\CLI\CommandRunner))
#5 C:\Users\Admin\Documents\code_igniter\SBR_code_igniter_4\vendor\codeigniter4\framework\system\CodeIgniter.php(333): CodeIgniter\CodeIgniter->handleRequest(NULL, Object(Config\Cache), false)
#6 C:\Users\Admin\Documents\code_igniter\SBR_code_igniter_4\vendor\codeigniter4\framework\system\CLI\Console.php(61): CodeIgniter\CodeIgniter->run()
#7 C:\Users\Admin\Documents\code_igniter\SBR_code_igniter_4\spark(66): CodeIgniter\CLI\Console->run()
#8 {main}
CRITICAL - 2021-04-20 22:37:30 --> CodeIgniter\Entity::__construct(): Argument #1 ($data) must be of type ?array, stdClass given, called in C:\Users\Admin\Documents\code_igniter\SBR_code_igniter_4\app\Commands\GenerateEmailNotificationLists.php on line 36
#0 C:\Users\Admin\Documents\code_igniter\SBR_code_igniter_4\app\Commands\GenerateEmailNotificationLists.php(36): CodeIgniter\Entity->__construct(Object(stdClass))
#1 C:\Users\Admin\Documents\code_igniter\SBR_code_igniter_4\vendor\codeigniter4\framework\system\CLI\Commands.php(70): App\Commands\GenerateEmailNotificationLists->run(Array)
#2 C:\Users\Admin\Documents\code_igniter\SBR_code_igniter_4\vendor\codeigniter4\framework\system\CLI\CommandRunner.php(80): CodeIgniter\CLI\Commands->run('renters:schedul...', Array)
#3 C:\Users\Admin\Documents\code_igniter\SBR_code_igniter_4\vendor\codeigniter4\framework\system\CLI\CommandRunner.php(58): CodeIgniter\CLI\CommandRunner->index(Array)
#4 C:\Users\Admin\Documents\code_igniter\SBR_code_igniter_4\vendor\codeigniter4\framework\system\CodeIgniter.php(932): CodeIgniter\CLI\CommandRunner->_remap('index', 'renters:schedul...')
#5 C:\Users\Admin\Documents\code_igniter\SBR_code_igniter_4\vendor\codeigniter4\framework\system\CodeIgniter.php(432): CodeIgniter\CodeIgniter->runController(Object(CodeIgniter\CLI\CommandRunner))
#6 C:\Users\Admin\Documents\code_igniter\SBR_code_igniter_4\vendor\codeigniter4\framework\system\CodeIgniter.php(333): CodeIgniter\CodeIgniter->handleRequest(NULL, Object(Config\Cache), false)
#7 C:\Users\Admin\Documents\code_igniter\SBR_code_igniter_4\vendor\codeigniter4\framework\system\CLI\Console.php(61): CodeIgniter\CodeIgniter->run()
#8 C:\Users\Admin\Documents\code_igniter\SBR_code_igniter_4\spark(66): CodeIgniter\CLI\Console->run()
#9 {main}
CRITICAL - 2021-04-20 22:40:02 --> Cannot use object of type App\Entities\Appointment as array
#0 C:\Users\Admin\Documents\code_igniter\SBR_code_igniter_4\vendor\codeigniter4\framework\system\CLI\Commands.php(70): App\Commands\GenerateEmailNotificationLists->run(Array)
#1 C:\Users\Admin\Documents\code_igniter\SBR_code_igniter_4\vendor\codeigniter4\framework\system\CLI\CommandRunner.php(80): CodeIgniter\CLI\Commands->run('renters:schedul...', Array)
#2 C:\Users\Admin\Documents\code_igniter\SBR_code_igniter_4\vendor\codeigniter4\framework\system\CLI\CommandRunner.php(58): CodeIgniter\CLI\CommandRunner->index(Array)
#3 C:\Users\Admin\Documents\code_igniter\SBR_code_igniter_4\vendor\codeigniter4\framework\system\CodeIgniter.php(932): CodeIgniter\CLI\CommandRunner->_remap('index', 'renters:schedul...')
#4 C:\Users\Admin\Documents\code_igniter\SBR_code_igniter_4\vendor\codeigniter4\framework\system\CodeIgniter.php(432): CodeIgniter\CodeIgniter->runController(Object(CodeIgniter\CLI\CommandRunner))
#5 C:\Users\Admin\Documents\code_igniter\SBR_code_igniter_4\vendor\codeigniter4\framework\system\CodeIgniter.php(333): CodeIgniter\CodeIgniter->handleRequest(NULL, Object(Config\Cache), false)
#6 C:\Users\Admin\Documents\code_igniter\SBR_code_igniter_4\vendor\codeigniter4\framework\system\CLI\Console.php(61): CodeIgniter\CodeIgniter->run()
#7 C:\Users\Admin\Documents\code_igniter\SBR_code_igniter_4\spark(66): CodeIgniter\CLI\Console->run()
#8 {main}
ERROR - 2021-04-20 22:40:43 --> mysqli_sql_exception: Unknown column 'created_at' in 'field list' in C:\Users\Admin\Documents\code_igniter\SBR_code_igniter_4\vendor\codeigniter4\framework\system\Database\MySQLi\Connection.php:314
Stack trace:
#0 C:\Users\Admin\Documents\code_igniter\SBR_code_igniter_4\vendor\codeigniter4\framework\system\Database\MySQLi\Connection.php(314): mysqli->query('INSERT INTO `ap...')
#1 C:\Users\Admin\Documents\code_igniter\SBR_code_igniter_4\vendor\codeigniter4\framework\system\Database\BaseConnection.php(713): CodeIgniter\Database\MySQLi\Connection->execute('INSERT INTO `ap...')
#2 C:\Users\Admin\Documents\code_igniter\SBR_code_igniter_4\vendor\codeigniter4\framework\system\Database\BaseConnection.php(641): CodeIgniter\Database\BaseConnection->simpleQuery('INSERT INTO `ap...')
#3 C:\Users\Admin\Documents\code_igniter\SBR_code_igniter_4\vendor\codeigniter4\framework\system\Database\BaseBuilder.php(2263): CodeIgniter\Database\BaseConnection->query('INSERT INTO `ap...', Array, false)
#4 C:\Users\Admin\Documents\code_igniter\SBR_code_igniter_4\vendor\codeigniter4\framework\system\Model.php(278): CodeIgniter\Database\BaseBuilder->insert()
#5 C:\Users\Admin\Documents\code_igniter\SBR_code_igniter_4\vendor\codeigniter4\framework\system\BaseModel.php(758): CodeIgniter\Model->doInsert(Array)
#6 C:\Users\Admin\Documents\code_igniter\SBR_code_igniter_4\vendor\codeigniter4\framework\system\Model.php(705): CodeIgniter\BaseModel->insert(Array, true)
#7 C:\Users\Admin\Documents\code_igniter\SBR_code_igniter_4\app\Commands\GenerateEmailNotificationLists.php(38): CodeIgniter\Model->insert(Object(App\Entities\Appointment))
#8 C:\Users\Admin\Documents\code_igniter\SBR_code_igniter_4\vendor\codeigniter4\framework\system\CLI\Commands.php(70): App\Commands\GenerateEmailNotificationLists->run(Array)
#9 C:\Users\Admin\Documents\code_igniter\SBR_code_igniter_4\vendor\codeigniter4\framework\system\CLI\CommandRunner.php(80): CodeIgniter\CLI\Commands->run('renters:schedul...', Array)
#10 C:\Users\Admin\Documents\code_igniter\SBR_code_igniter_4\vendor\codeigniter4\framework\system\CLI\CommandRunner.php(58): CodeIgniter\CLI\CommandRunner->index(Array)
#11 C:\Users\Admin\Documents\code_igniter\SBR_code_igniter_4\vendor\codeigniter4\framework\system\CodeIgniter.php(932): CodeIgniter\CLI\CommandRunner->_remap('index', 'renters:schedul...')
#12 C:\Users\Admin\Documents\code_igniter\SBR_code_igniter_4\vendor\codeigniter4\framework\system\CodeIgniter.php(432): CodeIgniter\CodeIgniter->runController(Object(CodeIgniter\CLI\CommandRunner))
#13 C:\Users\Admin\Documents\code_igniter\SBR_code_igniter_4\vendor\codeigniter4\framework\system\CodeIgniter.php(333): CodeIgniter\CodeIgniter->handleRequest(NULL, Object(Config\Cache), false)
#14 C:\Users\Admin\Documents\code_igniter\SBR_code_igniter_4\vendor\codeigniter4\framework\system\CLI\Console.php(61): CodeIgniter\CodeIgniter->run()
#15 C:\Users\Admin\Documents\code_igniter\SBR_code_igniter_4\spark(66): CodeIgniter\CLI\Console->run()
#16 {main}
CRITICAL - 2021-04-20 22:40:43 --> Unknown column 'created_at' in 'field list'
#0 C:\Users\Admin\Documents\code_igniter\SBR_code_igniter_4\vendor\codeigniter4\framework\system\Database\MySQLi\Connection.php(314): mysqli->query('INSERT INTO `ap...')
#1 C:\Users\Admin\Documents\code_igniter\SBR_code_igniter_4\vendor\codeigniter4\framework\system\Database\BaseConnection.php(713): CodeIgniter\Database\MySQLi\Connection->execute('INSERT INTO `ap...')
#2 C:\Users\Admin\Documents\code_igniter\SBR_code_igniter_4\vendor\codeigniter4\framework\system\Database\BaseConnection.php(641): CodeIgniter\Database\BaseConnection->simpleQuery('INSERT INTO `ap...')
#3 C:\Users\Admin\Documents\code_igniter\SBR_code_igniter_4\vendor\codeigniter4\framework\system\Database\BaseBuilder.php(2263): CodeIgniter\Database\BaseConnection->query('INSERT INTO `ap...', Array, false)
#4 C:\Users\Admin\Documents\code_igniter\SBR_code_igniter_4\vendor\codeigniter4\framework\system\Model.php(278): CodeIgniter\Database\BaseBuilder->insert()
#5 C:\Users\Admin\Documents\code_igniter\SBR_code_igniter_4\vendor\codeigniter4\framework\system\BaseModel.php(758): CodeIgniter\Model->doInsert(Array)
#6 C:\Users\Admin\Documents\code_igniter\SBR_code_igniter_4\vendor\codeigniter4\framework\system\Model.php(705): CodeIgniter\BaseModel->insert(Array, true)
#7 C:\Users\Admin\Documents\code_igniter\SBR_code_igniter_4\app\Commands\GenerateEmailNotificationLists.php(38): CodeIgniter\Model->insert(Object(App\Entities\Appointment))
#8 C:\Users\Admin\Documents\code_igniter\SBR_code_igniter_4\vendor\codeigniter4\framework\system\CLI\Commands.php(70): App\Commands\GenerateEmailNotificationLists->run(Array)
#9 C:\Users\Admin\Documents\code_igniter\SBR_code_igniter_4\vendor\codeigniter4\framework\system\CLI\CommandRunner.php(80): CodeIgniter\CLI\Commands->run('renters:schedul...', Array)
#10 C:\Users\Admin\Documents\code_igniter\SBR_code_igniter_4\vendor\codeigniter4\framework\system\CLI\CommandRunner.php(58): CodeIgniter\CLI\CommandRunner->index(Array)
#11 C:\Users\Admin\Documents\code_igniter\SBR_code_igniter_4\vendor\codeigniter4\framework\system\CodeIgniter.php(932): CodeIgniter\CLI\CommandRunner->_remap('index', 'renters:schedul...')
#12 C:\Users\Admin\Documents\code_igniter\SBR_code_igniter_4\vendor\codeigniter4\framework\system\CodeIgniter.php(432): CodeIgniter\CodeIgniter->runController(Object(CodeIgniter\CLI\CommandRunner))
#13 C:\Users\Admin\Documents\code_igniter\SBR_code_igniter_4\vendor\codeigniter4\framework\system\CodeIgniter.php(333): CodeIgniter\CodeIgniter->handleRequest(NULL, Object(Config\Cache), false)
#14 C:\Users\Admin\Documents\code_igniter\SBR_code_igniter_4\vendor\codeigniter4\framework\system\CLI\Console.php(61): CodeIgniter\CodeIgniter->run()
#15 C:\Users\Admin\Documents\code_igniter\SBR_code_igniter_4\spark(66): CodeIgniter\CLI\Console->run()
#16 {main}
ERROR - 2021-04-20 22:46:39 --> mysqli_sql_exception: Unknown column 'updated_at' in 'field list' in C:\Users\Admin\Documents\code_igniter\SBR_code_igniter_4\vendor\codeigniter4\framework\system\Database\MySQLi\Connection.php:314
Stack trace:
#0 C:\Users\Admin\Documents\code_igniter\SBR_code_igniter_4\vendor\codeigniter4\framework\system\Database\MySQLi\Connection.php(314): mysqli->query('INSERT INTO `ap...')
#1 C:\Users\Admin\Documents\code_igniter\SBR_code_igniter_4\vendor\codeigniter4\framework\system\Database\BaseConnection.php(713): CodeIgniter\Database\MySQLi\Connection->execute('INSERT INTO `ap...')
#2 C:\Users\Admin\Documents\code_igniter\SBR_code_igniter_4\vendor\codeigniter4\framework\system\Database\BaseConnection.php(641): CodeIgniter\Database\BaseConnection->simpleQuery('INSERT INTO `ap...')
#3 C:\Users\Admin\Documents\code_igniter\SBR_code_igniter_4\vendor\codeigniter4\framework\system\Database\BaseBuilder.php(2263): CodeIgniter\Database\BaseConnection->query('INSERT INTO `ap...', Array, false)
#4 C:\Users\Admin\Documents\code_igniter\SBR_code_igniter_4\vendor\codeigniter4\framework\system\Model.php(278): CodeIgniter\Database\BaseBuilder->insert()
#5 C:\Users\Admin\Documents\code_igniter\SBR_code_igniter_4\vendor\codeigniter4\framework\system\BaseModel.php(758): CodeIgniter\Model->doInsert(Array)
#6 C:\Users\Admin\Documents\code_igniter\SBR_code_igniter_4\vendor\codeigniter4\framework\system\Model.php(705): CodeIgniter\BaseModel->insert(Array, true)
#7 C:\Users\Admin\Documents\code_igniter\SBR_code_igniter_4\app\Commands\GenerateEmailNotificationLists.php(38): CodeIgniter\Model->insert(Object(App\Entities\Appointment))
#8 C:\Users\Admin\Documents\code_igniter\SBR_code_igniter_4\vendor\codeigniter4\framework\system\CLI\Commands.php(70): App\Commands\GenerateEmailNotificationLists->run(Array)
#9 C:\Users\Admin\Documents\code_igniter\SBR_code_igniter_4\vendor\codeigniter4\framework\system\CLI\CommandRunner.php(80): CodeIgniter\CLI\Commands->run('renters:schedul...', Array)
#10 C:\Users\Admin\Documents\code_igniter\SBR_code_igniter_4\vendor\codeigniter4\framework\system\CLI\CommandRunner.php(58): CodeIgniter\CLI\CommandRunner->index(Array)
#11 C:\Users\Admin\Documents\code_igniter\SBR_code_igniter_4\vendor\codeigniter4\framework\system\CodeIgniter.php(932): CodeIgniter\CLI\CommandRunner->_remap('index', 'renters:schedul...')
#12 C:\Users\Admin\Documents\code_igniter\SBR_code_igniter_4\vendor\codeigniter4\framework\system\CodeIgniter.php(432): CodeIgniter\CodeIgniter->runController(Object(CodeIgniter\CLI\CommandRunner))
#13 C:\Users\Admin\Documents\code_igniter\SBR_code_igniter_4\vendor\codeigniter4\framework\system\CodeIgniter.php(333): CodeIgniter\CodeIgniter->handleRequest(NULL, Object(Config\Cache), false)
#14 C:\Users\Admin\Documents\code_igniter\SBR_code_igniter_4\vendor\codeigniter4\framework\system\CLI\Console.php(61): CodeIgniter\CodeIgniter->run()
#15 C:\Users\Admin\Documents\code_igniter\SBR_code_igniter_4\spark(66): CodeIgniter\CLI\Console->run()
#16 {main}
CRITICAL - 2021-04-20 22:46:39 --> Unknown column 'updated_at' in 'field list'
#0 C:\Users\Admin\Documents\code_igniter\SBR_code_igniter_4\vendor\codeigniter4\framework\system\Database\MySQLi\Connection.php(314): mysqli->query('INSERT INTO `ap...')
#1 C:\Users\Admin\Documents\code_igniter\SBR_code_igniter_4\vendor\codeigniter4\framework\system\Database\BaseConnection.php(713): CodeIgniter\Database\MySQLi\Connection->execute('INSERT INTO `ap...')
#2 C:\Users\Admin\Documents\code_igniter\SBR_code_igniter_4\vendor\codeigniter4\framework\system\Database\BaseConnection.php(641): CodeIgniter\Database\BaseConnection->simpleQuery('INSERT INTO `ap...')
#3 C:\Users\Admin\Documents\code_igniter\SBR_code_igniter_4\vendor\codeigniter4\framework\system\Database\BaseBuilder.php(2263): CodeIgniter\Database\BaseConnection->query('INSERT INTO `ap...', Array, false)
#4 C:\Users\Admin\Documents\code_igniter\SBR_code_igniter_4\vendor\codeigniter4\framework\system\Model.php(278): CodeIgniter\Database\BaseBuilder->insert()
#5 C:\Users\Admin\Documents\code_igniter\SBR_code_igniter_4\vendor\codeigniter4\framework\system\BaseModel.php(758): CodeIgniter\Model->doInsert(Array)
#6 C:\Users\Admin\Documents\code_igniter\SBR_code_igniter_4\vendor\codeigniter4\framework\system\Model.php(705): CodeIgniter\BaseModel->insert(Array, true)
#7 C:\Users\Admin\Documents\code_igniter\SBR_code_igniter_4\app\Commands\GenerateEmailNotificationLists.php(38): CodeIgniter\Model->insert(Object(App\Entities\Appointment))
#8 C:\Users\Admin\Documents\code_igniter\SBR_code_igniter_4\vendor\codeigniter4\framework\system\CLI\Commands.php(70): App\Commands\GenerateEmailNotificationLists->run(Array)
#9 C:\Users\Admin\Documents\code_igniter\SBR_code_igniter_4\vendor\codeigniter4\framework\system\CLI\CommandRunner.php(80): CodeIgniter\CLI\Commands->run('renters:schedul...', Array)
#10 C:\Users\Admin\Documents\code_igniter\SBR_code_igniter_4\vendor\codeigniter4\framework\system\CLI\CommandRunner.php(58): CodeIgniter\CLI\CommandRunner->index(Array)
#11 C:\Users\Admin\Documents\code_igniter\SBR_code_igniter_4\vendor\codeigniter4\framework\system\CodeIgniter.php(932): CodeIgniter\CLI\CommandRunner->_remap('index', 'renters:schedul...')
#12 C:\Users\Admin\Documents\code_igniter\SBR_code_igniter_4\vendor\codeigniter4\framework\system\CodeIgniter.php(432): CodeIgniter\CodeIgniter->runController(Object(CodeIgniter\CLI\CommandRunner))
#13 C:\Users\Admin\Documents\code_igniter\SBR_code_igniter_4\vendor\codeigniter4\framework\system\CodeIgniter.php(333): CodeIgniter\CodeIgniter->handleRequest(NULL, Object(Config\Cache), false)
#14 C:\Users\Admin\Documents\code_igniter\SBR_code_igniter_4\vendor\codeigniter4\framework\system\CLI\Console.php(61): CodeIgniter\CodeIgniter->run()
#15 C:\Users\Admin\Documents\code_igniter\SBR_code_igniter_4\spark(66): CodeIgniter\CLI\Console->run()
#16 {main}
