CRITICAL - 2021-10-13 16:20:16 --> syntax error, unexpected token "<<"
#0 C:\Users\Admin\Documents\code_igniter\SBR_code_igniter_4\vendor\codeigniter4\framework\system\Router\Router.php(170): CodeIgniter\Router\Router->autoRoute('Test/testone')
#1 C:\Users\Admin\Documents\code_igniter\SBR_code_igniter_4\vendor\codeigniter4\framework\system\CodeIgniter.php(816): CodeIgniter\Router\Router->handle('Test/testone')
#2 C:\Users\Admin\Documents\code_igniter\SBR_code_igniter_4\vendor\codeigniter4\framework\system\CodeIgniter.php(385): CodeIgniter\CodeIgniter->tryToRouteIt(Object(CodeIgniter\Router\RouteCollection))
#3 C:\Users\Admin\Documents\code_igniter\SBR_code_igniter_4\vendor\codeigniter4\framework\system\CodeIgniter.php(333): CodeIgniter\CodeIgniter->handleRequest(NULL, Object(Config\Cache), false)
#4 C:\Users\Admin\Documents\code_igniter\SBR_code_igniter_4\public\index.php(44): CodeIgniter\CodeIgniter->run()
#5 {main}
CRITICAL - 2021-10-13 16:21:06 --> syntax error, unexpected token "<<"
#0 C:\Users\Admin\Documents\code_igniter\SBR_code_igniter_4\vendor\codeigniter4\framework\system\Router\Router.php(170): CodeIgniter\Router\Router->autoRoute('Test/testone')
#1 C:\Users\Admin\Documents\code_igniter\SBR_code_igniter_4\vendor\codeigniter4\framework\system\CodeIgniter.php(816): CodeIgniter\Router\Router->handle('Test/testone')
#2 C:\Users\Admin\Documents\code_igniter\SBR_code_igniter_4\vendor\codeigniter4\framework\system\CodeIgniter.php(385): CodeIgniter\CodeIgniter->tryToRouteIt(Object(CodeIgniter\Router\RouteCollection))
#3 C:\Users\Admin\Documents\code_igniter\SBR_code_igniter_4\vendor\codeigniter4\framework\system\CodeIgniter.php(333): CodeIgniter\CodeIgniter->handleRequest(NULL, Object(Config\Cache), false)
#4 C:\Users\Admin\Documents\code_igniter\SBR_code_igniter_4\public\index.php(44): CodeIgniter\CodeIgniter->run()
#5 {main}
CRITICAL - 2021-10-13 16:29:26 --> Call to a member function store() on null
#0 C:\Users\Admin\Documents\code_igniter\SBR_code_igniter_4\vendor\codeigniter4\framework\system\CodeIgniter.php(936): App\Controllers\Test->testTwo()
#1 C:\Users\Admin\Documents\code_igniter\SBR_code_igniter_4\vendor\codeigniter4\framework\system\CodeIgniter.php(432): CodeIgniter\CodeIgniter->runController(Object(App\Controllers\Test))
#2 C:\Users\Admin\Documents\code_igniter\SBR_code_igniter_4\vendor\codeigniter4\framework\system\CodeIgniter.php(333): CodeIgniter\CodeIgniter->handleRequest(NULL, Object(Config\Cache), false)
#3 C:\Users\Admin\Documents\code_igniter\SBR_code_igniter_4\public\index.php(44): CodeIgniter\CodeIgniter->run()
#4 {main}
