CRITICAL - 2021-12-17 08:21:52 --> Undefined variable $bikes
#0 C:\Users\hp\Documents\code_igniter\SBR_code_igniter_4\app\Views\Admin\RenterIncidents\update.php(77): CodeIgniter\Debug\Exceptions->errorHandler(2, 'Undefined varia...', 'C:\\Users\\hp\\Doc...', 77)
#1 C:\Users\hp\Documents\code_igniter\SBR_code_igniter_4\vendor\codeigniter4\framework\system\View\View.php(214): include('C:\\Users\\hp\\Doc...')
#2 C:\Users\hp\Documents\code_igniter\SBR_code_igniter_4\vendor\codeigniter4\framework\system\View\View.php(217): CodeIgniter\View\View->CodeIgniter\View\{closure}()
#3 C:\Users\hp\Documents\code_igniter\SBR_code_igniter_4\vendor\codeigniter4\framework\system\Common.php(1097): CodeIgniter\View\View->render('Admin/RenterInc...', Array, true)
#4 C:\Users\hp\Documents\code_igniter\SBR_code_igniter_4\app\Controllers\Admin\RenterIncidents.php(65): view('Admin/RenterInc...', Array)
#5 C:\Users\hp\Documents\code_igniter\SBR_code_igniter_4\vendor\codeigniter4\framework\system\CodeIgniter.php(824): App\Controllers\Admin\RenterIncidents->update('5')
#6 C:\Users\hp\Documents\code_igniter\SBR_code_igniter_4\vendor\codeigniter4\framework\system\CodeIgniter.php(410): CodeIgniter\CodeIgniter->runController(Object(App\Controllers\Admin\RenterIncidents))
#7 C:\Users\hp\Documents\code_igniter\SBR_code_igniter_4\vendor\codeigniter4\framework\system\CodeIgniter.php(318): CodeIgniter\CodeIgniter->handleRequest(NULL, Object(Config\Cache), false)
#8 C:\Users\hp\Documents\code_igniter\SBR_code_igniter_4\public\index.php(43): CodeIgniter\CodeIgniter->run()
#9 {main}
CRITICAL - 2021-12-17 08:21:52 --> Uncaught ErrorException: Undefined property: Config\Exceptions::$sensitiveDataInTrace in C:\Users\hp\Documents\code_igniter\SBR_code_igniter_4\vendor\codeigniter4\framework\system\Debug\Exceptions.php:242
Stack trace:
#0 C:\Users\hp\Documents\code_igniter\SBR_code_igniter_4\vendor\codeigniter4\framework\system\Debug\Exceptions.php(242): CodeIgniter\Debug\Exceptions->errorHandler(2, 'Undefined prope...', 'C:\\Users\\hp\\Doc...', 242)
#1 C:\Users\hp\Documents\code_igniter\SBR_code_igniter_4\vendor\codeigniter4\framework\system\Debug\Exceptions.php(225): CodeIgniter\Debug\Exceptions->collectVars(Object(ErrorException), 500)
#2 C:\Users\hp\Documents\code_igniter\SBR_code_igniter_4\vendor\codeigniter4\framework\system\Debug\Exceptions.php(232): CodeIgniter\Debug\Exceptions->CodeIgniter\Debug\{closure}()
#3 C:\Users\hp\Documents\code_igniter\SBR_code_igniter_4\vendor\codeigniter4\framework\system\Debug\Exceptions.php(116): CodeIgniter\Debug\Exceptions->render(Object(ErrorException), 500)
#4 [internal function]: CodeIgniter\Debug\Exceptions->exceptionHandler(Object(ErrorException))
#5 {main}
  thrown
#0 [internal function]: CodeIgniter\Debug\Exceptions->shutdownHandler()
#1 {main}
CRITICAL - 2021-12-17 08:27:11 --> Undefined variable $incident
#0 C:\Users\hp\Documents\code_igniter\SBR_code_igniter_4\app\Views\Admin\RenterIncidents\update.php(37): CodeIgniter\Debug\Exceptions->errorHandler(2, 'Undefined varia...', 'C:\\Users\\hp\\Doc...', 37)
#1 C:\Users\hp\Documents\code_igniter\SBR_code_igniter_4\vendor\codeigniter4\framework\system\View\View.php(214): include('C:\\Users\\hp\\Doc...')
#2 C:\Users\hp\Documents\code_igniter\SBR_code_igniter_4\vendor\codeigniter4\framework\system\View\View.php(217): CodeIgniter\View\View->CodeIgniter\View\{closure}()
#3 C:\Users\hp\Documents\code_igniter\SBR_code_igniter_4\vendor\codeigniter4\framework\system\Common.php(1097): CodeIgniter\View\View->render('Admin/RenterInc...', Array, true)
#4 C:\Users\hp\Documents\code_igniter\SBR_code_igniter_4\app\Controllers\Admin\RenterIncidents.php(65): view('Admin/RenterInc...')
#5 C:\Users\hp\Documents\code_igniter\SBR_code_igniter_4\vendor\codeigniter4\framework\system\CodeIgniter.php(824): App\Controllers\Admin\RenterIncidents->update('4')
#6 C:\Users\hp\Documents\code_igniter\SBR_code_igniter_4\vendor\codeigniter4\framework\system\CodeIgniter.php(410): CodeIgniter\CodeIgniter->runController(Object(App\Controllers\Admin\RenterIncidents))
#7 C:\Users\hp\Documents\code_igniter\SBR_code_igniter_4\vendor\codeigniter4\framework\system\CodeIgniter.php(318): CodeIgniter\CodeIgniter->handleRequest(NULL, Object(Config\Cache), false)
#8 C:\Users\hp\Documents\code_igniter\SBR_code_igniter_4\public\index.php(43): CodeIgniter\CodeIgniter->run()
#9 {main}
CRITICAL - 2021-12-17 08:27:11 --> Uncaught ErrorException: Undefined property: Config\Exceptions::$sensitiveDataInTrace in C:\Users\hp\Documents\code_igniter\SBR_code_igniter_4\vendor\codeigniter4\framework\system\Debug\Exceptions.php:242
Stack trace:
#0 C:\Users\hp\Documents\code_igniter\SBR_code_igniter_4\vendor\codeigniter4\framework\system\Debug\Exceptions.php(242): CodeIgniter\Debug\Exceptions->errorHandler(2, 'Undefined prope...', 'C:\\Users\\hp\\Doc...', 242)
#1 C:\Users\hp\Documents\code_igniter\SBR_code_igniter_4\vendor\codeigniter4\framework\system\Debug\Exceptions.php(225): CodeIgniter\Debug\Exceptions->collectVars(Object(ErrorException), 500)
#2 C:\Users\hp\Documents\code_igniter\SBR_code_igniter_4\vendor\codeigniter4\framework\system\Debug\Exceptions.php(232): CodeIgniter\Debug\Exceptions->CodeIgniter\Debug\{closure}()
#3 C:\Users\hp\Documents\code_igniter\SBR_code_igniter_4\vendor\codeigniter4\framework\system\Debug\Exceptions.php(116): CodeIgniter\Debug\Exceptions->render(Object(ErrorException), 500)
#4 [internal function]: CodeIgniter\Debug\Exceptions->exceptionHandler(Object(ErrorException))
#5 {main}
  thrown
#0 [internal function]: CodeIgniter\Debug\Exceptions->shutdownHandler()
#1 {main}
CRITICAL - 2021-12-17 08:30:04 --> Undefined variable $bikes
#0 C:\Users\hp\Documents\code_igniter\SBR_code_igniter_4\app\Views\Admin\RenterIncidents\update.php(69): CodeIgniter\Debug\Exceptions->errorHandler(2, 'Undefined varia...', 'C:\\Users\\hp\\Doc...', 69)
#1 C:\Users\hp\Documents\code_igniter\SBR_code_igniter_4\vendor\codeigniter4\framework\system\View\View.php(214): include('C:\\Users\\hp\\Doc...')
#2 C:\Users\hp\Documents\code_igniter\SBR_code_igniter_4\vendor\codeigniter4\framework\system\View\View.php(217): CodeIgniter\View\View->CodeIgniter\View\{closure}()
#3 C:\Users\hp\Documents\code_igniter\SBR_code_igniter_4\vendor\codeigniter4\framework\system\Common.php(1097): CodeIgniter\View\View->render('Admin/RenterInc...', Array, true)
#4 C:\Users\hp\Documents\code_igniter\SBR_code_igniter_4\app\Controllers\Admin\RenterIncidents.php(65): view('Admin/RenterInc...', Array)
#5 C:\Users\hp\Documents\code_igniter\SBR_code_igniter_4\vendor\codeigniter4\framework\system\CodeIgniter.php(824): App\Controllers\Admin\RenterIncidents->update('4')
#6 C:\Users\hp\Documents\code_igniter\SBR_code_igniter_4\vendor\codeigniter4\framework\system\CodeIgniter.php(410): CodeIgniter\CodeIgniter->runController(Object(App\Controllers\Admin\RenterIncidents))
#7 C:\Users\hp\Documents\code_igniter\SBR_code_igniter_4\vendor\codeigniter4\framework\system\CodeIgniter.php(318): CodeIgniter\CodeIgniter->handleRequest(NULL, Object(Config\Cache), false)
#8 C:\Users\hp\Documents\code_igniter\SBR_code_igniter_4\public\index.php(43): CodeIgniter\CodeIgniter->run()
#9 {main}
CRITICAL - 2021-12-17 08:30:04 --> Uncaught ErrorException: Undefined property: Config\Exceptions::$sensitiveDataInTrace in C:\Users\hp\Documents\code_igniter\SBR_code_igniter_4\vendor\codeigniter4\framework\system\Debug\Exceptions.php:242
Stack trace:
#0 C:\Users\hp\Documents\code_igniter\SBR_code_igniter_4\vendor\codeigniter4\framework\system\Debug\Exceptions.php(242): CodeIgniter\Debug\Exceptions->errorHandler(2, 'Undefined prope...', 'C:\\Users\\hp\\Doc...', 242)
#1 C:\Users\hp\Documents\code_igniter\SBR_code_igniter_4\vendor\codeigniter4\framework\system\Debug\Exceptions.php(225): CodeIgniter\Debug\Exceptions->collectVars(Object(ErrorException), 500)
#2 C:\Users\hp\Documents\code_igniter\SBR_code_igniter_4\vendor\codeigniter4\framework\system\Debug\Exceptions.php(232): CodeIgniter\Debug\Exceptions->CodeIgniter\Debug\{closure}()
#3 C:\Users\hp\Documents\code_igniter\SBR_code_igniter_4\vendor\codeigniter4\framework\system\Debug\Exceptions.php(116): CodeIgniter\Debug\Exceptions->render(Object(ErrorException), 500)
#4 [internal function]: CodeIgniter\Debug\Exceptions->exceptionHandler(Object(ErrorException))
#5 {main}
  thrown
#0 [internal function]: CodeIgniter\Debug\Exceptions->shutdownHandler()
#1 {main}
CRITICAL - 2021-12-17 08:35:06 --> Undefined variable $bikes
#0 C:\Users\hp\Documents\code_igniter\SBR_code_igniter_4\app\Views\Admin\RenterIncidents\update.php(77): CodeIgniter\Debug\Exceptions->errorHandler(2, 'Undefined varia...', 'C:\\Users\\hp\\Doc...', 77)
#1 C:\Users\hp\Documents\code_igniter\SBR_code_igniter_4\vendor\codeigniter4\framework\system\View\View.php(214): include('C:\\Users\\hp\\Doc...')
#2 C:\Users\hp\Documents\code_igniter\SBR_code_igniter_4\vendor\codeigniter4\framework\system\View\View.php(217): CodeIgniter\View\View->CodeIgniter\View\{closure}()
#3 C:\Users\hp\Documents\code_igniter\SBR_code_igniter_4\vendor\codeigniter4\framework\system\Common.php(1097): CodeIgniter\View\View->render('Admin/RenterInc...', Array, true)
#4 C:\Users\hp\Documents\code_igniter\SBR_code_igniter_4\app\Controllers\Admin\RenterIncidents.php(65): view('Admin/RenterInc...', Array)
#5 C:\Users\hp\Documents\code_igniter\SBR_code_igniter_4\vendor\codeigniter4\framework\system\CodeIgniter.php(824): App\Controllers\Admin\RenterIncidents->update('4')
#6 C:\Users\hp\Documents\code_igniter\SBR_code_igniter_4\vendor\codeigniter4\framework\system\CodeIgniter.php(410): CodeIgniter\CodeIgniter->runController(Object(App\Controllers\Admin\RenterIncidents))
#7 C:\Users\hp\Documents\code_igniter\SBR_code_igniter_4\vendor\codeigniter4\framework\system\CodeIgniter.php(318): CodeIgniter\CodeIgniter->handleRequest(NULL, Object(Config\Cache), false)
#8 C:\Users\hp\Documents\code_igniter\SBR_code_igniter_4\public\index.php(43): CodeIgniter\CodeIgniter->run()
#9 {main}
CRITICAL - 2021-12-17 08:35:06 --> Uncaught ErrorException: Undefined property: Config\Exceptions::$sensitiveDataInTrace in C:\Users\hp\Documents\code_igniter\SBR_code_igniter_4\vendor\codeigniter4\framework\system\Debug\Exceptions.php:242
Stack trace:
#0 C:\Users\hp\Documents\code_igniter\SBR_code_igniter_4\vendor\codeigniter4\framework\system\Debug\Exceptions.php(242): CodeIgniter\Debug\Exceptions->errorHandler(2, 'Undefined prope...', 'C:\\Users\\hp\\Doc...', 242)
#1 C:\Users\hp\Documents\code_igniter\SBR_code_igniter_4\vendor\codeigniter4\framework\system\Debug\Exceptions.php(225): CodeIgniter\Debug\Exceptions->collectVars(Object(ErrorException), 500)
#2 C:\Users\hp\Documents\code_igniter\SBR_code_igniter_4\vendor\codeigniter4\framework\system\Debug\Exceptions.php(232): CodeIgniter\Debug\Exceptions->CodeIgniter\Debug\{closure}()
#3 C:\Users\hp\Documents\code_igniter\SBR_code_igniter_4\vendor\codeigniter4\framework\system\Debug\Exceptions.php(116): CodeIgniter\Debug\Exceptions->render(Object(ErrorException), 500)
#4 [internal function]: CodeIgniter\Debug\Exceptions->exceptionHandler(Object(ErrorException))
#5 {main}
  thrown
#0 [internal function]: CodeIgniter\Debug\Exceptions->shutdownHandler()
#1 {main}
CRITICAL - 2021-12-17 10:52:52 --> Undefined variable $bikes
#0 C:\Users\hp\Documents\code_igniter\SBR_code_igniter_4\app\Views\Admin\RenterIncidents\update.php(77): CodeIgniter\Debug\Exceptions->errorHandler(2, 'Undefined varia...', 'C:\\Users\\hp\\Doc...', 77)
#1 C:\Users\hp\Documents\code_igniter\SBR_code_igniter_4\vendor\codeigniter4\framework\system\View\View.php(214): include('C:\\Users\\hp\\Doc...')
#2 C:\Users\hp\Documents\code_igniter\SBR_code_igniter_4\vendor\codeigniter4\framework\system\View\View.php(217): CodeIgniter\View\View->CodeIgniter\View\{closure}()
#3 C:\Users\hp\Documents\code_igniter\SBR_code_igniter_4\vendor\codeigniter4\framework\system\Common.php(1097): CodeIgniter\View\View->render('Admin/RenterInc...', Array, true)
#4 C:\Users\hp\Documents\code_igniter\SBR_code_igniter_4\app\Controllers\Admin\RenterIncidents.php(65): view('Admin/RenterInc...', Array)
#5 C:\Users\hp\Documents\code_igniter\SBR_code_igniter_4\vendor\codeigniter4\framework\system\CodeIgniter.php(824): App\Controllers\Admin\RenterIncidents->update('4')
#6 C:\Users\hp\Documents\code_igniter\SBR_code_igniter_4\vendor\codeigniter4\framework\system\CodeIgniter.php(410): CodeIgniter\CodeIgniter->runController(Object(App\Controllers\Admin\RenterIncidents))
#7 C:\Users\hp\Documents\code_igniter\SBR_code_igniter_4\vendor\codeigniter4\framework\system\CodeIgniter.php(318): CodeIgniter\CodeIgniter->handleRequest(NULL, Object(Config\Cache), false)
#8 C:\Users\hp\Documents\code_igniter\SBR_code_igniter_4\public\index.php(43): CodeIgniter\CodeIgniter->run()
#9 {main}
CRITICAL - 2021-12-17 10:52:52 --> Uncaught ErrorException: Undefined property: Config\Exceptions::$sensitiveDataInTrace in C:\Users\hp\Documents\code_igniter\SBR_code_igniter_4\vendor\codeigniter4\framework\system\Debug\Exceptions.php:242
Stack trace:
#0 C:\Users\hp\Documents\code_igniter\SBR_code_igniter_4\vendor\codeigniter4\framework\system\Debug\Exceptions.php(242): CodeIgniter\Debug\Exceptions->errorHandler(2, 'Undefined prope...', 'C:\\Users\\hp\\Doc...', 242)
#1 C:\Users\hp\Documents\code_igniter\SBR_code_igniter_4\vendor\codeigniter4\framework\system\Debug\Exceptions.php(225): CodeIgniter\Debug\Exceptions->collectVars(Object(ErrorException), 500)
#2 C:\Users\hp\Documents\code_igniter\SBR_code_igniter_4\vendor\codeigniter4\framework\system\Debug\Exceptions.php(232): CodeIgniter\Debug\Exceptions->CodeIgniter\Debug\{closure}()
#3 C:\Users\hp\Documents\code_igniter\SBR_code_igniter_4\vendor\codeigniter4\framework\system\Debug\Exceptions.php(116): CodeIgniter\Debug\Exceptions->render(Object(ErrorException), 500)
#4 [internal function]: CodeIgniter\Debug\Exceptions->exceptionHandler(Object(ErrorException))
#5 {main}
  thrown
#0 [internal function]: CodeIgniter\Debug\Exceptions->shutdownHandler()
#1 {main}
CRITICAL - 2021-12-17 10:55:11 --> Undefined variable $bikes
#0 C:\Users\hp\Documents\code_igniter\SBR_code_igniter_4\app\Views\Admin\RenterIncidents\update.php(77): CodeIgniter\Debug\Exceptions->errorHandler(2, 'Undefined varia...', 'C:\\Users\\hp\\Doc...', 77)
#1 C:\Users\hp\Documents\code_igniter\SBR_code_igniter_4\vendor\codeigniter4\framework\system\View\View.php(214): include('C:\\Users\\hp\\Doc...')
#2 C:\Users\hp\Documents\code_igniter\SBR_code_igniter_4\vendor\codeigniter4\framework\system\View\View.php(217): CodeIgniter\View\View->CodeIgniter\View\{closure}()
#3 C:\Users\hp\Documents\code_igniter\SBR_code_igniter_4\vendor\codeigniter4\framework\system\Common.php(1097): CodeIgniter\View\View->render('Admin/RenterInc...', Array, true)
#4 C:\Users\hp\Documents\code_igniter\SBR_code_igniter_4\app\Controllers\Admin\RenterIncidents.php(65): view('Admin/RenterInc...', Array)
#5 C:\Users\hp\Documents\code_igniter\SBR_code_igniter_4\vendor\codeigniter4\framework\system\CodeIgniter.php(824): App\Controllers\Admin\RenterIncidents->update('6')
#6 C:\Users\hp\Documents\code_igniter\SBR_code_igniter_4\vendor\codeigniter4\framework\system\CodeIgniter.php(410): CodeIgniter\CodeIgniter->runController(Object(App\Controllers\Admin\RenterIncidents))
#7 C:\Users\hp\Documents\code_igniter\SBR_code_igniter_4\vendor\codeigniter4\framework\system\CodeIgniter.php(318): CodeIgniter\CodeIgniter->handleRequest(NULL, Object(Config\Cache), false)
#8 C:\Users\hp\Documents\code_igniter\SBR_code_igniter_4\public\index.php(43): CodeIgniter\CodeIgniter->run()
#9 {main}
CRITICAL - 2021-12-17 10:55:11 --> Uncaught ErrorException: Undefined property: Config\Exceptions::$sensitiveDataInTrace in C:\Users\hp\Documents\code_igniter\SBR_code_igniter_4\vendor\codeigniter4\framework\system\Debug\Exceptions.php:242
Stack trace:
#0 C:\Users\hp\Documents\code_igniter\SBR_code_igniter_4\vendor\codeigniter4\framework\system\Debug\Exceptions.php(242): CodeIgniter\Debug\Exceptions->errorHandler(2, 'Undefined prope...', 'C:\\Users\\hp\\Doc...', 242)
#1 C:\Users\hp\Documents\code_igniter\SBR_code_igniter_4\vendor\codeigniter4\framework\system\Debug\Exceptions.php(225): CodeIgniter\Debug\Exceptions->collectVars(Object(ErrorException), 500)
#2 C:\Users\hp\Documents\code_igniter\SBR_code_igniter_4\vendor\codeigniter4\framework\system\Debug\Exceptions.php(232): CodeIgniter\Debug\Exceptions->CodeIgniter\Debug\{closure}()
#3 C:\Users\hp\Documents\code_igniter\SBR_code_igniter_4\vendor\codeigniter4\framework\system\Debug\Exceptions.php(116): CodeIgniter\Debug\Exceptions->render(Object(ErrorException), 500)
#4 [internal function]: CodeIgniter\Debug\Exceptions->exceptionHandler(Object(ErrorException))
#5 {main}
  thrown
#0 [internal function]: CodeIgniter\Debug\Exceptions->shutdownHandler()
#1 {main}
CRITICAL - 2021-12-17 10:55:16 --> Undefined variable $bikes
#0 C:\Users\hp\Documents\code_igniter\SBR_code_igniter_4\app\Views\Admin\RenterIncidents\update.php(77): CodeIgniter\Debug\Exceptions->errorHandler(2, 'Undefined varia...', 'C:\\Users\\hp\\Doc...', 77)
#1 C:\Users\hp\Documents\code_igniter\SBR_code_igniter_4\vendor\codeigniter4\framework\system\View\View.php(214): include('C:\\Users\\hp\\Doc...')
#2 C:\Users\hp\Documents\code_igniter\SBR_code_igniter_4\vendor\codeigniter4\framework\system\View\View.php(217): CodeIgniter\View\View->CodeIgniter\View\{closure}()
#3 C:\Users\hp\Documents\code_igniter\SBR_code_igniter_4\vendor\codeigniter4\framework\system\Common.php(1097): CodeIgniter\View\View->render('Admin/RenterInc...', Array, true)
#4 C:\Users\hp\Documents\code_igniter\SBR_code_igniter_4\app\Controllers\Admin\RenterIncidents.php(65): view('Admin/RenterInc...', Array)
#5 C:\Users\hp\Documents\code_igniter\SBR_code_igniter_4\vendor\codeigniter4\framework\system\CodeIgniter.php(824): App\Controllers\Admin\RenterIncidents->update('5')
#6 C:\Users\hp\Documents\code_igniter\SBR_code_igniter_4\vendor\codeigniter4\framework\system\CodeIgniter.php(410): CodeIgniter\CodeIgniter->runController(Object(App\Controllers\Admin\RenterIncidents))
#7 C:\Users\hp\Documents\code_igniter\SBR_code_igniter_4\vendor\codeigniter4\framework\system\CodeIgniter.php(318): CodeIgniter\CodeIgniter->handleRequest(NULL, Object(Config\Cache), false)
#8 C:\Users\hp\Documents\code_igniter\SBR_code_igniter_4\public\index.php(43): CodeIgniter\CodeIgniter->run()
#9 {main}
CRITICAL - 2021-12-17 10:55:16 --> Uncaught ErrorException: Undefined property: Config\Exceptions::$sensitiveDataInTrace in C:\Users\hp\Documents\code_igniter\SBR_code_igniter_4\vendor\codeigniter4\framework\system\Debug\Exceptions.php:242
Stack trace:
#0 C:\Users\hp\Documents\code_igniter\SBR_code_igniter_4\vendor\codeigniter4\framework\system\Debug\Exceptions.php(242): CodeIgniter\Debug\Exceptions->errorHandler(2, 'Undefined prope...', 'C:\\Users\\hp\\Doc...', 242)
#1 C:\Users\hp\Documents\code_igniter\SBR_code_igniter_4\vendor\codeigniter4\framework\system\Debug\Exceptions.php(225): CodeIgniter\Debug\Exceptions->collectVars(Object(ErrorException), 500)
#2 C:\Users\hp\Documents\code_igniter\SBR_code_igniter_4\vendor\codeigniter4\framework\system\Debug\Exceptions.php(232): CodeIgniter\Debug\Exceptions->CodeIgniter\Debug\{closure}()
#3 C:\Users\hp\Documents\code_igniter\SBR_code_igniter_4\vendor\codeigniter4\framework\system\Debug\Exceptions.php(116): CodeIgniter\Debug\Exceptions->render(Object(ErrorException), 500)
#4 [internal function]: CodeIgniter\Debug\Exceptions->exceptionHandler(Object(ErrorException))
#5 {main}
  thrown
#0 [internal function]: CodeIgniter\Debug\Exceptions->shutdownHandler()
#1 {main}
CRITICAL - 2021-12-17 10:55:19 --> Undefined variable $bikes
#0 C:\Users\hp\Documents\code_igniter\SBR_code_igniter_4\app\Views\Admin\RenterIncidents\update.php(77): CodeIgniter\Debug\Exceptions->errorHandler(2, 'Undefined varia...', 'C:\\Users\\hp\\Doc...', 77)
#1 C:\Users\hp\Documents\code_igniter\SBR_code_igniter_4\vendor\codeigniter4\framework\system\View\View.php(214): include('C:\\Users\\hp\\Doc...')
#2 C:\Users\hp\Documents\code_igniter\SBR_code_igniter_4\vendor\codeigniter4\framework\system\View\View.php(217): CodeIgniter\View\View->CodeIgniter\View\{closure}()
#3 C:\Users\hp\Documents\code_igniter\SBR_code_igniter_4\vendor\codeigniter4\framework\system\Common.php(1097): CodeIgniter\View\View->render('Admin/RenterInc...', Array, true)
#4 C:\Users\hp\Documents\code_igniter\SBR_code_igniter_4\app\Controllers\Admin\RenterIncidents.php(65): view('Admin/RenterInc...', Array)
#5 C:\Users\hp\Documents\code_igniter\SBR_code_igniter_4\vendor\codeigniter4\framework\system\CodeIgniter.php(824): App\Controllers\Admin\RenterIncidents->update('4')
#6 C:\Users\hp\Documents\code_igniter\SBR_code_igniter_4\vendor\codeigniter4\framework\system\CodeIgniter.php(410): CodeIgniter\CodeIgniter->runController(Object(App\Controllers\Admin\RenterIncidents))
#7 C:\Users\hp\Documents\code_igniter\SBR_code_igniter_4\vendor\codeigniter4\framework\system\CodeIgniter.php(318): CodeIgniter\CodeIgniter->handleRequest(NULL, Object(Config\Cache), false)
#8 C:\Users\hp\Documents\code_igniter\SBR_code_igniter_4\public\index.php(43): CodeIgniter\CodeIgniter->run()
#9 {main}
CRITICAL - 2021-12-17 10:55:19 --> Uncaught ErrorException: Undefined property: Config\Exceptions::$sensitiveDataInTrace in C:\Users\hp\Documents\code_igniter\SBR_code_igniter_4\vendor\codeigniter4\framework\system\Debug\Exceptions.php:242
Stack trace:
#0 C:\Users\hp\Documents\code_igniter\SBR_code_igniter_4\vendor\codeigniter4\framework\system\Debug\Exceptions.php(242): CodeIgniter\Debug\Exceptions->errorHandler(2, 'Undefined prope...', 'C:\\Users\\hp\\Doc...', 242)
#1 C:\Users\hp\Documents\code_igniter\SBR_code_igniter_4\vendor\codeigniter4\framework\system\Debug\Exceptions.php(225): CodeIgniter\Debug\Exceptions->collectVars(Object(ErrorException), 500)
#2 C:\Users\hp\Documents\code_igniter\SBR_code_igniter_4\vendor\codeigniter4\framework\system\Debug\Exceptions.php(232): CodeIgniter\Debug\Exceptions->CodeIgniter\Debug\{closure}()
#3 C:\Users\hp\Documents\code_igniter\SBR_code_igniter_4\vendor\codeigniter4\framework\system\Debug\Exceptions.php(116): CodeIgniter\Debug\Exceptions->render(Object(ErrorException), 500)
#4 [internal function]: CodeIgniter\Debug\Exceptions->exceptionHandler(Object(ErrorException))
#5 {main}
  thrown
#0 [internal function]: CodeIgniter\Debug\Exceptions->shutdownHandler()
#1 {main}
CRITICAL - 2021-12-17 11:00:49 --> Undefined variable $bike
#0 C:\Users\hp\Documents\code_igniter\SBR_code_igniter_4\app\Controllers\Admin\RenterIncidents.php(67): CodeIgniter\Debug\Exceptions->errorHandler(2, 'Undefined varia...', 'C:\\Users\\hp\\Doc...', 67)
#1 C:\Users\hp\Documents\code_igniter\SBR_code_igniter_4\vendor\codeigniter4\framework\system\CodeIgniter.php(824): App\Controllers\Admin\RenterIncidents->update('4')
#2 C:\Users\hp\Documents\code_igniter\SBR_code_igniter_4\vendor\codeigniter4\framework\system\CodeIgniter.php(410): CodeIgniter\CodeIgniter->runController(Object(App\Controllers\Admin\RenterIncidents))
#3 C:\Users\hp\Documents\code_igniter\SBR_code_igniter_4\vendor\codeigniter4\framework\system\CodeIgniter.php(318): CodeIgniter\CodeIgniter->handleRequest(NULL, Object(Config\Cache), false)
#4 C:\Users\hp\Documents\code_igniter\SBR_code_igniter_4\public\index.php(43): CodeIgniter\CodeIgniter->run()
#5 {main}
CRITICAL - 2021-12-17 11:00:49 --> Uncaught ErrorException: Undefined property: Config\Exceptions::$sensitiveDataInTrace in C:\Users\hp\Documents\code_igniter\SBR_code_igniter_4\vendor\codeigniter4\framework\system\Debug\Exceptions.php:242
Stack trace:
#0 C:\Users\hp\Documents\code_igniter\SBR_code_igniter_4\vendor\codeigniter4\framework\system\Debug\Exceptions.php(242): CodeIgniter\Debug\Exceptions->errorHandler(2, 'Undefined prope...', 'C:\\Users\\hp\\Doc...', 242)
#1 C:\Users\hp\Documents\code_igniter\SBR_code_igniter_4\vendor\codeigniter4\framework\system\Debug\Exceptions.php(225): CodeIgniter\Debug\Exceptions->collectVars(Object(ErrorException), 500)
#2 C:\Users\hp\Documents\code_igniter\SBR_code_igniter_4\vendor\codeigniter4\framework\system\Debug\Exceptions.php(232): CodeIgniter\Debug\Exceptions->CodeIgniter\Debug\{closure}()
#3 C:\Users\hp\Documents\code_igniter\SBR_code_igniter_4\vendor\codeigniter4\framework\system\Debug\Exceptions.php(116): CodeIgniter\Debug\Exceptions->render(Object(ErrorException), 500)
#4 [internal function]: CodeIgniter\Debug\Exceptions->exceptionHandler(Object(ErrorException))
#5 {main}
  thrown
#0 [internal function]: CodeIgniter\Debug\Exceptions->shutdownHandler()
#1 {main}
CRITICAL - 2021-12-17 11:01:32 --> Undefined variable $bike
#0 C:\Users\hp\Documents\code_igniter\SBR_code_igniter_4\app\Controllers\Admin\RenterIncidents.php(67): CodeIgniter\Debug\Exceptions->errorHandler(2, 'Undefined varia...', 'C:\\Users\\hp\\Doc...', 67)
#1 C:\Users\hp\Documents\code_igniter\SBR_code_igniter_4\vendor\codeigniter4\framework\system\CodeIgniter.php(824): App\Controllers\Admin\RenterIncidents->update('5')
#2 C:\Users\hp\Documents\code_igniter\SBR_code_igniter_4\vendor\codeigniter4\framework\system\CodeIgniter.php(410): CodeIgniter\CodeIgniter->runController(Object(App\Controllers\Admin\RenterIncidents))
#3 C:\Users\hp\Documents\code_igniter\SBR_code_igniter_4\vendor\codeigniter4\framework\system\CodeIgniter.php(318): CodeIgniter\CodeIgniter->handleRequest(NULL, Object(Config\Cache), false)
#4 C:\Users\hp\Documents\code_igniter\SBR_code_igniter_4\public\index.php(43): CodeIgniter\CodeIgniter->run()
#5 {main}
CRITICAL - 2021-12-17 11:01:32 --> Uncaught ErrorException: Undefined property: Config\Exceptions::$sensitiveDataInTrace in C:\Users\hp\Documents\code_igniter\SBR_code_igniter_4\vendor\codeigniter4\framework\system\Debug\Exceptions.php:242
Stack trace:
#0 C:\Users\hp\Documents\code_igniter\SBR_code_igniter_4\vendor\codeigniter4\framework\system\Debug\Exceptions.php(242): CodeIgniter\Debug\Exceptions->errorHandler(2, 'Undefined prope...', 'C:\\Users\\hp\\Doc...', 242)
#1 C:\Users\hp\Documents\code_igniter\SBR_code_igniter_4\vendor\codeigniter4\framework\system\Debug\Exceptions.php(225): CodeIgniter\Debug\Exceptions->collectVars(Object(ErrorException), 500)
#2 C:\Users\hp\Documents\code_igniter\SBR_code_igniter_4\vendor\codeigniter4\framework\system\Debug\Exceptions.php(232): CodeIgniter\Debug\Exceptions->CodeIgniter\Debug\{closure}()
#3 C:\Users\hp\Documents\code_igniter\SBR_code_igniter_4\vendor\codeigniter4\framework\system\Debug\Exceptions.php(116): CodeIgniter\Debug\Exceptions->render(Object(ErrorException), 500)
#4 [internal function]: CodeIgniter\Debug\Exceptions->exceptionHandler(Object(ErrorException))
#5 {main}
  thrown
#0 [internal function]: CodeIgniter\Debug\Exceptions->shutdownHandler()
#1 {main}
CRITICAL - 2021-12-17 11:01:37 --> Undefined variable $bike
#0 C:\Users\hp\Documents\code_igniter\SBR_code_igniter_4\app\Controllers\Admin\RenterIncidents.php(67): CodeIgniter\Debug\Exceptions->errorHandler(2, 'Undefined varia...', 'C:\\Users\\hp\\Doc...', 67)
#1 C:\Users\hp\Documents\code_igniter\SBR_code_igniter_4\vendor\codeigniter4\framework\system\CodeIgniter.php(824): App\Controllers\Admin\RenterIncidents->update('4')
#2 C:\Users\hp\Documents\code_igniter\SBR_code_igniter_4\vendor\codeigniter4\framework\system\CodeIgniter.php(410): CodeIgniter\CodeIgniter->runController(Object(App\Controllers\Admin\RenterIncidents))
#3 C:\Users\hp\Documents\code_igniter\SBR_code_igniter_4\vendor\codeigniter4\framework\system\CodeIgniter.php(318): CodeIgniter\CodeIgniter->handleRequest(NULL, Object(Config\Cache), false)
#4 C:\Users\hp\Documents\code_igniter\SBR_code_igniter_4\public\index.php(43): CodeIgniter\CodeIgniter->run()
#5 {main}
CRITICAL - 2021-12-17 11:01:37 --> Uncaught ErrorException: Undefined property: Config\Exceptions::$sensitiveDataInTrace in C:\Users\hp\Documents\code_igniter\SBR_code_igniter_4\vendor\codeigniter4\framework\system\Debug\Exceptions.php:242
Stack trace:
#0 C:\Users\hp\Documents\code_igniter\SBR_code_igniter_4\vendor\codeigniter4\framework\system\Debug\Exceptions.php(242): CodeIgniter\Debug\Exceptions->errorHandler(2, 'Undefined prope...', 'C:\\Users\\hp\\Doc...', 242)
#1 C:\Users\hp\Documents\code_igniter\SBR_code_igniter_4\vendor\codeigniter4\framework\system\Debug\Exceptions.php(225): CodeIgniter\Debug\Exceptions->collectVars(Object(ErrorException), 500)
#2 C:\Users\hp\Documents\code_igniter\SBR_code_igniter_4\vendor\codeigniter4\framework\system\Debug\Exceptions.php(232): CodeIgniter\Debug\Exceptions->CodeIgniter\Debug\{closure}()
#3 C:\Users\hp\Documents\code_igniter\SBR_code_igniter_4\vendor\codeigniter4\framework\system\Debug\Exceptions.php(116): CodeIgniter\Debug\Exceptions->render(Object(ErrorException), 500)
#4 [internal function]: CodeIgniter\Debug\Exceptions->exceptionHandler(Object(ErrorException))
#5 {main}
  thrown
#0 [internal function]: CodeIgniter\Debug\Exceptions->shutdownHandler()
#1 {main}
CRITICAL - 2021-12-17 11:02:04 --> Undefined variable $bike
#0 C:\Users\hp\Documents\code_igniter\SBR_code_igniter_4\app\Controllers\Admin\RenterIncidents.php(67): CodeIgniter\Debug\Exceptions->errorHandler(2, 'Undefined varia...', 'C:\\Users\\hp\\Doc...', 67)
#1 C:\Users\hp\Documents\code_igniter\SBR_code_igniter_4\vendor\codeigniter4\framework\system\CodeIgniter.php(824): App\Controllers\Admin\RenterIncidents->update('4')
#2 C:\Users\hp\Documents\code_igniter\SBR_code_igniter_4\vendor\codeigniter4\framework\system\CodeIgniter.php(410): CodeIgniter\CodeIgniter->runController(Object(App\Controllers\Admin\RenterIncidents))
#3 C:\Users\hp\Documents\code_igniter\SBR_code_igniter_4\vendor\codeigniter4\framework\system\CodeIgniter.php(318): CodeIgniter\CodeIgniter->handleRequest(NULL, Object(Config\Cache), false)
#4 C:\Users\hp\Documents\code_igniter\SBR_code_igniter_4\public\index.php(43): CodeIgniter\CodeIgniter->run()
#5 {main}
CRITICAL - 2021-12-17 11:02:04 --> Uncaught ErrorException: Undefined property: Config\Exceptions::$sensitiveDataInTrace in C:\Users\hp\Documents\code_igniter\SBR_code_igniter_4\vendor\codeigniter4\framework\system\Debug\Exceptions.php:242
Stack trace:
#0 C:\Users\hp\Documents\code_igniter\SBR_code_igniter_4\vendor\codeigniter4\framework\system\Debug\Exceptions.php(242): CodeIgniter\Debug\Exceptions->errorHandler(2, 'Undefined prope...', 'C:\\Users\\hp\\Doc...', 242)
#1 C:\Users\hp\Documents\code_igniter\SBR_code_igniter_4\vendor\codeigniter4\framework\system\Debug\Exceptions.php(225): CodeIgniter\Debug\Exceptions->collectVars(Object(ErrorException), 500)
#2 C:\Users\hp\Documents\code_igniter\SBR_code_igniter_4\vendor\codeigniter4\framework\system\Debug\Exceptions.php(232): CodeIgniter\Debug\Exceptions->CodeIgniter\Debug\{closure}()
#3 C:\Users\hp\Documents\code_igniter\SBR_code_igniter_4\vendor\codeigniter4\framework\system\Debug\Exceptions.php(116): CodeIgniter\Debug\Exceptions->render(Object(ErrorException), 500)
#4 [internal function]: CodeIgniter\Debug\Exceptions->exceptionHandler(Object(ErrorException))
#5 {main}
  thrown
#0 [internal function]: CodeIgniter\Debug\Exceptions->shutdownHandler()
#1 {main}
CRITICAL - 2021-12-17 11:02:34 --> Undefined variable $bike
#0 C:\Users\hp\Documents\code_igniter\SBR_code_igniter_4\app\Controllers\Admin\RenterIncidents.php(67): CodeIgniter\Debug\Exceptions->errorHandler(2, 'Undefined varia...', 'C:\\Users\\hp\\Doc...', 67)
#1 C:\Users\hp\Documents\code_igniter\SBR_code_igniter_4\vendor\codeigniter4\framework\system\CodeIgniter.php(824): App\Controllers\Admin\RenterIncidents->update('4')
#2 C:\Users\hp\Documents\code_igniter\SBR_code_igniter_4\vendor\codeigniter4\framework\system\CodeIgniter.php(410): CodeIgniter\CodeIgniter->runController(Object(App\Controllers\Admin\RenterIncidents))
#3 C:\Users\hp\Documents\code_igniter\SBR_code_igniter_4\vendor\codeigniter4\framework\system\CodeIgniter.php(318): CodeIgniter\CodeIgniter->handleRequest(NULL, Object(Config\Cache), false)
#4 C:\Users\hp\Documents\code_igniter\SBR_code_igniter_4\public\index.php(43): CodeIgniter\CodeIgniter->run()
#5 {main}
CRITICAL - 2021-12-17 11:02:34 --> Uncaught ErrorException: Undefined property: Config\Exceptions::$sensitiveDataInTrace in C:\Users\hp\Documents\code_igniter\SBR_code_igniter_4\vendor\codeigniter4\framework\system\Debug\Exceptions.php:242
Stack trace:
#0 C:\Users\hp\Documents\code_igniter\SBR_code_igniter_4\vendor\codeigniter4\framework\system\Debug\Exceptions.php(242): CodeIgniter\Debug\Exceptions->errorHandler(2, 'Undefined prope...', 'C:\\Users\\hp\\Doc...', 242)
#1 C:\Users\hp\Documents\code_igniter\SBR_code_igniter_4\vendor\codeigniter4\framework\system\Debug\Exceptions.php(225): CodeIgniter\Debug\Exceptions->collectVars(Object(ErrorException), 500)
#2 C:\Users\hp\Documents\code_igniter\SBR_code_igniter_4\vendor\codeigniter4\framework\system\Debug\Exceptions.php(232): CodeIgniter\Debug\Exceptions->CodeIgniter\Debug\{closure}()
#3 C:\Users\hp\Documents\code_igniter\SBR_code_igniter_4\vendor\codeigniter4\framework\system\Debug\Exceptions.php(116): CodeIgniter\Debug\Exceptions->render(Object(ErrorException), 500)
#4 [internal function]: CodeIgniter\Debug\Exceptions->exceptionHandler(Object(ErrorException))
#5 {main}
  thrown
#0 [internal function]: CodeIgniter\Debug\Exceptions->shutdownHandler()
#1 {main}
ERROR - 2021-12-17 11:07:32 --> Unknown column 'plate_number' in 'field list'
CRITICAL - 2021-12-17 11:07:32 --> Unknown column 'plate_number' in 'field list'
#0 C:\Users\hp\Documents\code_igniter\SBR_code_igniter_4\vendor\codeigniter4\framework\system\Database\MySQLi\Connection.php(292): mysqli->query('INSERT INTO `re...', 0)
#1 C:\Users\hp\Documents\code_igniter\SBR_code_igniter_4\vendor\codeigniter4\framework\system\Database\BaseConnection.php(670): CodeIgniter\Database\MySQLi\Connection->execute('INSERT INTO `re...')
#2 C:\Users\hp\Documents\code_igniter\SBR_code_igniter_4\vendor\codeigniter4\framework\system\Database\BaseConnection.php(598): CodeIgniter\Database\BaseConnection->simpleQuery('INSERT INTO `re...')
#3 C:\Users\hp\Documents\code_igniter\SBR_code_igniter_4\vendor\codeigniter4\framework\system\Database\BaseBuilder.php(1759): CodeIgniter\Database\BaseConnection->query('INSERT INTO `re...', Array, false)
#4 C:\Users\hp\Documents\code_igniter\SBR_code_igniter_4\vendor\codeigniter4\framework\system\Model.php(239): CodeIgniter\Database\BaseBuilder->insert()
#5 C:\Users\hp\Documents\code_igniter\SBR_code_igniter_4\vendor\codeigniter4\framework\system\BaseModel.php(738): CodeIgniter\Model->doInsert(Array)
#6 C:\Users\hp\Documents\code_igniter\SBR_code_igniter_4\vendor\codeigniter4\framework\system\Model.php(620): CodeIgniter\BaseModel->insert(Array, false)
#7 C:\Users\hp\Documents\code_igniter\SBR_code_igniter_4\vendor\codeigniter4\framework\system\BaseModel.php(658): CodeIgniter\Model->insert(Object(App\Entities\RenterIncident), false)
#8 C:\Users\hp\Documents\code_igniter\SBR_code_igniter_4\app\Controllers\Admin\RenterIncidents.php(52): CodeIgniter\BaseModel->save(Object(App\Entities\RenterIncident))
#9 C:\Users\hp\Documents\code_igniter\SBR_code_igniter_4\vendor\codeigniter4\framework\system\CodeIgniter.php(824): App\Controllers\Admin\RenterIncidents->saveIncident()
#10 C:\Users\hp\Documents\code_igniter\SBR_code_igniter_4\vendor\codeigniter4\framework\system\CodeIgniter.php(410): CodeIgniter\CodeIgniter->runController(Object(App\Controllers\Admin\RenterIncidents))
#11 C:\Users\hp\Documents\code_igniter\SBR_code_igniter_4\vendor\codeigniter4\framework\system\CodeIgniter.php(318): CodeIgniter\CodeIgniter->handleRequest(NULL, Object(Config\Cache), false)
#12 C:\Users\hp\Documents\code_igniter\SBR_code_igniter_4\public\index.php(43): CodeIgniter\CodeIgniter->run()
#13 {main}
CRITICAL - 2021-12-17 11:07:32 --> Uncaught ErrorException: Undefined property: Config\Exceptions::$sensitiveDataInTrace in C:\Users\hp\Documents\code_igniter\SBR_code_igniter_4\vendor\codeigniter4\framework\system\Debug\Exceptions.php:242
Stack trace:
#0 C:\Users\hp\Documents\code_igniter\SBR_code_igniter_4\vendor\codeigniter4\framework\system\Debug\Exceptions.php(242): CodeIgniter\Debug\Exceptions->errorHandler(2, 'Undefined prope...', 'C:\\Users\\hp\\Doc...', 242)
#1 C:\Users\hp\Documents\code_igniter\SBR_code_igniter_4\vendor\codeigniter4\framework\system\Debug\Exceptions.php(225): CodeIgniter\Debug\Exceptions->collectVars(Object(mysqli_sql_exception), 500)
#2 C:\Users\hp\Documents\code_igniter\SBR_code_igniter_4\vendor\codeigniter4\framework\system\Debug\Exceptions.php(232): CodeIgniter\Debug\Exceptions->CodeIgniter\Debug\{closure}()
#3 C:\Users\hp\Documents\code_igniter\SBR_code_igniter_4\vendor\codeigniter4\framework\system\Debug\Exceptions.php(116): CodeIgniter\Debug\Exceptions->render(Object(mysqli_sql_exception), 500)
#4 [internal function]: CodeIgniter\Debug\Exceptions->exceptionHandler(Object(mysqli_sql_exception))
#5 {main}
  thrown
#0 [internal function]: CodeIgniter\Debug\Exceptions->shutdownHandler()
#1 {main}
CRITICAL - 2021-12-17 11:25:19 --> Uncaught ErrorException: Undefined property: Config\Exceptions::$sensitiveDataInTrace in C:\Users\hp\Documents\code_igniter\SBR_code_igniter_4\vendor\codeigniter4\framework\system\Debug\Exceptions.php:242
Stack trace:
#0 C:\Users\hp\Documents\code_igniter\SBR_code_igniter_4\vendor\codeigniter4\framework\system\Debug\Exceptions.php(242): CodeIgniter\Debug\Exceptions->errorHandler(2, 'Undefined prope...', 'C:\\Users\\hp\\Doc...', 242)
#1 C:\Users\hp\Documents\code_igniter\SBR_code_igniter_4\vendor\codeigniter4\framework\system\Debug\Exceptions.php(110): CodeIgniter\Debug\Exceptions->collectVars(Object(CodeIgniter\Exceptions\PageNotFoundException), 404)
#2 [internal function]: CodeIgniter\Debug\Exceptions->exceptionHandler(Object(CodeIgniter\Exceptions\PageNotFoundException))
#3 {main}
  thrown
#0 [internal function]: CodeIgniter\Debug\Exceptions->shutdownHandler()
#1 {main}
