CRITICAL - 2021-06-25 16:29:37 --> Class "App\Models\UserModel" not found
#0 C:\Users\Admin\Documents\code_igniter\SBR_code_igniter_4\app\Libraries\Authentication.php(134): App\Libraries\Authentication->getUserFromRememberCookie()
#1 C:\Users\Admin\Documents\code_igniter\SBR_code_igniter_4\app\Libraries\Authentication.php(142): App\Libraries\Authentication->getCurrentUser()
#2 C:\Users\Admin\Documents\code_igniter\SBR_code_igniter_4\app\Filters\LoginFilter.php(11): App\Libraries\Authentication->isLoggedIn()
#3 C:\Users\Admin\Documents\code_igniter\SBR_code_igniter_4\vendor\codeigniter4\framework\system\Filters\Filters.php(181): App\Filters\LoginFilter->before(Object(CodeIgniter\HTTP\IncomingRequest), NULL)
#4 C:\Users\Admin\Documents\code_igniter\SBR_code_igniter_4\vendor\codeigniter4\framework\system\CodeIgniter.php(403): CodeIgniter\Filters\Filters->run('Admin/appointme...', 'before')
#5 C:\Users\Admin\Documents\code_igniter\SBR_code_igniter_4\vendor\codeigniter4\framework\system\CodeIgniter.php(333): CodeIgniter\CodeIgniter->handleRequest(NULL, Object(Config\Cache), false)
#6 C:\Users\Admin\Documents\code_igniter\SBR_code_igniter_4\public\index.php(44): CodeIgniter\CodeIgniter->run()
#7 {main}
CRITICAL - 2021-06-25 16:36:44 --> Class "App\Models\UserModel" not found
#0 C:\Users\Admin\Documents\code_igniter\SBR_code_igniter_4\app\Libraries\Authentication.php(129): App\Libraries\Authentication->getUserFromSession()
#1 C:\Users\Admin\Documents\code_igniter\SBR_code_igniter_4\app\Libraries\Authentication.php(142): App\Libraries\Authentication->getCurrentUser()
#2 C:\Users\Admin\Documents\code_igniter\SBR_code_igniter_4\app\Filters\LoginFilter.php(11): App\Libraries\Authentication->isLoggedIn()
#3 C:\Users\Admin\Documents\code_igniter\SBR_code_igniter_4\vendor\codeigniter4\framework\system\Filters\Filters.php(181): App\Filters\LoginFilter->before(Object(CodeIgniter\HTTP\IncomingRequest), NULL)
#4 C:\Users\Admin\Documents\code_igniter\SBR_code_igniter_4\vendor\codeigniter4\framework\system\CodeIgniter.php(403): CodeIgniter\Filters\Filters->run('Admin/Home/inde...', 'before')
#5 C:\Users\Admin\Documents\code_igniter\SBR_code_igniter_4\vendor\codeigniter4\framework\system\CodeIgniter.php(333): CodeIgniter\CodeIgniter->handleRequest(NULL, Object(Config\Cache), false)
#6 C:\Users\Admin\Documents\code_igniter\SBR_code_igniter_4\public\index.php(44): CodeIgniter\CodeIgniter->run()
#7 {main}
CRITICAL - 2021-06-25 16:37:14 --> Class "App\Models\UsesrModel" not found
#0 C:\Users\Admin\Documents\code_igniter\SBR_code_igniter_4\app\Libraries\Authentication.php(129): App\Libraries\Authentication->getUserFromSession()
#1 C:\Users\Admin\Documents\code_igniter\SBR_code_igniter_4\app\Libraries\Authentication.php(142): App\Libraries\Authentication->getCurrentUser()
#2 C:\Users\Admin\Documents\code_igniter\SBR_code_igniter_4\app\Filters\LoginFilter.php(11): App\Libraries\Authentication->isLoggedIn()
#3 C:\Users\Admin\Documents\code_igniter\SBR_code_igniter_4\vendor\codeigniter4\framework\system\Filters\Filters.php(181): App\Filters\LoginFilter->before(Object(CodeIgniter\HTTP\IncomingRequest), NULL)
#4 C:\Users\Admin\Documents\code_igniter\SBR_code_igniter_4\vendor\codeigniter4\framework\system\CodeIgniter.php(403): CodeIgniter\Filters\Filters->run('Admin/Home/inde...', 'before')
#5 C:\Users\Admin\Documents\code_igniter\SBR_code_igniter_4\vendor\codeigniter4\framework\system\CodeIgniter.php(333): CodeIgniter\CodeIgniter->handleRequest(NULL, Object(Config\Cache), false)
#6 C:\Users\Admin\Documents\code_igniter\SBR_code_igniter_4\public\index.php(44): CodeIgniter\CodeIgniter->run()
#7 {main}
