CRITICAL - 2021-04-21 12:01:00 --> syntax error, unexpected identifier "ll"
#0 C:\Users\Admin\Documents\code_igniter\SBR_code_igniter_4\vendor\codeigniter4\framework\system\Autoloader\Autoloader.php(265): CodeIgniter\Autoloader\Autoloader->includeFile('C:\\Users\\Admin\\...')
#1 C:\Users\Admin\Documents\code_igniter\SBR_code_igniter_4\vendor\codeigniter4\framework\system\Autoloader\Autoloader.php(228): CodeIgniter\Autoloader\Autoloader->loadInNamespace('App\\Commands\\Ge...')
#2 [internal function]: CodeIgniter\Autoloader\Autoloader->loadClass('App\\Commands\\Ge...')
#3 C:\Users\Admin\Documents\code_igniter\SBR_code_igniter_4\vendor\codeigniter4\framework\system\Autoloader\FileLocator.php(353): class_exists('\\App\\Commands\\G...')
#4 C:\Users\Admin\Documents\code_igniter\SBR_code_igniter_4\vendor\codeigniter4\framework\system\CLI\Commands.php(112): CodeIgniter\Autoloader\FileLocator->findQualifiedNameFromPath('C:\\Users\\Admin\\...')
#5 C:\Users\Admin\Documents\code_igniter\SBR_code_igniter_4\vendor\codeigniter4\framework\system\CLI\Commands.php(58): CodeIgniter\CLI\Commands->discoverCommands()
#6 C:\Users\Admin\Documents\code_igniter\SBR_code_igniter_4\vendor\codeigniter4\framework\system\CLI\CommandRunner.php(80): CodeIgniter\CLI\Commands->run('renters:schedul...', Array)
#7 C:\Users\Admin\Documents\code_igniter\SBR_code_igniter_4\vendor\codeigniter4\framework\system\CLI\CommandRunner.php(58): CodeIgniter\CLI\CommandRunner->index(Array)
#8 C:\Users\Admin\Documents\code_igniter\SBR_code_igniter_4\vendor\codeigniter4\framework\system\CodeIgniter.php(932): CodeIgniter\CLI\CommandRunner->_remap('index', 'renters:schedul...')
#9 C:\Users\Admin\Documents\code_igniter\SBR_code_igniter_4\vendor\codeigniter4\framework\system\CodeIgniter.php(432): CodeIgniter\CodeIgniter->runController(Object(CodeIgniter\CLI\CommandRunner))
#10 C:\Users\Admin\Documents\code_igniter\SBR_code_igniter_4\vendor\codeigniter4\framework\system\CodeIgniter.php(333): CodeIgniter\CodeIgniter->handleRequest(NULL, Object(Config\Cache), false)
#11 C:\Users\Admin\Documents\code_igniter\SBR_code_igniter_4\vendor\codeigniter4\framework\system\CLI\Console.php(61): CodeIgniter\CodeIgniter->run()
#12 C:\Users\Admin\Documents\code_igniter\SBR_code_igniter_4\spark(66): CodeIgniter\CLI\Console->run()
#13 {main}
CRITICAL - 2021-04-21 12:02:22 --> imap_open(): Couldn't open stream {sng103.hawkhost.com:993/ssl}INBOX.Sent
#0 [internal function]: CodeIgniter\Debug\Exceptions->errorHandler(2, 'imap_open(): Co...', 'C:\\Users\\Admin\\...', 115)
#1 C:\Users\Admin\Documents\code_igniter\SBR_code_igniter_4\app\Commands\GenerateEmailNotificationLists.php(115): imap_open('{sng103.hawkhos...', 'patrick@saigonb...', 'n1FaZ!Sz#)vB')
#2 C:\Users\Admin\Documents\code_igniter\SBR_code_igniter_4\vendor\codeigniter4\framework\system\CLI\Commands.php(70): App\Commands\GenerateEmailNotificationLists->run(Array)
#3 C:\Users\Admin\Documents\code_igniter\SBR_code_igniter_4\vendor\codeigniter4\framework\system\CLI\CommandRunner.php(80): CodeIgniter\CLI\Commands->run('renters:schedul...', Array)
#4 C:\Users\Admin\Documents\code_igniter\SBR_code_igniter_4\vendor\codeigniter4\framework\system\CLI\CommandRunner.php(58): CodeIgniter\CLI\CommandRunner->index(Array)
#5 C:\Users\Admin\Documents\code_igniter\SBR_code_igniter_4\vendor\codeigniter4\framework\system\CodeIgniter.php(932): CodeIgniter\CLI\CommandRunner->_remap('index', 'renters:schedul...')
#6 C:\Users\Admin\Documents\code_igniter\SBR_code_igniter_4\vendor\codeigniter4\framework\system\CodeIgniter.php(432): CodeIgniter\CodeIgniter->runController(Object(CodeIgniter\CLI\CommandRunner))
#7 C:\Users\Admin\Documents\code_igniter\SBR_code_igniter_4\vendor\codeigniter4\framework\system\CodeIgniter.php(333): CodeIgniter\CodeIgniter->handleRequest(NULL, Object(Config\Cache), false)
#8 C:\Users\Admin\Documents\code_igniter\SBR_code_igniter_4\vendor\codeigniter4\framework\system\CLI\Console.php(61): CodeIgniter\CodeIgniter->run()
#9 C:\Users\Admin\Documents\code_igniter\SBR_code_igniter_4\spark(66): CodeIgniter\CLI\Console->run()
#10 {main}
CRITICAL - 2021-04-21 12:04:39 --> SMTP connect() failed. https://github.com/PHPMailer/PHPMailer/wiki/Troubleshooting
#0 C:\Users\Admin\Documents\code_igniter\SBR_code_igniter_4\vendor\PHPMailer-master\src\PHPMailer.php(1609): PHPMailer\PHPMailer\PHPMailer->smtpSend('Date: Wed, 21 A...', '<h1 style="text...')
#1 C:\Users\Admin\Documents\code_igniter\SBR_code_igniter_4\vendor\PHPMailer-master\src\PHPMailer.php(1442): PHPMailer\PHPMailer\PHPMailer->postSend()
#2 C:\Users\Admin\Documents\code_igniter\SBR_code_igniter_4\app\Commands\GenerateEmailNotificationLists.php(108): PHPMailer\PHPMailer\PHPMailer->send()
#3 C:\Users\Admin\Documents\code_igniter\SBR_code_igniter_4\vendor\codeigniter4\framework\system\CLI\Commands.php(70): App\Commands\GenerateEmailNotificationLists->run(Array)
#4 C:\Users\Admin\Documents\code_igniter\SBR_code_igniter_4\vendor\codeigniter4\framework\system\CLI\CommandRunner.php(80): CodeIgniter\CLI\Commands->run('renters:schedul...', Array)
#5 C:\Users\Admin\Documents\code_igniter\SBR_code_igniter_4\vendor\codeigniter4\framework\system\CLI\CommandRunner.php(58): CodeIgniter\CLI\CommandRunner->index(Array)
#6 C:\Users\Admin\Documents\code_igniter\SBR_code_igniter_4\vendor\codeigniter4\framework\system\CodeIgniter.php(932): CodeIgniter\CLI\CommandRunner->_remap('index', 'renters:schedul...')
#7 C:\Users\Admin\Documents\code_igniter\SBR_code_igniter_4\vendor\codeigniter4\framework\system\CodeIgniter.php(432): CodeIgniter\CodeIgniter->runController(Object(CodeIgniter\CLI\CommandRunner))
#8 C:\Users\Admin\Documents\code_igniter\SBR_code_igniter_4\vendor\codeigniter4\framework\system\CodeIgniter.php(333): CodeIgniter\CodeIgniter->handleRequest(NULL, Object(Config\Cache), false)
#9 C:\Users\Admin\Documents\code_igniter\SBR_code_igniter_4\vendor\codeigniter4\framework\system\CLI\Console.php(61): CodeIgniter\CodeIgniter->run()
#10 C:\Users\Admin\Documents\code_igniter\SBR_code_igniter_4\spark(66): CodeIgniter\CLI\Console->run()
#11 {main}
CRITICAL - 2021-04-21 12:06:20 --> SMTP connect() failed. https://github.com/PHPMailer/PHPMailer/wiki/Troubleshooting
#0 C:\Users\Admin\Documents\code_igniter\SBR_code_igniter_4\vendor\PHPMailer-master\src\PHPMailer.php(1609): PHPMailer\PHPMailer\PHPMailer->smtpSend('Date: Wed, 21 A...', '<h1 style="text...')
#1 C:\Users\Admin\Documents\code_igniter\SBR_code_igniter_4\vendor\PHPMailer-master\src\PHPMailer.php(1442): PHPMailer\PHPMailer\PHPMailer->postSend()
#2 C:\Users\Admin\Documents\code_igniter\SBR_code_igniter_4\app\Commands\GenerateEmailNotificationLists.php(108): PHPMailer\PHPMailer\PHPMailer->send()
#3 C:\Users\Admin\Documents\code_igniter\SBR_code_igniter_4\vendor\codeigniter4\framework\system\CLI\Commands.php(70): App\Commands\GenerateEmailNotificationLists->run(Array)
#4 C:\Users\Admin\Documents\code_igniter\SBR_code_igniter_4\vendor\codeigniter4\framework\system\CLI\CommandRunner.php(80): CodeIgniter\CLI\Commands->run('renters:schedul...', Array)
#5 C:\Users\Admin\Documents\code_igniter\SBR_code_igniter_4\vendor\codeigniter4\framework\system\CLI\CommandRunner.php(58): CodeIgniter\CLI\CommandRunner->index(Array)
#6 C:\Users\Admin\Documents\code_igniter\SBR_code_igniter_4\vendor\codeigniter4\framework\system\CodeIgniter.php(932): CodeIgniter\CLI\CommandRunner->_remap('index', 'renters:schedul...')
#7 C:\Users\Admin\Documents\code_igniter\SBR_code_igniter_4\vendor\codeigniter4\framework\system\CodeIgniter.php(432): CodeIgniter\CodeIgniter->runController(Object(CodeIgniter\CLI\CommandRunner))
#8 C:\Users\Admin\Documents\code_igniter\SBR_code_igniter_4\vendor\codeigniter4\framework\system\CodeIgniter.php(333): CodeIgniter\CodeIgniter->handleRequest(NULL, Object(Config\Cache), false)
#9 C:\Users\Admin\Documents\code_igniter\SBR_code_igniter_4\vendor\codeigniter4\framework\system\CLI\Console.php(61): CodeIgniter\CodeIgniter->run()
#10 C:\Users\Admin\Documents\code_igniter\SBR_code_igniter_4\spark(66): CodeIgniter\CLI\Console->run()
#11 {main}
CRITICAL - 2021-04-21 12:07:08 --> imap_open(): Couldn't open stream {sng103.hawkhost.com:993/ssl}INBOX.Sent
#0 [internal function]: CodeIgniter\Debug\Exceptions->errorHandler(2, 'imap_open(): Co...', 'C:\\Users\\Admin\\...', 115)
#1 C:\Users\Admin\Documents\code_igniter\SBR_code_igniter_4\app\Commands\GenerateEmailNotificationLists.php(115): imap_open('{sng103.hawkhos...', 'patrick@saigonb...', 'n1FaZ!Sz#)vB')
#2 C:\Users\Admin\Documents\code_igniter\SBR_code_igniter_4\vendor\codeigniter4\framework\system\CLI\Commands.php(70): App\Commands\GenerateEmailNotificationLists->run(Array)
#3 C:\Users\Admin\Documents\code_igniter\SBR_code_igniter_4\vendor\codeigniter4\framework\system\CLI\CommandRunner.php(80): CodeIgniter\CLI\Commands->run('renters:schedul...', Array)
#4 C:\Users\Admin\Documents\code_igniter\SBR_code_igniter_4\vendor\codeigniter4\framework\system\CLI\CommandRunner.php(58): CodeIgniter\CLI\CommandRunner->index(Array)
#5 C:\Users\Admin\Documents\code_igniter\SBR_code_igniter_4\vendor\codeigniter4\framework\system\CodeIgniter.php(932): CodeIgniter\CLI\CommandRunner->_remap('index', 'renters:schedul...')
#6 C:\Users\Admin\Documents\code_igniter\SBR_code_igniter_4\vendor\codeigniter4\framework\system\CodeIgniter.php(432): CodeIgniter\CodeIgniter->runController(Object(CodeIgniter\CLI\CommandRunner))
#7 C:\Users\Admin\Documents\code_igniter\SBR_code_igniter_4\vendor\codeigniter4\framework\system\CodeIgniter.php(333): CodeIgniter\CodeIgniter->handleRequest(NULL, Object(Config\Cache), false)
#8 C:\Users\Admin\Documents\code_igniter\SBR_code_igniter_4\vendor\codeigniter4\framework\system\CLI\Console.php(61): CodeIgniter\CodeIgniter->run()
#9 C:\Users\Admin\Documents\code_igniter\SBR_code_igniter_4\spark(66): CodeIgniter\CLI\Console->run()
#10 {main}
CRITICAL - 2021-04-21 14:11:30 --> syntax error, unexpected token "}", expecting "," or ";"
#0 C:\Users\Admin\Documents\code_igniter\SBR_code_igniter_4\vendor\codeigniter4\framework\system\Autoloader\Autoloader.php(265): CodeIgniter\Autoloader\Autoloader->includeFile('C:\\Users\\Admin\\...')
#1 C:\Users\Admin\Documents\code_igniter\SBR_code_igniter_4\vendor\codeigniter4\framework\system\Autoloader\Autoloader.php(228): CodeIgniter\Autoloader\Autoloader->loadInNamespace('App\\Commands\\Ge...')
#2 [internal function]: CodeIgniter\Autoloader\Autoloader->loadClass('App\\Commands\\Ge...')
#3 C:\Users\Admin\Documents\code_igniter\SBR_code_igniter_4\vendor\codeigniter4\framework\system\Autoloader\FileLocator.php(353): class_exists('\\App\\Commands\\G...')
#4 C:\Users\Admin\Documents\code_igniter\SBR_code_igniter_4\vendor\codeigniter4\framework\system\CLI\Commands.php(112): CodeIgniter\Autoloader\FileLocator->findQualifiedNameFromPath('C:\\Users\\Admin\\...')
#5 C:\Users\Admin\Documents\code_igniter\SBR_code_igniter_4\vendor\codeigniter4\framework\system\CLI\Commands.php(58): CodeIgniter\CLI\Commands->discoverCommands()
#6 C:\Users\Admin\Documents\code_igniter\SBR_code_igniter_4\vendor\codeigniter4\framework\system\CLI\CommandRunner.php(80): CodeIgniter\CLI\Commands->run('renters:schedul...', Array)
#7 C:\Users\Admin\Documents\code_igniter\SBR_code_igniter_4\vendor\codeigniter4\framework\system\CLI\CommandRunner.php(58): CodeIgniter\CLI\CommandRunner->index(Array)
#8 C:\Users\Admin\Documents\code_igniter\SBR_code_igniter_4\vendor\codeigniter4\framework\system\CodeIgniter.php(932): CodeIgniter\CLI\CommandRunner->_remap('index', 'renters:schedul...')
#9 C:\Users\Admin\Documents\code_igniter\SBR_code_igniter_4\vendor\codeigniter4\framework\system\CodeIgniter.php(432): CodeIgniter\CodeIgniter->runController(Object(CodeIgniter\CLI\CommandRunner))
#10 C:\Users\Admin\Documents\code_igniter\SBR_code_igniter_4\vendor\codeigniter4\framework\system\CodeIgniter.php(333): CodeIgniter\CodeIgniter->handleRequest(NULL, Object(Config\Cache), false)
#11 C:\Users\Admin\Documents\code_igniter\SBR_code_igniter_4\vendor\codeigniter4\framework\system\CLI\Console.php(61): CodeIgniter\CodeIgniter->run()
#12 C:\Users\Admin\Documents\code_igniter\SBR_code_igniter_4\spark(66): CodeIgniter\CLI\Console->run()
#13 {main}
CRITICAL - 2021-04-21 14:24:50 --> syntax error, unexpected double-quoted string "\n", expecting "," or ";"
#0 C:\Users\Admin\Documents\code_igniter\SBR_code_igniter_4\vendor\codeigniter4\framework\system\Autoloader\Autoloader.php(265): CodeIgniter\Autoloader\Autoloader->includeFile('C:\\Users\\Admin\\...')
#1 C:\Users\Admin\Documents\code_igniter\SBR_code_igniter_4\vendor\codeigniter4\framework\system\Autoloader\Autoloader.php(228): CodeIgniter\Autoloader\Autoloader->loadInNamespace('App\\Commands\\Ge...')
#2 [internal function]: CodeIgniter\Autoloader\Autoloader->loadClass('App\\Commands\\Ge...')
#3 C:\Users\Admin\Documents\code_igniter\SBR_code_igniter_4\vendor\codeigniter4\framework\system\Autoloader\FileLocator.php(353): class_exists('\\App\\Commands\\G...')
#4 C:\Users\Admin\Documents\code_igniter\SBR_code_igniter_4\vendor\codeigniter4\framework\system\CLI\Commands.php(112): CodeIgniter\Autoloader\FileLocator->findQualifiedNameFromPath('C:\\Users\\Admin\\...')
#5 C:\Users\Admin\Documents\code_igniter\SBR_code_igniter_4\vendor\codeigniter4\framework\system\CLI\Commands.php(58): CodeIgniter\CLI\Commands->discoverCommands()
#6 C:\Users\Admin\Documents\code_igniter\SBR_code_igniter_4\vendor\codeigniter4\framework\system\CLI\CommandRunner.php(80): CodeIgniter\CLI\Commands->run('renters:schedul...', Array)
#7 C:\Users\Admin\Documents\code_igniter\SBR_code_igniter_4\vendor\codeigniter4\framework\system\CLI\CommandRunner.php(58): CodeIgniter\CLI\CommandRunner->index(Array)
#8 C:\Users\Admin\Documents\code_igniter\SBR_code_igniter_4\vendor\codeigniter4\framework\system\CodeIgniter.php(932): CodeIgniter\CLI\CommandRunner->_remap('index', 'renters:schedul...')
#9 C:\Users\Admin\Documents\code_igniter\SBR_code_igniter_4\vendor\codeigniter4\framework\system\CodeIgniter.php(432): CodeIgniter\CodeIgniter->runController(Object(CodeIgniter\CLI\CommandRunner))
#10 C:\Users\Admin\Documents\code_igniter\SBR_code_igniter_4\vendor\codeigniter4\framework\system\CodeIgniter.php(333): CodeIgniter\CodeIgniter->handleRequest(NULL, Object(Config\Cache), false)
#11 C:\Users\Admin\Documents\code_igniter\SBR_code_igniter_4\vendor\codeigniter4\framework\system\CLI\Console.php(61): CodeIgniter\CodeIgniter->run()
#12 C:\Users\Admin\Documents\code_igniter\SBR_code_igniter_4\spark(66): CodeIgniter\CLI\Console->run()
#13 {main}
CRITICAL - 2021-04-21 14:32:13 --> syntax error, unexpected token "}", expecting "," or ";"
#0 C:\Users\Admin\Documents\code_igniter\SBR_code_igniter_4\vendor\codeigniter4\framework\system\Autoloader\Autoloader.php(265): CodeIgniter\Autoloader\Autoloader->includeFile('C:\\Users\\Admin\\...')
#1 C:\Users\Admin\Documents\code_igniter\SBR_code_igniter_4\vendor\codeigniter4\framework\system\Autoloader\Autoloader.php(228): CodeIgniter\Autoloader\Autoloader->loadInNamespace('App\\Commands\\Ge...')
#2 [internal function]: CodeIgniter\Autoloader\Autoloader->loadClass('App\\Commands\\Ge...')
#3 C:\Users\Admin\Documents\code_igniter\SBR_code_igniter_4\vendor\codeigniter4\framework\system\Autoloader\FileLocator.php(353): class_exists('\\App\\Commands\\G...')
#4 C:\Users\Admin\Documents\code_igniter\SBR_code_igniter_4\vendor\codeigniter4\framework\system\CLI\Commands.php(112): CodeIgniter\Autoloader\FileLocator->findQualifiedNameFromPath('C:\\Users\\Admin\\...')
#5 C:\Users\Admin\Documents\code_igniter\SBR_code_igniter_4\vendor\codeigniter4\framework\system\CLI\Commands.php(58): CodeIgniter\CLI\Commands->discoverCommands()
#6 C:\Users\Admin\Documents\code_igniter\SBR_code_igniter_4\vendor\codeigniter4\framework\system\CLI\CommandRunner.php(80): CodeIgniter\CLI\Commands->run('renters:schedul...', Array)
#7 C:\Users\Admin\Documents\code_igniter\SBR_code_igniter_4\vendor\codeigniter4\framework\system\CLI\CommandRunner.php(58): CodeIgniter\CLI\CommandRunner->index(Array)
#8 C:\Users\Admin\Documents\code_igniter\SBR_code_igniter_4\vendor\codeigniter4\framework\system\CodeIgniter.php(932): CodeIgniter\CLI\CommandRunner->_remap('index', 'renters:schedul...')
#9 C:\Users\Admin\Documents\code_igniter\SBR_code_igniter_4\vendor\codeigniter4\framework\system\CodeIgniter.php(432): CodeIgniter\CodeIgniter->runController(Object(CodeIgniter\CLI\CommandRunner))
#10 C:\Users\Admin\Documents\code_igniter\SBR_code_igniter_4\vendor\codeigniter4\framework\system\CodeIgniter.php(333): CodeIgniter\CodeIgniter->handleRequest(NULL, Object(Config\Cache), false)
#11 C:\Users\Admin\Documents\code_igniter\SBR_code_igniter_4\vendor\codeigniter4\framework\system\CLI\Console.php(61): CodeIgniter\CodeIgniter->run()
#12 C:\Users\Admin\Documents\code_igniter\SBR_code_igniter_4\spark(66): CodeIgniter\CLI\Console->run()
#13 {main}
CRITICAL - 2021-04-21 14:38:03 --> syntax error, unexpected variable "$row", expecting "("
#0 C:\Users\Admin\Documents\code_igniter\SBR_code_igniter_4\vendor\codeigniter4\framework\system\Autoloader\Autoloader.php(265): CodeIgniter\Autoloader\Autoloader->includeFile('C:\\Users\\Admin\\...')
#1 C:\Users\Admin\Documents\code_igniter\SBR_code_igniter_4\vendor\codeigniter4\framework\system\Autoloader\Autoloader.php(228): CodeIgniter\Autoloader\Autoloader->loadInNamespace('App\\Commands\\Ge...')
#2 [internal function]: CodeIgniter\Autoloader\Autoloader->loadClass('App\\Commands\\Ge...')
#3 C:\Users\Admin\Documents\code_igniter\SBR_code_igniter_4\vendor\codeigniter4\framework\system\Autoloader\FileLocator.php(353): class_exists('\\App\\Commands\\G...')
#4 C:\Users\Admin\Documents\code_igniter\SBR_code_igniter_4\vendor\codeigniter4\framework\system\CLI\Commands.php(112): CodeIgniter\Autoloader\FileLocator->findQualifiedNameFromPath('C:\\Users\\Admin\\...')
#5 C:\Users\Admin\Documents\code_igniter\SBR_code_igniter_4\vendor\codeigniter4\framework\system\CLI\Commands.php(58): CodeIgniter\CLI\Commands->discoverCommands()
#6 C:\Users\Admin\Documents\code_igniter\SBR_code_igniter_4\vendor\codeigniter4\framework\system\CLI\CommandRunner.php(80): CodeIgniter\CLI\Commands->run('renters:schedul...', Array)
#7 C:\Users\Admin\Documents\code_igniter\SBR_code_igniter_4\vendor\codeigniter4\framework\system\CLI\CommandRunner.php(58): CodeIgniter\CLI\CommandRunner->index(Array)
#8 C:\Users\Admin\Documents\code_igniter\SBR_code_igniter_4\vendor\codeigniter4\framework\system\CodeIgniter.php(932): CodeIgniter\CLI\CommandRunner->_remap('index', 'renters:schedul...')
#9 C:\Users\Admin\Documents\code_igniter\SBR_code_igniter_4\vendor\codeigniter4\framework\system\CodeIgniter.php(432): CodeIgniter\CodeIgniter->runController(Object(CodeIgniter\CLI\CommandRunner))
#10 C:\Users\Admin\Documents\code_igniter\SBR_code_igniter_4\vendor\codeigniter4\framework\system\CodeIgniter.php(333): CodeIgniter\CodeIgniter->handleRequest(NULL, Object(Config\Cache), false)
#11 C:\Users\Admin\Documents\code_igniter\SBR_code_igniter_4\vendor\codeigniter4\framework\system\CLI\Console.php(61): CodeIgniter\CodeIgniter->run()
#12 C:\Users\Admin\Documents\code_igniter\SBR_code_igniter_4\spark(66): CodeIgniter\CLI\Console->run()
#13 {main}
CRITICAL - 2021-04-21 14:45:05 --> Undefined variable $message
#0 C:\Users\Admin\Documents\code_igniter\SBR_code_igniter_4\app\Commands\GenerateEmailNotificationLists.php(72): CodeIgniter\Debug\Exceptions->errorHandler(2, 'Undefined varia...', 'C:\\Users\\Admin\\...', 72)
#1 C:\Users\Admin\Documents\code_igniter\SBR_code_igniter_4\vendor\codeigniter4\framework\system\CLI\Commands.php(70): App\Commands\GenerateEmailNotificationLists->run(Array)
#2 C:\Users\Admin\Documents\code_igniter\SBR_code_igniter_4\vendor\codeigniter4\framework\system\CLI\CommandRunner.php(80): CodeIgniter\CLI\Commands->run('renters:schedul...', Array)
#3 C:\Users\Admin\Documents\code_igniter\SBR_code_igniter_4\vendor\codeigniter4\framework\system\CLI\CommandRunner.php(58): CodeIgniter\CLI\CommandRunner->index(Array)
#4 C:\Users\Admin\Documents\code_igniter\SBR_code_igniter_4\vendor\codeigniter4\framework\system\CodeIgniter.php(932): CodeIgniter\CLI\CommandRunner->_remap('index', 'renters:schedul...')
#5 C:\Users\Admin\Documents\code_igniter\SBR_code_igniter_4\vendor\codeigniter4\framework\system\CodeIgniter.php(432): CodeIgniter\CodeIgniter->runController(Object(CodeIgniter\CLI\CommandRunner))
#6 C:\Users\Admin\Documents\code_igniter\SBR_code_igniter_4\vendor\codeigniter4\framework\system\CodeIgniter.php(333): CodeIgniter\CodeIgniter->handleRequest(NULL, Object(Config\Cache), false)
#7 C:\Users\Admin\Documents\code_igniter\SBR_code_igniter_4\vendor\codeigniter4\framework\system\CLI\Console.php(61): CodeIgniter\CodeIgniter->run()
#8 C:\Users\Admin\Documents\code_igniter\SBR_code_igniter_4\spark(66): CodeIgniter\CLI\Console->run()
#9 {main}
CRITICAL - 2021-04-21 15:44:11 --> syntax error, unexpected token "}"
#0 C:\Users\Admin\Documents\code_igniter\SBR_code_igniter_4\vendor\codeigniter4\framework\system\Autoloader\Autoloader.php(265): CodeIgniter\Autoloader\Autoloader->includeFile('C:\\Users\\Admin\\...')
#1 C:\Users\Admin\Documents\code_igniter\SBR_code_igniter_4\vendor\codeigniter4\framework\system\Autoloader\Autoloader.php(228): CodeIgniter\Autoloader\Autoloader->loadInNamespace('App\\Commands\\Ge...')
#2 [internal function]: CodeIgniter\Autoloader\Autoloader->loadClass('App\\Commands\\Ge...')
#3 C:\Users\Admin\Documents\code_igniter\SBR_code_igniter_4\vendor\codeigniter4\framework\system\Autoloader\FileLocator.php(353): class_exists('\\App\\Commands\\G...')
#4 C:\Users\Admin\Documents\code_igniter\SBR_code_igniter_4\vendor\codeigniter4\framework\system\CLI\Commands.php(112): CodeIgniter\Autoloader\FileLocator->findQualifiedNameFromPath('C:\\Users\\Admin\\...')
#5 C:\Users\Admin\Documents\code_igniter\SBR_code_igniter_4\vendor\codeigniter4\framework\system\CLI\Commands.php(58): CodeIgniter\CLI\Commands->discoverCommands()
#6 C:\Users\Admin\Documents\code_igniter\SBR_code_igniter_4\vendor\codeigniter4\framework\system\CLI\CommandRunner.php(80): CodeIgniter\CLI\Commands->run('renters:schedul...', Array)
#7 C:\Users\Admin\Documents\code_igniter\SBR_code_igniter_4\vendor\codeigniter4\framework\system\CLI\CommandRunner.php(58): CodeIgniter\CLI\CommandRunner->index(Array)
#8 C:\Users\Admin\Documents\code_igniter\SBR_code_igniter_4\vendor\codeigniter4\framework\system\CodeIgniter.php(932): CodeIgniter\CLI\CommandRunner->_remap('index', 'renters:schedul...')
#9 C:\Users\Admin\Documents\code_igniter\SBR_code_igniter_4\vendor\codeigniter4\framework\system\CodeIgniter.php(432): CodeIgniter\CodeIgniter->runController(Object(CodeIgniter\CLI\CommandRunner))
#10 C:\Users\Admin\Documents\code_igniter\SBR_code_igniter_4\vendor\codeigniter4\framework\system\CodeIgniter.php(333): CodeIgniter\CodeIgniter->handleRequest(NULL, Object(Config\Cache), false)
#11 C:\Users\Admin\Documents\code_igniter\SBR_code_igniter_4\vendor\codeigniter4\framework\system\CLI\Console.php(61): CodeIgniter\CodeIgniter->run()
#12 C:\Users\Admin\Documents\code_igniter\SBR_code_igniter_4\spark(66): CodeIgniter\CLI\Console->run()
#13 {main}
