CRITICAL - 2021-11-22 09:28:30 --> Object of class App\Entities\Customer could not be converted to string
#0 C:\Users\hp\Documents\code_igniter\SBR_code_igniter_4\vendor\codeigniter4\framework\system\View\View.php(220): include()
#1 C:\Users\hp\Documents\code_igniter\SBR_code_igniter_4\vendor\codeigniter4\framework\system\View\View.php(222): CodeIgniter\View\View->CodeIgniter\View\{closure}()
#2 C:\Users\hp\Documents\code_igniter\SBR_code_igniter_4\vendor\codeigniter4\framework\system\Common.php(1217): CodeIgniter\View\View->render('Admin/Customers...', Array, true)
#3 C:\Users\hp\Documents\code_igniter\SBR_code_igniter_4\app\Controllers\Admin\Customers.php(316): view('Admin/Customers...', Array)
#4 C:\Users\hp\Documents\code_igniter\SBR_code_igniter_4\vendor\codeigniter4\framework\system\CodeIgniter.php(936): App\Controllers\Admin\Customers->viewInfo()
#5 C:\Users\hp\Documents\code_igniter\SBR_code_igniter_4\vendor\codeigniter4\framework\system\CodeIgniter.php(432): CodeIgniter\CodeIgniter->runController(Object(App\Controllers\Admin\Customers))
#6 C:\Users\hp\Documents\code_igniter\SBR_code_igniter_4\vendor\codeigniter4\framework\system\CodeIgniter.php(333): CodeIgniter\CodeIgniter->handleRequest(NULL, Object(Config\Cache), false)
#7 C:\Users\hp\Documents\code_igniter\SBR_code_igniter_4\public\index.php(44): CodeIgniter\CodeIgniter->run()
#8 {main}
CRITICAL - 2021-11-22 09:30:27 --> finfo::file(C:\Users\hp\Documents\code_igniter\SBR_code_igniter_4\writable\uploads/renter_docs/1636009889_bc3fa71a72abf9946b75.jpg): Failed to open stream: No such file or directory
#0 [internal function]: CodeIgniter\Debug\Exceptions->errorHandler(2, 'finfo::file(C:\\...', 'C:\\Users\\hp\\Doc...', 372)
#1 C:\Users\hp\Documents\code_igniter\SBR_code_igniter_4\app\Controllers\Admin\Customers.php(372): finfo->file('C:\\Users\\hp\\Doc...')
#2 C:\Users\hp\Documents\code_igniter\SBR_code_igniter_4\vendor\codeigniter4\framework\system\CodeIgniter.php(936): App\Controllers\Admin\Customers->passportPhoto('5476')
#3 C:\Users\hp\Documents\code_igniter\SBR_code_igniter_4\vendor\codeigniter4\framework\system\CodeIgniter.php(432): CodeIgniter\CodeIgniter->runController(Object(App\Controllers\Admin\Customers))
#4 C:\Users\hp\Documents\code_igniter\SBR_code_igniter_4\vendor\codeigniter4\framework\system\CodeIgniter.php(333): CodeIgniter\CodeIgniter->handleRequest(NULL, Object(Config\Cache), false)
#5 C:\Users\hp\Documents\code_igniter\SBR_code_igniter_4\public\index.php(44): CodeIgniter\CodeIgniter->run()
#6 {main}
CRITICAL - 2021-11-22 10:54:20 --> finfo::file(C:\Users\hp\Documents\code_igniter\SBR_code_igniter_4\writable\uploads/renter_docs/1636009889_bc3fa71a72abf9946b75.jpg): Failed to open stream: No such file or directory
#0 [internal function]: CodeIgniter\Debug\Exceptions->errorHandler(2, 'finfo::file(C:\\...', 'C:\\Users\\hp\\Doc...', 372)
#1 C:\Users\hp\Documents\code_igniter\SBR_code_igniter_4\app\Controllers\Admin\Customers.php(372): finfo->file('C:\\Users\\hp\\Doc...')
#2 C:\Users\hp\Documents\code_igniter\SBR_code_igniter_4\vendor\codeigniter4\framework\system\CodeIgniter.php(936): App\Controllers\Admin\Customers->passportPhoto('5476')
#3 C:\Users\hp\Documents\code_igniter\SBR_code_igniter_4\vendor\codeigniter4\framework\system\CodeIgniter.php(432): CodeIgniter\CodeIgniter->runController(Object(App\Controllers\Admin\Customers))
#4 C:\Users\hp\Documents\code_igniter\SBR_code_igniter_4\vendor\codeigniter4\framework\system\CodeIgniter.php(333): CodeIgniter\CodeIgniter->handleRequest(NULL, Object(Config\Cache), false)
#5 C:\Users\hp\Documents\code_igniter\SBR_code_igniter_4\public\index.php(44): CodeIgniter\CodeIgniter->run()
#6 {main}
CRITICAL - 2021-11-22 11:02:07 --> Unclosed '{' on line 14
#0 C:\Users\hp\Documents\code_igniter\SBR_code_igniter_4\vendor\codeigniter4\framework\system\Router\Router.php(170): CodeIgniter\Router\Router->autoRoute('Admin/Customers...')
#1 C:\Users\hp\Documents\code_igniter\SBR_code_igniter_4\vendor\codeigniter4\framework\system\CodeIgniter.php(816): CodeIgniter\Router\Router->handle('Admin/Customers...')
#2 C:\Users\hp\Documents\code_igniter\SBR_code_igniter_4\vendor\codeigniter4\framework\system\CodeIgniter.php(385): CodeIgniter\CodeIgniter->tryToRouteIt(Object(CodeIgniter\Router\RouteCollection))
#3 C:\Users\hp\Documents\code_igniter\SBR_code_igniter_4\vendor\codeigniter4\framework\system\CodeIgniter.php(333): CodeIgniter\CodeIgniter->handleRequest(NULL, Object(Config\Cache), false)
#4 C:\Users\hp\Documents\code_igniter\SBR_code_igniter_4\public\index.php(44): CodeIgniter\CodeIgniter->run()
#5 {main}
CRITICAL - 2021-11-22 13:05:24 --> finfo::file(C:\Users\hp\Documents\code_igniter\SBR_code_igniter_4\writable\uploads/renter_docs/3.jpg): Failed to open stream: No such file or directory
#0 [internal function]: CodeIgniter\Debug\Exceptions->errorHandler(2, 'finfo::file(C:\\...', 'C:\\Users\\hp\\Doc...', 372)
#1 C:\Users\hp\Documents\code_igniter\SBR_code_igniter_4\app\Controllers\Admin\Customers.php(372): finfo->file('C:\\Users\\hp\\Doc...')
#2 C:\Users\hp\Documents\code_igniter\SBR_code_igniter_4\vendor\codeigniter4\framework\system\CodeIgniter.php(936): App\Controllers\Admin\Customers->passportPhoto('5476')
#3 C:\Users\hp\Documents\code_igniter\SBR_code_igniter_4\vendor\codeigniter4\framework\system\CodeIgniter.php(432): CodeIgniter\CodeIgniter->runController(Object(App\Controllers\Admin\Customers))
#4 C:\Users\hp\Documents\code_igniter\SBR_code_igniter_4\vendor\codeigniter4\framework\system\CodeIgniter.php(333): CodeIgniter\CodeIgniter->handleRequest(NULL, Object(Config\Cache), false)
#5 C:\Users\hp\Documents\code_igniter\SBR_code_igniter_4\public\index.php(44): CodeIgniter\CodeIgniter->run()
#6 {main}
CRITICAL - 2021-11-22 13:08:53 --> finfo::file(C:\Users\hp\Documents\code_igniter\SBR_code_igniter_4\writable\uploads/renter_docs/3.jpg): Failed to open stream: No such file or directory
#0 [internal function]: CodeIgniter\Debug\Exceptions->errorHandler(2, 'finfo::file(C:\\...', 'C:\\Users\\hp\\Doc...', 372)
#1 C:\Users\hp\Documents\code_igniter\SBR_code_igniter_4\app\Controllers\Admin\Customers.php(372): finfo->file('C:\\Users\\hp\\Doc...')
#2 C:\Users\hp\Documents\code_igniter\SBR_code_igniter_4\vendor\codeigniter4\framework\system\CodeIgniter.php(936): App\Controllers\Admin\Customers->passportPhoto('5476')
#3 C:\Users\hp\Documents\code_igniter\SBR_code_igniter_4\vendor\codeigniter4\framework\system\CodeIgniter.php(432): CodeIgniter\CodeIgniter->runController(Object(App\Controllers\Admin\Customers))
#4 C:\Users\hp\Documents\code_igniter\SBR_code_igniter_4\vendor\codeigniter4\framework\system\CodeIgniter.php(333): CodeIgniter\CodeIgniter->handleRequest(NULL, Object(Config\Cache), false)
#5 C:\Users\hp\Documents\code_igniter\SBR_code_igniter_4\public\index.php(44): CodeIgniter\CodeIgniter->run()
#6 {main}
CRITICAL - 2021-11-22 13:25:55 --> finfo::file(C:\Users\hp\Documents\code_igniter\SBR_code_igniter_4\writable\uploads/renter_docs/4.jpg): Failed to open stream: No such file or directory
#0 [internal function]: CodeIgniter\Debug\Exceptions->errorHandler(2, 'finfo::file(C:\\...', 'C:\\Users\\hp\\Doc...', 385)
#1 C:\Users\hp\Documents\code_igniter\SBR_code_igniter_4\app\Controllers\Admin\Customers.php(385): finfo->file('C:\\Users\\hp\\Doc...')
#2 C:\Users\hp\Documents\code_igniter\SBR_code_igniter_4\vendor\codeigniter4\framework\system\CodeIgniter.php(936): App\Controllers\Admin\Customers->passportPhoto('C:\\Users\\hp\\Doc...')
#3 C:\Users\hp\Documents\code_igniter\SBR_code_igniter_4\vendor\codeigniter4\framework\system\CodeIgniter.php(432): CodeIgniter\CodeIgniter->runController(Object(App\Controllers\Admin\Customers))
#4 C:\Users\hp\Documents\code_igniter\SBR_code_igniter_4\vendor\codeigniter4\framework\system\CodeIgniter.php(333): CodeIgniter\CodeIgniter->handleRequest(NULL, Object(Config\Cache), false)
#5 C:\Users\hp\Documents\code_igniter\SBR_code_igniter_4\public\index.php(44): CodeIgniter\CodeIgniter->run()
#6 {main}
CRITICAL - 2021-11-22 13:27:02 --> Too few arguments to function App\Controllers\Admin\Customers::passportPhoto(), 0 passed in C:\Users\hp\Documents\code_igniter\SBR_code_igniter_4\vendor\codeigniter4\framework\system\CodeIgniter.php on line 936 and exactly 1 expected
#0 C:\Users\hp\Documents\code_igniter\SBR_code_igniter_4\vendor\codeigniter4\framework\system\CodeIgniter.php(936): App\Controllers\Admin\Customers->passportPhoto()
#1 C:\Users\hp\Documents\code_igniter\SBR_code_igniter_4\vendor\codeigniter4\framework\system\CodeIgniter.php(432): CodeIgniter\CodeIgniter->runController(Object(App\Controllers\Admin\Customers))
#2 C:\Users\hp\Documents\code_igniter\SBR_code_igniter_4\vendor\codeigniter4\framework\system\CodeIgniter.php(333): CodeIgniter\CodeIgniter->handleRequest(NULL, Object(Config\Cache), false)
#3 C:\Users\hp\Documents\code_igniter\SBR_code_igniter_4\public\index.php(44): CodeIgniter\CodeIgniter->run()
#4 {main}
CRITICAL - 2021-11-22 13:30:01 --> Too few arguments to function App\Controllers\Admin\Customers::displayPhoto(), 0 passed in C:\Users\hp\Documents\code_igniter\SBR_code_igniter_4\vendor\codeigniter4\framework\system\CodeIgniter.php on line 936 and exactly 1 expected
#0 C:\Users\hp\Documents\code_igniter\SBR_code_igniter_4\vendor\codeigniter4\framework\system\CodeIgniter.php(936): App\Controllers\Admin\Customers->displayPhoto()
#1 C:\Users\hp\Documents\code_igniter\SBR_code_igniter_4\vendor\codeigniter4\framework\system\CodeIgniter.php(432): CodeIgniter\CodeIgniter->runController(Object(App\Controllers\Admin\Customers))
#2 C:\Users\hp\Documents\code_igniter\SBR_code_igniter_4\vendor\codeigniter4\framework\system\CodeIgniter.php(333): CodeIgniter\CodeIgniter->handleRequest(NULL, Object(Config\Cache), false)
#3 C:\Users\hp\Documents\code_igniter\SBR_code_igniter_4\public\index.php(44): CodeIgniter\CodeIgniter->run()
#4 {main}
CRITICAL - 2021-11-22 14:01:42 --> Too few arguments to function App\Controllers\Admin\Customers::displayCustomerPhoto(), 0 passed in C:\Users\hp\Documents\code_igniter\SBR_code_igniter_4\vendor\codeigniter4\framework\system\CodeIgniter.php on line 936 and exactly 1 expected
#0 C:\Users\hp\Documents\code_igniter\SBR_code_igniter_4\vendor\codeigniter4\framework\system\CodeIgniter.php(936): App\Controllers\Admin\Customers->displayCustomerPhoto()
#1 C:\Users\hp\Documents\code_igniter\SBR_code_igniter_4\vendor\codeigniter4\framework\system\CodeIgniter.php(432): CodeIgniter\CodeIgniter->runController(Object(App\Controllers\Admin\Customers))
#2 C:\Users\hp\Documents\code_igniter\SBR_code_igniter_4\vendor\codeigniter4\framework\system\CodeIgniter.php(333): CodeIgniter\CodeIgniter->handleRequest(NULL, Object(Config\Cache), false)
#3 C:\Users\hp\Documents\code_igniter\SBR_code_igniter_4\public\index.php(44): CodeIgniter\CodeIgniter->run()
#4 {main}
CRITICAL - 2021-11-22 14:07:58 --> Too few arguments to function App\Controllers\Admin\Customers::displayCustomerPhoto(), 0 passed in C:\Users\hp\Documents\code_igniter\SBR_code_igniter_4\vendor\codeigniter4\framework\system\CodeIgniter.php on line 936 and exactly 1 expected
#0 C:\Users\hp\Documents\code_igniter\SBR_code_igniter_4\vendor\codeigniter4\framework\system\CodeIgniter.php(936): App\Controllers\Admin\Customers->displayCustomerPhoto()
#1 C:\Users\hp\Documents\code_igniter\SBR_code_igniter_4\vendor\codeigniter4\framework\system\CodeIgniter.php(432): CodeIgniter\CodeIgniter->runController(Object(App\Controllers\Admin\Customers))
#2 C:\Users\hp\Documents\code_igniter\SBR_code_igniter_4\vendor\codeigniter4\framework\system\CodeIgniter.php(333): CodeIgniter\CodeIgniter->handleRequest(NULL, Object(Config\Cache), false)
#3 C:\Users\hp\Documents\code_igniter\SBR_code_igniter_4\public\index.php(44): CodeIgniter\CodeIgniter->run()
#4 {main}
CRITICAL - 2021-11-22 14:19:43 --> Too few arguments to function App\Controllers\Admin\Customers::displayCustomerPhoto(), 0 passed in C:\Users\hp\Documents\code_igniter\SBR_code_igniter_4\vendor\codeigniter4\framework\system\CodeIgniter.php on line 936 and exactly 1 expected
#0 C:\Users\hp\Documents\code_igniter\SBR_code_igniter_4\vendor\codeigniter4\framework\system\CodeIgniter.php(936): App\Controllers\Admin\Customers->displayCustomerPhoto()
#1 C:\Users\hp\Documents\code_igniter\SBR_code_igniter_4\vendor\codeigniter4\framework\system\CodeIgniter.php(432): CodeIgniter\CodeIgniter->runController(Object(App\Controllers\Admin\Customers))
#2 C:\Users\hp\Documents\code_igniter\SBR_code_igniter_4\vendor\codeigniter4\framework\system\CodeIgniter.php(333): CodeIgniter\CodeIgniter->handleRequest(NULL, Object(Config\Cache), false)
#3 C:\Users\hp\Documents\code_igniter\SBR_code_igniter_4\public\index.php(44): CodeIgniter\CodeIgniter->run()
#4 {main}
CRITICAL - 2021-11-22 14:23:37 --> Too few arguments to function App\Controllers\Admin\Customers::displayCustomerPhoto(), 0 passed in C:\Users\hp\Documents\code_igniter\SBR_code_igniter_4\vendor\codeigniter4\framework\system\CodeIgniter.php on line 936 and exactly 1 expected
#0 C:\Users\hp\Documents\code_igniter\SBR_code_igniter_4\vendor\codeigniter4\framework\system\CodeIgniter.php(936): App\Controllers\Admin\Customers->displayCustomerPhoto()
#1 C:\Users\hp\Documents\code_igniter\SBR_code_igniter_4\vendor\codeigniter4\framework\system\CodeIgniter.php(432): CodeIgniter\CodeIgniter->runController(Object(App\Controllers\Admin\Customers))
#2 C:\Users\hp\Documents\code_igniter\SBR_code_igniter_4\vendor\codeigniter4\framework\system\CodeIgniter.php(333): CodeIgniter\CodeIgniter->handleRequest(NULL, Object(Config\Cache), false)
#3 C:\Users\hp\Documents\code_igniter\SBR_code_igniter_4\public\index.php(44): CodeIgniter\CodeIgniter->run()
#4 {main}
CRITICAL - 2021-11-22 14:24:18 --> Too few arguments to function App\Controllers\Admin\Customers::displayCustomerPhoto(), 0 passed in C:\Users\hp\Documents\code_igniter\SBR_code_igniter_4\vendor\codeigniter4\framework\system\CodeIgniter.php on line 936 and exactly 1 expected
#0 C:\Users\hp\Documents\code_igniter\SBR_code_igniter_4\vendor\codeigniter4\framework\system\CodeIgniter.php(936): App\Controllers\Admin\Customers->displayCustomerPhoto()
#1 C:\Users\hp\Documents\code_igniter\SBR_code_igniter_4\vendor\codeigniter4\framework\system\CodeIgniter.php(432): CodeIgniter\CodeIgniter->runController(Object(App\Controllers\Admin\Customers))
#2 C:\Users\hp\Documents\code_igniter\SBR_code_igniter_4\vendor\codeigniter4\framework\system\CodeIgniter.php(333): CodeIgniter\CodeIgniter->handleRequest(NULL, Object(Config\Cache), false)
#3 C:\Users\hp\Documents\code_igniter\SBR_code_igniter_4\public\index.php(44): CodeIgniter\CodeIgniter->run()
#4 {main}
CRITICAL - 2021-11-22 14:57:18 --> finfo::file(C:\Users\hp\Documents\code_igniter\SBR_code_igniter_4\writable\uploads/renter_docs/1636009807_db447004c718cbebab17.jpg): Failed to open stream: No such file or directory
#0 [internal function]: CodeIgniter\Debug\Exceptions->errorHandler(2, 'finfo::file(C:\\...', 'C:\\Users\\hp\\Doc...', 368)
#1 C:\Users\hp\Documents\code_igniter\SBR_code_igniter_4\app\Controllers\Admin\Customers.php(368): finfo->file('C:\\Users\\hp\\Doc...')
#2 C:\Users\hp\Documents\code_igniter\SBR_code_igniter_4\vendor\codeigniter4\framework\system\CodeIgniter.php(936): App\Controllers\Admin\Customers->displayCustomerPhoto('C:\\Users\\hp\\Doc...')
#3 C:\Users\hp\Documents\code_igniter\SBR_code_igniter_4\vendor\codeigniter4\framework\system\CodeIgniter.php(432): CodeIgniter\CodeIgniter->runController(Object(App\Controllers\Admin\Customers))
#4 C:\Users\hp\Documents\code_igniter\SBR_code_igniter_4\vendor\codeigniter4\framework\system\CodeIgniter.php(333): CodeIgniter\CodeIgniter->handleRequest(NULL, Object(Config\Cache), false)
#5 C:\Users\hp\Documents\code_igniter\SBR_code_igniter_4\public\index.php(44): CodeIgniter\CodeIgniter->run()
#6 {main}
CRITICAL - 2021-11-22 15:09:58 --> finfo::file(C:\Users\hp\Documents\code_igniter\SBR_code_igniter_4\writable\uploads/renter_docs/20190503_180554.jpg): Failed to open stream: No such file or directory
#0 [internal function]: CodeIgniter\Debug\Exceptions->errorHandler(2, 'finfo::file(C:\\...', 'C:\\Users\\hp\\Doc...', 368)
#1 C:\Users\hp\Documents\code_igniter\SBR_code_igniter_4\app\Controllers\Admin\Customers.php(368): finfo->file('C:\\Users\\hp\\Doc...')
#2 C:\Users\hp\Documents\code_igniter\SBR_code_igniter_4\vendor\codeigniter4\framework\system\CodeIgniter.php(936): App\Controllers\Admin\Customers->displayCustomerPhoto('C:\\Users\\hp\\Doc...')
#3 C:\Users\hp\Documents\code_igniter\SBR_code_igniter_4\vendor\codeigniter4\framework\system\CodeIgniter.php(432): CodeIgniter\CodeIgniter->runController(Object(App\Controllers\Admin\Customers))
#4 C:\Users\hp\Documents\code_igniter\SBR_code_igniter_4\vendor\codeigniter4\framework\system\CodeIgniter.php(333): CodeIgniter\CodeIgniter->handleRequest(NULL, Object(Config\Cache), false)
#5 C:\Users\hp\Documents\code_igniter\SBR_code_igniter_4\public\index.php(44): CodeIgniter\CodeIgniter->run()
#6 {main}
CRITICAL - 2021-11-22 15:31:58 --> finfo::file(C:\Users\hp\Documents\code_igniter\SBR_code_igniter_4\writable\uploads/renter_docs/20190503_180554.jpg): Failed to open stream: No such file or directory
#0 [internal function]: CodeIgniter\Debug\Exceptions->errorHandler(2, 'finfo::file(C:\\...', 'C:\\Users\\hp\\Doc...', 368)
#1 C:\Users\hp\Documents\code_igniter\SBR_code_igniter_4\app\Controllers\Admin\Customers.php(368): finfo->file('C:\\Users\\hp\\Doc...')
#2 C:\Users\hp\Documents\code_igniter\SBR_code_igniter_4\vendor\codeigniter4\framework\system\CodeIgniter.php(936): App\Controllers\Admin\Customers->displayCustomerPhoto('C:\\Users\\hp\\Doc...')
#3 C:\Users\hp\Documents\code_igniter\SBR_code_igniter_4\vendor\codeigniter4\framework\system\CodeIgniter.php(432): CodeIgniter\CodeIgniter->runController(Object(App\Controllers\Admin\Customers))
#4 C:\Users\hp\Documents\code_igniter\SBR_code_igniter_4\vendor\codeigniter4\framework\system\CodeIgniter.php(333): CodeIgniter\CodeIgniter->handleRequest(NULL, Object(Config\Cache), false)
#5 C:\Users\hp\Documents\code_igniter\SBR_code_igniter_4\public\index.php(44): CodeIgniter\CodeIgniter->run()
#6 {main}
CRITICAL - 2021-11-22 15:35:01 --> finfo::file(C:\Users\hp\Documents\code_igniter\SBR_code_igniter_4\writable\uploads/renter_docs/20190503_180554.jpg): Failed to open stream: No such file or directory
#0 [internal function]: CodeIgniter\Debug\Exceptions->errorHandler(2, 'finfo::file(C:\\...', 'C:\\Users\\hp\\Doc...', 368)
#1 C:\Users\hp\Documents\code_igniter\SBR_code_igniter_4\app\Controllers\Admin\Customers.php(368): finfo->file('C:\\Users\\hp\\Doc...')
#2 C:\Users\hp\Documents\code_igniter\SBR_code_igniter_4\vendor\codeigniter4\framework\system\CodeIgniter.php(936): App\Controllers\Admin\Customers->displayCustomerPhoto('C:\\Users\\hp\\Doc...')
#3 C:\Users\hp\Documents\code_igniter\SBR_code_igniter_4\vendor\codeigniter4\framework\system\CodeIgniter.php(432): CodeIgniter\CodeIgniter->runController(Object(App\Controllers\Admin\Customers))
#4 C:\Users\hp\Documents\code_igniter\SBR_code_igniter_4\vendor\codeigniter4\framework\system\CodeIgniter.php(333): CodeIgniter\CodeIgniter->handleRequest(NULL, Object(Config\Cache), false)
#5 C:\Users\hp\Documents\code_igniter\SBR_code_igniter_4\public\index.php(44): CodeIgniter\CodeIgniter->run()
#6 {main}
CRITICAL - 2021-11-22 15:36:06 --> finfo::file(C:\Users\hp\Documents\code_igniter\SBR_code_igniter_4\writable\uploads/renter_docs/20190503_180554.jpg): Failed to open stream: No such file or directory
#0 [internal function]: CodeIgniter\Debug\Exceptions->errorHandler(2, 'finfo::file(C:\\...', 'C:\\Users\\hp\\Doc...', 368)
#1 C:\Users\hp\Documents\code_igniter\SBR_code_igniter_4\app\Controllers\Admin\Customers.php(368): finfo->file('C:\\Users\\hp\\Doc...')
#2 C:\Users\hp\Documents\code_igniter\SBR_code_igniter_4\vendor\codeigniter4\framework\system\CodeIgniter.php(936): App\Controllers\Admin\Customers->displayCustomerPhoto('C:\\Users\\hp\\Doc...')
#3 C:\Users\hp\Documents\code_igniter\SBR_code_igniter_4\vendor\codeigniter4\framework\system\CodeIgniter.php(432): CodeIgniter\CodeIgniter->runController(Object(App\Controllers\Admin\Customers))
#4 C:\Users\hp\Documents\code_igniter\SBR_code_igniter_4\vendor\codeigniter4\framework\system\CodeIgniter.php(333): CodeIgniter\CodeIgniter->handleRequest(NULL, Object(Config\Cache), false)
#5 C:\Users\hp\Documents\code_igniter\SBR_code_igniter_4\public\index.php(44): CodeIgniter\CodeIgniter->run()
#6 {main}
CRITICAL - 2021-11-22 15:37:17 --> finfo::file(C:\Users\hp\Documents\code_igniter\SBR_code_igniter_4\writable\uploads/renter_docs/20190503_180554.jpg): Failed to open stream: No such file or directory
#0 [internal function]: CodeIgniter\Debug\Exceptions->errorHandler(2, 'finfo::file(C:\\...', 'C:\\Users\\hp\\Doc...', 368)
#1 C:\Users\hp\Documents\code_igniter\SBR_code_igniter_4\app\Controllers\Admin\Customers.php(368): finfo->file('C:\\Users\\hp\\Doc...')
#2 C:\Users\hp\Documents\code_igniter\SBR_code_igniter_4\vendor\codeigniter4\framework\system\CodeIgniter.php(936): App\Controllers\Admin\Customers->displayCustomerPhoto('C:\\Users\\hp\\Doc...')
#3 C:\Users\hp\Documents\code_igniter\SBR_code_igniter_4\vendor\codeigniter4\framework\system\CodeIgniter.php(432): CodeIgniter\CodeIgniter->runController(Object(App\Controllers\Admin\Customers))
#4 C:\Users\hp\Documents\code_igniter\SBR_code_igniter_4\vendor\codeigniter4\framework\system\CodeIgniter.php(333): CodeIgniter\CodeIgniter->handleRequest(NULL, Object(Config\Cache), false)
#5 C:\Users\hp\Documents\code_igniter\SBR_code_igniter_4\public\index.php(44): CodeIgniter\CodeIgniter->run()
#6 {main}
CRITICAL - 2021-11-22 15:41:38 --> finfo::file(C:\Users\hp\Documents\code_igniter\SBR_code_igniter_4\writable\uploads/renter_docs/20190503_180554.jpg): Failed to open stream: No such file or directory
#0 [internal function]: CodeIgniter\Debug\Exceptions->errorHandler(2, 'finfo::file(C:\\...', 'C:\\Users\\hp\\Doc...', 368)
#1 C:\Users\hp\Documents\code_igniter\SBR_code_igniter_4\app\Controllers\Admin\Customers.php(368): finfo->file('C:\\Users\\hp\\Doc...')
#2 C:\Users\hp\Documents\code_igniter\SBR_code_igniter_4\vendor\codeigniter4\framework\system\CodeIgniter.php(936): App\Controllers\Admin\Customers->displayCustomerPhoto('C:\\Users\\hp\\Doc...')
#3 C:\Users\hp\Documents\code_igniter\SBR_code_igniter_4\vendor\codeigniter4\framework\system\CodeIgniter.php(432): CodeIgniter\CodeIgniter->runController(Object(App\Controllers\Admin\Customers))
#4 C:\Users\hp\Documents\code_igniter\SBR_code_igniter_4\vendor\codeigniter4\framework\system\CodeIgniter.php(333): CodeIgniter\CodeIgniter->handleRequest(NULL, Object(Config\Cache), false)
#5 C:\Users\hp\Documents\code_igniter\SBR_code_igniter_4\public\index.php(44): CodeIgniter\CodeIgniter->run()
#6 {main}
CRITICAL - 2021-11-22 15:43:07 --> finfo::file(C:\Users\hp\Documents\code_igniter\SBR_code_igniter_4\writable\uploads/renter_docs/20190503_180554.jpg): Failed to open stream: No such file or directory
#0 [internal function]: CodeIgniter\Debug\Exceptions->errorHandler(2, 'finfo::file(C:\\...', 'C:\\Users\\hp\\Doc...', 368)
#1 C:\Users\hp\Documents\code_igniter\SBR_code_igniter_4\app\Controllers\Admin\Customers.php(368): finfo->file('C:\\Users\\hp\\Doc...')
#2 C:\Users\hp\Documents\code_igniter\SBR_code_igniter_4\vendor\codeigniter4\framework\system\CodeIgniter.php(936): App\Controllers\Admin\Customers->displayCustomerPhoto('C:\\Users\\hp\\Doc...')
#3 C:\Users\hp\Documents\code_igniter\SBR_code_igniter_4\vendor\codeigniter4\framework\system\CodeIgniter.php(432): CodeIgniter\CodeIgniter->runController(Object(App\Controllers\Admin\Customers))
#4 C:\Users\hp\Documents\code_igniter\SBR_code_igniter_4\vendor\codeigniter4\framework\system\CodeIgniter.php(333): CodeIgniter\CodeIgniter->handleRequest(NULL, Object(Config\Cache), false)
#5 C:\Users\hp\Documents\code_igniter\SBR_code_igniter_4\public\index.php(44): CodeIgniter\CodeIgniter->run()
#6 {main}
CRITICAL - 2021-11-22 15:44:55 --> finfo::file(C:\Users\hp\Documents\code_igniter\SBR_code_igniter_4\writable\uploads/renter_docs/20190503_180554.jpg): Failed to open stream: No such file or directory
#0 [internal function]: CodeIgniter\Debug\Exceptions->errorHandler(2, 'finfo::file(C:\\...', 'C:\\Users\\hp\\Doc...', 368)
#1 C:\Users\hp\Documents\code_igniter\SBR_code_igniter_4\app\Controllers\Admin\Customers.php(368): finfo->file('C:\\Users\\hp\\Doc...')
#2 C:\Users\hp\Documents\code_igniter\SBR_code_igniter_4\vendor\codeigniter4\framework\system\CodeIgniter.php(936): App\Controllers\Admin\Customers->displayCustomerPhoto('C:\\Users\\hp\\Doc...')
#3 C:\Users\hp\Documents\code_igniter\SBR_code_igniter_4\vendor\codeigniter4\framework\system\CodeIgniter.php(432): CodeIgniter\CodeIgniter->runController(Object(App\Controllers\Admin\Customers))
#4 C:\Users\hp\Documents\code_igniter\SBR_code_igniter_4\vendor\codeigniter4\framework\system\CodeIgniter.php(333): CodeIgniter\CodeIgniter->handleRequest(NULL, Object(Config\Cache), false)
#5 C:\Users\hp\Documents\code_igniter\SBR_code_igniter_4\public\index.php(44): CodeIgniter\CodeIgniter->run()
#6 {main}
