CRITICAL - 2023-10-19 20:23:26 --> Uncaught ErrorException: Undefined property: Config\Exceptions::$sensitiveDataInTrace in C:\Users\admin\Documents\git_practice\SBR_code_igniter_4\vendor\codeigniter4\framework\system\Debug\Exceptions.php:242
Stack trace:
#0 C:\Users\admin\Documents\git_practice\SBR_code_igniter_4\vendor\codeigniter4\framework\system\Debug\Exceptions.php(242): CodeIgniter\Debug\Exceptions->errorHandler(2, 'Undefined prope...', 'C:\\Users\\admin\\...', 242)
#1 C:\Users\admin\Documents\git_practice\SBR_code_igniter_4\vendor\codeigniter4\framework\system\Debug\Exceptions.php(110): CodeIgniter\Debug\Exceptions->collectVars(Object(CodeIgniter\Exceptions\PageNotFoundException), 404)
#2 [internal function]: CodeIgniter\Debug\Exceptions->exceptionHandler(Object(CodeIgniter\Exceptions\PageNotFoundException))
#3 {main}
  thrown
#0 [internal function]: CodeIgniter\Debug\Exceptions->shutdownHandler()
#1 {main}
CRITICAL - 2023-10-19 20:23:53 --> strtolower(): Passing null to parameter #1 ($string) of type string is deprecated
#0 [internal function]: CodeIgniter\Debug\Exceptions->errorHandler(8192, 'strtolower(): P...', 'C:\\Users\\admin\\...', 253)
#1 C:\Users\admin\Documents\git_practice\SBR_code_igniter_4\vendor\codeigniter4\framework\system\Validation\FormatRules.php(253): strtolower(NULL)
#2 C:\Users\admin\Documents\git_practice\SBR_code_igniter_4\vendor\codeigniter4\framework\system\HTTP\RequestTrait.php(151): CodeIgniter\Validation\FormatRules->valid_ip('::1')
#3 C:\Users\admin\Documents\git_practice\SBR_code_igniter_4\vendor\codeigniter4\framework\system\Config\Services.php(570): CodeIgniter\HTTP\Request->getIPAddress()
#4 C:\Users\admin\Documents\git_practice\SBR_code_igniter_4\vendor\codeigniter4\framework\system\Config\BaseService.php(189): CodeIgniter\Config\Services::session(Object(Config\App), false)
#5 C:\Users\admin\Documents\git_practice\SBR_code_igniter_4\vendor\codeigniter4\framework\system\Config\Services.php(563): CodeIgniter\Config\BaseService::getSharedInstance('session', NULL)
#6 C:\Users\admin\Documents\git_practice\SBR_code_igniter_4\vendor\codeigniter4\framework\system\Common.php(909): CodeIgniter\Config\Services::session()
#7 C:\Users\admin\Documents\git_practice\SBR_code_igniter_4\vendor\codeigniter4\framework\system\Common.php(802): session()
#8 C:\Users\admin\Documents\git_practice\SBR_code_igniter_4\app\Views\Login\new.php(15): old('email')
#9 C:\Users\admin\Documents\git_practice\SBR_code_igniter_4\vendor\codeigniter4\framework\system\View\View.php(214): include('C:\\Users\\admin\\...')
#10 C:\Users\admin\Documents\git_practice\SBR_code_igniter_4\vendor\codeigniter4\framework\system\View\View.php(217): CodeIgniter\View\View->CodeIgniter\View\{closure}()
#11 C:\Users\admin\Documents\git_practice\SBR_code_igniter_4\vendor\codeigniter4\framework\system\Common.php(1097): CodeIgniter\View\View->render('Login/new', Array, true)
#12 C:\Users\admin\Documents\git_practice\SBR_code_igniter_4\app\Controllers\Login.php(9): view('Login/new')
#13 C:\Users\admin\Documents\git_practice\SBR_code_igniter_4\vendor\codeigniter4\framework\system\CodeIgniter.php(824): App\Controllers\Login->new()
#14 C:\Users\admin\Documents\git_practice\SBR_code_igniter_4\vendor\codeigniter4\framework\system\CodeIgniter.php(410): CodeIgniter\CodeIgniter->runController(Object(App\Controllers\Login))
#15 C:\Users\admin\Documents\git_practice\SBR_code_igniter_4\vendor\codeigniter4\framework\system\CodeIgniter.php(318): CodeIgniter\CodeIgniter->handleRequest(NULL, Object(Config\Cache), false)
#16 C:\Users\admin\Documents\git_practice\SBR_code_igniter_4\public\index.php(46): CodeIgniter\CodeIgniter->run()
#17 {main}
CRITICAL - 2023-10-19 20:23:53 --> Uncaught ErrorException: Undefined property: Config\Exceptions::$sensitiveDataInTrace in C:\Users\admin\Documents\git_practice\SBR_code_igniter_4\vendor\codeigniter4\framework\system\Debug\Exceptions.php:242
Stack trace:
#0 C:\Users\admin\Documents\git_practice\SBR_code_igniter_4\vendor\codeigniter4\framework\system\Debug\Exceptions.php(242): CodeIgniter\Debug\Exceptions->errorHandler(2, 'Undefined prope...', 'C:\\Users\\admin\\...', 242)
#1 C:\Users\admin\Documents\git_practice\SBR_code_igniter_4\vendor\codeigniter4\framework\system\Debug\Exceptions.php(225): CodeIgniter\Debug\Exceptions->collectVars(Object(ErrorException), 500)
#2 C:\Users\admin\Documents\git_practice\SBR_code_igniter_4\vendor\codeigniter4\framework\system\Debug\Exceptions.php(232): CodeIgniter\Debug\Exceptions->CodeIgniter\Debug\{closure}()
#3 C:\Users\admin\Documents\git_practice\SBR_code_igniter_4\vendor\codeigniter4\framework\system\Debug\Exceptions.php(116): CodeIgniter\Debug\Exceptions->render(Object(ErrorException), 500)
#4 [internal function]: CodeIgniter\Debug\Exceptions->exceptionHandler(Object(ErrorException))
#5 {main}
  thrown
#0 [internal function]: CodeIgniter\Debug\Exceptions->shutdownHandler()
#1 {main}
CRITICAL - 2023-10-19 20:24:05 --> Uncaught ErrorException: Undefined property: Config\Exceptions::$sensitiveDataInTrace in C:\Users\admin\Documents\git_practice\SBR_code_igniter_4\vendor\codeigniter4\framework\system\Debug\Exceptions.php:242
Stack trace:
#0 C:\Users\admin\Documents\git_practice\SBR_code_igniter_4\vendor\codeigniter4\framework\system\Debug\Exceptions.php(242): CodeIgniter\Debug\Exceptions->errorHandler(2, 'Undefined prope...', 'C:\\Users\\admin\\...', 242)
#1 C:\Users\admin\Documents\git_practice\SBR_code_igniter_4\vendor\codeigniter4\framework\system\Debug\Exceptions.php(110): CodeIgniter\Debug\Exceptions->collectVars(Object(CodeIgniter\Exceptions\PageNotFoundException), 404)
#2 [internal function]: CodeIgniter\Debug\Exceptions->exceptionHandler(Object(CodeIgniter\Exceptions\PageNotFoundException))
#3 {main}
  thrown
#0 [internal function]: CodeIgniter\Debug\Exceptions->shutdownHandler()
#1 {main}
CRITICAL - 2023-10-19 20:27:45 --> strlen(): Passing null to parameter #1 ($string) of type string is deprecated
#0 C:\Users\admin\Documents\git_practice\SBR_code_igniter_4\vendor\kint-php\kint\src\Renderer\RichRenderer.php(329): CodeIgniter\Debug\Exceptions->errorHandler(8192, 'strlen(): Passi...', 'C:\\Users\\admin\\...', 329)
#1 C:\Users\admin\Documents\git_practice\SBR_code_igniter_4\vendor\kint-php\kint\src\Renderer\RichRenderer.php(223): Kint\Renderer\RichRenderer->renderChildren(Object(Kint\Object\BlobObject))
#2 C:\Users\admin\Documents\git_practice\SBR_code_igniter_4\vendor\kint-php\kint\src\Kint.php(283): Kint\Renderer\RichRenderer->render(Object(Kint\Object\BlobObject))
#3 C:\Users\admin\Documents\git_practice\SBR_code_igniter_4\vendor\kint-php\kint\src\Kint.php(265): Kint\Kint->dumpVar('whatever', Object(Kint\Object\BasicObject))
#4 C:\Users\admin\Documents\git_practice\SBR_code_igniter_4\vendor\kint-php\kint\src\Kint.php(615): Kint\Kint->dumpAll(Array, Array)
#5 C:\Users\admin\Documents\git_practice\SBR_code_igniter_4\vendor\codeigniter4\framework\system\Common.php(328): Kint\Kint::dump('whatever')
#6 C:\Users\admin\Documents\git_practice\SBR_code_igniter_4\app\Controllers\Home.php(9): dd('whatever')
#7 C:\Users\admin\Documents\git_practice\SBR_code_igniter_4\vendor\codeigniter4\framework\system\CodeIgniter.php(824): App\Controllers\Home->index()
#8 C:\Users\admin\Documents\git_practice\SBR_code_igniter_4\vendor\codeigniter4\framework\system\CodeIgniter.php(410): CodeIgniter\CodeIgniter->runController(Object(App\Controllers\Home))
#9 C:\Users\admin\Documents\git_practice\SBR_code_igniter_4\vendor\codeigniter4\framework\system\CodeIgniter.php(318): CodeIgniter\CodeIgniter->handleRequest(NULL, Object(Config\Cache), false)
#10 C:\Users\admin\Documents\git_practice\SBR_code_igniter_4\public\index.php(43): CodeIgniter\CodeIgniter->run()
#11 {main}
CRITICAL - 2023-10-19 20:27:45 --> Uncaught ErrorException: Undefined property: Config\Exceptions::$sensitiveDataInTrace in C:\Users\admin\Documents\git_practice\SBR_code_igniter_4\vendor\codeigniter4\framework\system\Debug\Exceptions.php:242
Stack trace:
#0 C:\Users\admin\Documents\git_practice\SBR_code_igniter_4\vendor\codeigniter4\framework\system\Debug\Exceptions.php(242): CodeIgniter\Debug\Exceptions->errorHandler(2, 'Undefined prope...', 'C:\\Users\\admin\\...', 242)
#1 C:\Users\admin\Documents\git_practice\SBR_code_igniter_4\vendor\codeigniter4\framework\system\Debug\Exceptions.php(225): CodeIgniter\Debug\Exceptions->collectVars(Object(ErrorException), 500)
#2 C:\Users\admin\Documents\git_practice\SBR_code_igniter_4\vendor\codeigniter4\framework\system\Debug\Exceptions.php(232): CodeIgniter\Debug\Exceptions->CodeIgniter\Debug\{closure}()
#3 C:\Users\admin\Documents\git_practice\SBR_code_igniter_4\vendor\codeigniter4\framework\system\Debug\Exceptions.php(116): CodeIgniter\Debug\Exceptions->render(Object(ErrorException), 500)
#4 [internal function]: CodeIgniter\Debug\Exceptions->exceptionHandler(Object(ErrorException))
#5 {main}
  thrown
#0 [internal function]: CodeIgniter\Debug\Exceptions->shutdownHandler()
#1 {main}
CRITICAL - 2023-10-19 20:28:46 --> Uncaught ErrorException: Undefined property: Config\Exceptions::$sensitiveDataInTrace in C:\Users\admin\Documents\git_practice\SBR_code_igniter_4\vendor\codeigniter4\framework\system\Debug\Exceptions.php:242
Stack trace:
#0 C:\Users\admin\Documents\git_practice\SBR_code_igniter_4\vendor\codeigniter4\framework\system\Debug\Exceptions.php(242): CodeIgniter\Debug\Exceptions->errorHandler(2, 'Undefined prope...', 'C:\\Users\\admin\\...', 242)
#1 C:\Users\admin\Documents\git_practice\SBR_code_igniter_4\vendor\codeigniter4\framework\system\Debug\Exceptions.php(110): CodeIgniter\Debug\Exceptions->collectVars(Object(CodeIgniter\Exceptions\PageNotFoundException), 404)
#2 [internal function]: CodeIgniter\Debug\Exceptions->exceptionHandler(Object(CodeIgniter\Exceptions\PageNotFoundException))
#3 {main}
  thrown
#0 [internal function]: CodeIgniter\Debug\Exceptions->shutdownHandler()
#1 {main}
CRITICAL - 2023-10-19 20:28:46 --> Uncaught ErrorException: Undefined property: Config\Exceptions::$sensitiveDataInTrace in C:\Users\admin\Documents\git_practice\SBR_code_igniter_4\vendor\codeigniter4\framework\system\Debug\Exceptions.php:242
Stack trace:
#0 C:\Users\admin\Documents\git_practice\SBR_code_igniter_4\vendor\codeigniter4\framework\system\Debug\Exceptions.php(242): CodeIgniter\Debug\Exceptions->errorHandler(2, 'Undefined prope...', 'C:\\Users\\admin\\...', 242)
#1 C:\Users\admin\Documents\git_practice\SBR_code_igniter_4\vendor\codeigniter4\framework\system\Debug\Exceptions.php(110): CodeIgniter\Debug\Exceptions->collectVars(Object(CodeIgniter\Exceptions\PageNotFoundException), 404)
#2 [internal function]: CodeIgniter\Debug\Exceptions->exceptionHandler(Object(CodeIgniter\Exceptions\PageNotFoundException))
#3 {main}
  thrown
#0 [internal function]: CodeIgniter\Debug\Exceptions->shutdownHandler()
#1 {main}
CRITICAL - 2023-10-19 21:00:03 --> Uncaught ErrorException: Undefined property: Config\Exceptions::$sensitiveDataInTrace in C:\Users\admin\Documents\git_practice\SBR_code_igniter_4\vendor\codeigniter4\framework\system\Debug\Exceptions.php:242
Stack trace:
#0 C:\Users\admin\Documents\git_practice\SBR_code_igniter_4\vendor\codeigniter4\framework\system\Debug\Exceptions.php(242): CodeIgniter\Debug\Exceptions->errorHandler(2, 'Undefined prope...', 'C:\\Users\\admin\\...', 242)
#1 C:\Users\admin\Documents\git_practice\SBR_code_igniter_4\vendor\codeigniter4\framework\system\Debug\Exceptions.php(110): CodeIgniter\Debug\Exceptions->collectVars(Object(CodeIgniter\Exceptions\PageNotFoundException), 404)
#2 [internal function]: CodeIgniter\Debug\Exceptions->exceptionHandler(Object(CodeIgniter\Exceptions\PageNotFoundException))
#3 {main}
  thrown
#0 [internal function]: CodeIgniter\Debug\Exceptions->shutdownHandler()
#1 {main}
CRITICAL - 2023-10-19 21:00:10 --> strtolower(): Passing null to parameter #1 ($string) of type string is deprecated
#0 [internal function]: CodeIgniter\Debug\Exceptions->errorHandler(8192, 'strtolower(): P...', 'C:\\Users\\admin\\...', 253)
#1 C:\Users\admin\Documents\git_practice\SBR_code_igniter_4\vendor\codeigniter4\framework\system\Validation\FormatRules.php(253): strtolower(NULL)
#2 C:\Users\admin\Documents\git_practice\SBR_code_igniter_4\vendor\codeigniter4\framework\system\HTTP\RequestTrait.php(151): CodeIgniter\Validation\FormatRules->valid_ip('::1')
#3 C:\Users\admin\Documents\git_practice\SBR_code_igniter_4\vendor\codeigniter4\framework\system\Config\Services.php(570): CodeIgniter\HTTP\Request->getIPAddress()
#4 C:\Users\admin\Documents\git_practice\SBR_code_igniter_4\vendor\codeigniter4\framework\system\Config\BaseService.php(189): CodeIgniter\Config\Services::session(Object(Config\App), false)
#5 C:\Users\admin\Documents\git_practice\SBR_code_igniter_4\vendor\codeigniter4\framework\system\Config\Services.php(563): CodeIgniter\Config\BaseService::getSharedInstance('session', NULL)
#6 C:\Users\admin\Documents\git_practice\SBR_code_igniter_4\vendor\codeigniter4\framework\system\Common.php(909): CodeIgniter\Config\Services::session()
#7 C:\Users\admin\Documents\git_practice\SBR_code_igniter_4\vendor\codeigniter4\framework\system\Common.php(802): session()
#8 C:\Users\admin\Documents\git_practice\SBR_code_igniter_4\app\Views\Login\new.php(15): old('email')
#9 C:\Users\admin\Documents\git_practice\SBR_code_igniter_4\vendor\codeigniter4\framework\system\View\View.php(214): include('C:\\Users\\admin\\...')
#10 C:\Users\admin\Documents\git_practice\SBR_code_igniter_4\vendor\codeigniter4\framework\system\View\View.php(217): CodeIgniter\View\View->CodeIgniter\View\{closure}()
#11 C:\Users\admin\Documents\git_practice\SBR_code_igniter_4\vendor\codeigniter4\framework\system\Common.php(1097): CodeIgniter\View\View->render('Login/new', Array, true)
#12 C:\Users\admin\Documents\git_practice\SBR_code_igniter_4\app\Controllers\Login.php(9): view('Login/new')
#13 C:\Users\admin\Documents\git_practice\SBR_code_igniter_4\vendor\codeigniter4\framework\system\CodeIgniter.php(824): App\Controllers\Login->new()
#14 C:\Users\admin\Documents\git_practice\SBR_code_igniter_4\vendor\codeigniter4\framework\system\CodeIgniter.php(410): CodeIgniter\CodeIgniter->runController(Object(App\Controllers\Login))
#15 C:\Users\admin\Documents\git_practice\SBR_code_igniter_4\vendor\codeigniter4\framework\system\CodeIgniter.php(318): CodeIgniter\CodeIgniter->handleRequest(NULL, Object(Config\Cache), false)
#16 C:\Users\admin\Documents\git_practice\SBR_code_igniter_4\public\index.php(43): CodeIgniter\CodeIgniter->run()
#17 {main}
CRITICAL - 2023-10-19 21:00:10 --> Uncaught ErrorException: Undefined property: Config\Exceptions::$sensitiveDataInTrace in C:\Users\admin\Documents\git_practice\SBR_code_igniter_4\vendor\codeigniter4\framework\system\Debug\Exceptions.php:242
Stack trace:
#0 C:\Users\admin\Documents\git_practice\SBR_code_igniter_4\vendor\codeigniter4\framework\system\Debug\Exceptions.php(242): CodeIgniter\Debug\Exceptions->errorHandler(2, 'Undefined prope...', 'C:\\Users\\admin\\...', 242)
#1 C:\Users\admin\Documents\git_practice\SBR_code_igniter_4\vendor\codeigniter4\framework\system\Debug\Exceptions.php(225): CodeIgniter\Debug\Exceptions->collectVars(Object(ErrorException), 500)
#2 C:\Users\admin\Documents\git_practice\SBR_code_igniter_4\vendor\codeigniter4\framework\system\Debug\Exceptions.php(232): CodeIgniter\Debug\Exceptions->CodeIgniter\Debug\{closure}()
#3 C:\Users\admin\Documents\git_practice\SBR_code_igniter_4\vendor\codeigniter4\framework\system\Debug\Exceptions.php(116): CodeIgniter\Debug\Exceptions->render(Object(ErrorException), 500)
#4 [internal function]: CodeIgniter\Debug\Exceptions->exceptionHandler(Object(ErrorException))
#5 {main}
  thrown
#0 [internal function]: CodeIgniter\Debug\Exceptions->shutdownHandler()
#1 {main}
CRITICAL - 2023-10-19 21:42:22 --> Uncaught ErrorException: Undefined property: Config\Exceptions::$sensitiveDataInTrace in C:\Users\admin\Documents\git_practice\SBR_code_igniter_4\vendor\codeigniter4\framework\system\Debug\Exceptions.php:242
Stack trace:
#0 C:\Users\admin\Documents\git_practice\SBR_code_igniter_4\vendor\codeigniter4\framework\system\Debug\Exceptions.php(242): CodeIgniter\Debug\Exceptions->errorHandler(2, 'Undefined prope...', 'C:\\Users\\admin\\...', 242)
#1 C:\Users\admin\Documents\git_practice\SBR_code_igniter_4\vendor\codeigniter4\framework\system\Debug\Exceptions.php(110): CodeIgniter\Debug\Exceptions->collectVars(Object(CodeIgniter\Exceptions\PageNotFoundException), 404)
#2 [internal function]: CodeIgniter\Debug\Exceptions->exceptionHandler(Object(CodeIgniter\Exceptions\PageNotFoundException))
#3 {main}
  thrown
#0 [internal function]: CodeIgniter\Debug\Exceptions->shutdownHandler()
#1 {main}
ERROR - 2023-10-19 21:43:35 --> Error connecting to the database: Access denied for user '****'@'localhost' (using password: YES)
CRITICAL - 2023-10-19 21:43:35 --> Unable to connect to the database.
Main connection [MySQLi]: Access denied for user '****'@'localhost' (using password: YES)
#0 C:\Users\admin\Documents\git_practice\SBR_code_igniter_4\vendor\codeigniter4\framework\system\Database\BaseConnection.php(577): CodeIgniter\Database\BaseConnection->initialize()
#1 C:\Users\admin\Documents\git_practice\SBR_code_igniter_4\vendor\codeigniter4\framework\system\Database\BaseBuilder.php(1443): CodeIgniter\Database\BaseConnection->query('SELECT *\nFROM `...', Array, false)
#2 C:\Users\admin\Documents\git_practice\SBR_code_igniter_4\vendor\codeigniter4\framework\system\Model.php(210): CodeIgniter\Database\BaseBuilder->get()
#3 C:\Users\admin\Documents\git_practice\SBR_code_igniter_4\vendor\codeigniter4\framework\system\BaseModel.php(622): CodeIgniter\Model->doFirst()
#4 C:\Users\admin\Documents\git_practice\SBR_code_igniter_4\app\Models\UsersModel.php(37): CodeIgniter\BaseModel->first()
#5 C:\Users\admin\Documents\git_practice\SBR_code_igniter_4\app\Libraries\Authentication.php(16): App\Models\UsersModel->findByEmail('dragonbiketours...')
#6 C:\Users\admin\Documents\git_practice\SBR_code_igniter_4\app\Controllers\Login.php(20): App\Libraries\Authentication->login('dragonbiketours...', '?Ft6MWv|H1N~-@r', true)
#7 C:\Users\admin\Documents\git_practice\SBR_code_igniter_4\vendor\codeigniter4\framework\system\CodeIgniter.php(824): App\Controllers\Login->create()
#8 C:\Users\admin\Documents\git_practice\SBR_code_igniter_4\vendor\codeigniter4\framework\system\CodeIgniter.php(410): CodeIgniter\CodeIgniter->runController(Object(App\Controllers\Login))
#9 C:\Users\admin\Documents\git_practice\SBR_code_igniter_4\vendor\codeigniter4\framework\system\CodeIgniter.php(318): CodeIgniter\CodeIgniter->handleRequest(NULL, Object(Config\Cache), false)
#10 C:\Users\admin\Documents\git_practice\SBR_code_igniter_4\public\index.php(45): CodeIgniter\CodeIgniter->run()
#11 {main}
CRITICAL - 2023-10-19 21:43:35 --> Uncaught ErrorException: Undefined property: Config\Exceptions::$sensitiveDataInTrace in C:\Users\admin\Documents\git_practice\SBR_code_igniter_4\vendor\codeigniter4\framework\system\Debug\Exceptions.php:242
Stack trace:
#0 C:\Users\admin\Documents\git_practice\SBR_code_igniter_4\vendor\codeigniter4\framework\system\Debug\Exceptions.php(242): CodeIgniter\Debug\Exceptions->errorHandler(2, 'Undefined prope...', 'C:\\Users\\admin\\...', 242)
#1 C:\Users\admin\Documents\git_practice\SBR_code_igniter_4\vendor\codeigniter4\framework\system\Debug\Exceptions.php(225): CodeIgniter\Debug\Exceptions->collectVars(Object(CodeIgniter\Database\Exceptions\DatabaseException), 500)
#2 C:\Users\admin\Documents\git_practice\SBR_code_igniter_4\vendor\codeigniter4\framework\system\Debug\Exceptions.php(232): CodeIgniter\Debug\Exceptions->CodeIgniter\Debug\{closure}()
#3 C:\Users\admin\Documents\git_practice\SBR_code_igniter_4\vendor\codeigniter4\framework\system\Debug\Exceptions.php(116): CodeIgniter\Debug\Exceptions->render(Object(CodeIgniter\Database\Exceptions\DatabaseException), 500)
#4 [internal function]: CodeIgniter\Debug\Exceptions->exceptionHandler(Object(CodeIgniter\Database\Exceptions\DatabaseException))
#5 {main}
  thrown
#0 [internal function]: CodeIgniter\Debug\Exceptions->shutdownHandler()
#1 {main}
