CRITICAL - 2023-05-05 17:28:18 --> Could not access file: C:\Users\hp\Documents\code_igniter\SBR_code_igniter_4\writable\uploads/registration_cards/55P5-5994.jpg
#0 C:\Users\hp\Documents\code_igniter\SBR_code_igniter_4\app\Controllers\Admin\Customers.php(239): PHPMailer\PHPMailer\PHPMailer->addAttachment('C:\\Users\\hp\\Doc...')
#1 C:\Users\hp\Documents\code_igniter\SBR_code_igniter_4\app\Controllers\Admin\Customers.php(111): App\Controllers\Admin\Customers->sendActivationEmail(Object(App\Entities\Customer), Object(App\Entities\Bike), '5,500,000')
#2 C:\Users\hp\Documents\code_igniter\SBR_code_igniter_4\vendor\codeigniter4\framework\system\CodeIgniter.php(824): App\Controllers\Admin\Customers->save()
#3 C:\Users\hp\Documents\code_igniter\SBR_code_igniter_4\vendor\codeigniter4\framework\system\CodeIgniter.php(410): CodeIgniter\CodeIgniter->runController(Object(App\Controllers\Admin\Customers))
#4 C:\Users\hp\Documents\code_igniter\SBR_code_igniter_4\vendor\codeigniter4\framework\system\CodeIgniter.php(318): CodeIgniter\CodeIgniter->handleRequest(NULL, Object(Config\Cache), false)
#5 C:\Users\hp\Documents\code_igniter\SBR_code_igniter_4\public\index.php(43): CodeIgniter\CodeIgniter->run()
#6 {main}
CRITICAL - 2023-05-05 17:28:18 --> Uncaught ErrorException: Undefined property: Config\Exceptions::$sensitiveDataInTrace in C:\Users\hp\Documents\code_igniter\SBR_code_igniter_4\vendor\codeigniter4\framework\system\Debug\Exceptions.php:242
Stack trace:
#0 C:\Users\hp\Documents\code_igniter\SBR_code_igniter_4\vendor\codeigniter4\framework\system\Debug\Exceptions.php(242): CodeIgniter\Debug\Exceptions->errorHandler(2, 'Undefined prope...', 'C:\\Users\\hp\\Doc...', 242)
#1 C:\Users\hp\Documents\code_igniter\SBR_code_igniter_4\vendor\codeigniter4\framework\system\Debug\Exceptions.php(225): CodeIgniter\Debug\Exceptions->collectVars(Object(PHPMailer\PHPMailer\Exception), 500)
#2 C:\Users\hp\Documents\code_igniter\SBR_code_igniter_4\vendor\codeigniter4\framework\system\Debug\Exceptions.php(232): CodeIgniter\Debug\Exceptions->CodeIgniter\Debug\{closure}()
#3 C:\Users\hp\Documents\code_igniter\SBR_code_igniter_4\vendor\codeigniter4\framework\system\Debug\Exceptions.php(116): CodeIgniter\Debug\Exceptions->render(Object(PHPMailer\PHPMailer\Exception), 500)
#4 [internal function]: CodeIgniter\Debug\Exceptions->exceptionHandler(Object(PHPMailer\PHPMailer\Exception))
#5 {main}
  thrown
#0 [internal function]: CodeIgniter\Debug\Exceptions->shutdownHandler()
#1 {main}
CRITICAL - 2023-05-05 17:33:55 --> Could not access file: C:\Users\hp\Documents\code_igniter\SBR_code_igniter_4\writable\uploads/registration_cards/55P5-5994.jpg
#0 C:\Users\hp\Documents\code_igniter\SBR_code_igniter_4\app\Controllers\Admin\Customers.php(239): PHPMailer\PHPMailer\PHPMailer->addAttachment('C:\\Users\\hp\\Doc...')
#1 C:\Users\hp\Documents\code_igniter\SBR_code_igniter_4\app\Controllers\Admin\Customers.php(111): App\Controllers\Admin\Customers->sendActivationEmail(Object(App\Entities\Customer), Object(App\Entities\Bike), '5,500,000')
#2 C:\Users\hp\Documents\code_igniter\SBR_code_igniter_4\vendor\codeigniter4\framework\system\CodeIgniter.php(824): App\Controllers\Admin\Customers->save()
#3 C:\Users\hp\Documents\code_igniter\SBR_code_igniter_4\vendor\codeigniter4\framework\system\CodeIgniter.php(410): CodeIgniter\CodeIgniter->runController(Object(App\Controllers\Admin\Customers))
#4 C:\Users\hp\Documents\code_igniter\SBR_code_igniter_4\vendor\codeigniter4\framework\system\CodeIgniter.php(318): CodeIgniter\CodeIgniter->handleRequest(NULL, Object(Config\Cache), false)
#5 C:\Users\hp\Documents\code_igniter\SBR_code_igniter_4\public\index.php(43): CodeIgniter\CodeIgniter->run()
#6 {main}
CRITICAL - 2023-05-05 17:33:55 --> Uncaught ErrorException: Undefined property: Config\Exceptions::$sensitiveDataInTrace in C:\Users\hp\Documents\code_igniter\SBR_code_igniter_4\vendor\codeigniter4\framework\system\Debug\Exceptions.php:242
Stack trace:
#0 C:\Users\hp\Documents\code_igniter\SBR_code_igniter_4\vendor\codeigniter4\framework\system\Debug\Exceptions.php(242): CodeIgniter\Debug\Exceptions->errorHandler(2, 'Undefined prope...', 'C:\\Users\\hp\\Doc...', 242)
#1 C:\Users\hp\Documents\code_igniter\SBR_code_igniter_4\vendor\codeigniter4\framework\system\Debug\Exceptions.php(225): CodeIgniter\Debug\Exceptions->collectVars(Object(PHPMailer\PHPMailer\Exception), 500)
#2 C:\Users\hp\Documents\code_igniter\SBR_code_igniter_4\vendor\codeigniter4\framework\system\Debug\Exceptions.php(232): CodeIgniter\Debug\Exceptions->CodeIgniter\Debug\{closure}()
#3 C:\Users\hp\Documents\code_igniter\SBR_code_igniter_4\vendor\codeigniter4\framework\system\Debug\Exceptions.php(116): CodeIgniter\Debug\Exceptions->render(Object(PHPMailer\PHPMailer\Exception), 500)
#4 [internal function]: CodeIgniter\Debug\Exceptions->exceptionHandler(Object(PHPMailer\PHPMailer\Exception))
#5 {main}
  thrown
#0 [internal function]: CodeIgniter\Debug\Exceptions->shutdownHandler()
#1 {main}
