CRITICAL - 2022-02-11 11:59:21 --> Uncaught ErrorException: Undefined property: Config\Exceptions::$sensitiveDataInTrace in C:\Users\hp\Documents\code_igniter\SBR_code_igniter_4\vendor\codeigniter4\framework\system\Debug\Exceptions.php:242
Stack trace:
#0 C:\Users\hp\Documents\code_igniter\SBR_code_igniter_4\vendor\codeigniter4\framework\system\Debug\Exceptions.php(242): CodeIgniter\Debug\Exceptions->errorHandler(2, 'Undefined prope...', 'C:\\Users\\hp\\Doc...', 242)
#1 C:\Users\hp\Documents\code_igniter\SBR_code_igniter_4\vendor\codeigniter4\framework\system\Debug\Exceptions.php(110): CodeIgniter\Debug\Exceptions->collectVars(Object(CodeIgniter\Exceptions\PageNotFoundException), 404)
#2 [internal function]: CodeIgniter\Debug\Exceptions->exceptionHandler(Object(CodeIgniter\Exceptions\PageNotFoundException))
#3 {main}
  thrown
#0 [internal function]: CodeIgniter\Debug\Exceptions->shutdownHandler()
#1 {main}
CRITICAL - 2022-02-11 14:14:36 --> Attempt to assign property "status" on null
#0 C:\Users\hp\Documents\code_igniter\SBR_code_igniter_4\vendor\codeigniter4\framework\system\CodeIgniter.php(824): App\Controllers\Admin\TempLoaners->closeTicketAsync()
#1 C:\Users\hp\Documents\code_igniter\SBR_code_igniter_4\vendor\codeigniter4\framework\system\CodeIgniter.php(410): CodeIgniter\CodeIgniter->runController(Object(App\Controllers\Admin\TempLoaners))
#2 C:\Users\hp\Documents\code_igniter\SBR_code_igniter_4\vendor\codeigniter4\framework\system\CodeIgniter.php(318): CodeIgniter\CodeIgniter->handleRequest(NULL, Object(Config\Cache), false)
#3 C:\Users\hp\Documents\code_igniter\SBR_code_igniter_4\public\index.php(43): CodeIgniter\CodeIgniter->run()
#4 {main}
CRITICAL - 2022-02-11 14:14:36 --> Uncaught ErrorException: Undefined property: Config\Exceptions::$sensitiveDataInTrace in C:\Users\hp\Documents\code_igniter\SBR_code_igniter_4\vendor\codeigniter4\framework\system\Debug\Exceptions.php:242
Stack trace:
#0 C:\Users\hp\Documents\code_igniter\SBR_code_igniter_4\vendor\codeigniter4\framework\system\Debug\Exceptions.php(242): CodeIgniter\Debug\Exceptions->errorHandler(2, 'Undefined prope...', 'C:\\Users\\hp\\Doc...', 242)
#1 C:\Users\hp\Documents\code_igniter\SBR_code_igniter_4\vendor\codeigniter4\framework\system\Debug\Exceptions.php(110): CodeIgniter\Debug\Exceptions->collectVars(Object(Error), 500)
#2 [internal function]: CodeIgniter\Debug\Exceptions->exceptionHandler(Object(Error))
#3 {main}
  thrown
#0 [internal function]: CodeIgniter\Debug\Exceptions->shutdownHandler()
#1 {main}
CRITICAL - 2022-02-11 14:55:45 --> Unsupported operand types: string * int
#0 C:\Users\hp\Documents\code_igniter\SBR_code_igniter_4\vendor\codeigniter4\framework\system\CodeIgniter.php(824): App\Controllers\Admin\Payments->sendConfirmationEmailAsync()
#1 C:\Users\hp\Documents\code_igniter\SBR_code_igniter_4\vendor\codeigniter4\framework\system\CodeIgniter.php(410): CodeIgniter\CodeIgniter->runController(Object(App\Controllers\Admin\Payments))
#2 C:\Users\hp\Documents\code_igniter\SBR_code_igniter_4\vendor\codeigniter4\framework\system\CodeIgniter.php(318): CodeIgniter\CodeIgniter->handleRequest(NULL, Object(Config\Cache), false)
#3 C:\Users\hp\Documents\code_igniter\SBR_code_igniter_4\public\index.php(43): CodeIgniter\CodeIgniter->run()
#4 {main}
CRITICAL - 2022-02-11 14:55:45 --> Uncaught ErrorException: Undefined property: Config\Exceptions::$sensitiveDataInTrace in C:\Users\hp\Documents\code_igniter\SBR_code_igniter_4\vendor\codeigniter4\framework\system\Debug\Exceptions.php:242
Stack trace:
#0 C:\Users\hp\Documents\code_igniter\SBR_code_igniter_4\vendor\codeigniter4\framework\system\Debug\Exceptions.php(242): CodeIgniter\Debug\Exceptions->errorHandler(2, 'Undefined prope...', 'C:\\Users\\hp\\Doc...', 242)
#1 C:\Users\hp\Documents\code_igniter\SBR_code_igniter_4\vendor\codeigniter4\framework\system\Debug\Exceptions.php(110): CodeIgniter\Debug\Exceptions->collectVars(Object(TypeError), 500)
#2 [internal function]: CodeIgniter\Debug\Exceptions->exceptionHandler(Object(TypeError))
#3 {main}
  thrown
#0 [internal function]: CodeIgniter\Debug\Exceptions->shutdownHandler()
#1 {main}
CRITICAL - 2022-02-11 14:59:12 --> Unsupported operand types: string * int
#0 C:\Users\hp\Documents\code_igniter\SBR_code_igniter_4\vendor\codeigniter4\framework\system\CodeIgniter.php(824): App\Controllers\Admin\Payments->sendConfirmationEmailAsync()
#1 C:\Users\hp\Documents\code_igniter\SBR_code_igniter_4\vendor\codeigniter4\framework\system\CodeIgniter.php(410): CodeIgniter\CodeIgniter->runController(Object(App\Controllers\Admin\Payments))
#2 C:\Users\hp\Documents\code_igniter\SBR_code_igniter_4\vendor\codeigniter4\framework\system\CodeIgniter.php(318): CodeIgniter\CodeIgniter->handleRequest(NULL, Object(Config\Cache), false)
#3 C:\Users\hp\Documents\code_igniter\SBR_code_igniter_4\public\index.php(43): CodeIgniter\CodeIgniter->run()
#4 {main}
CRITICAL - 2022-02-11 14:59:12 --> Uncaught ErrorException: Undefined property: Config\Exceptions::$sensitiveDataInTrace in C:\Users\hp\Documents\code_igniter\SBR_code_igniter_4\vendor\codeigniter4\framework\system\Debug\Exceptions.php:242
Stack trace:
#0 C:\Users\hp\Documents\code_igniter\SBR_code_igniter_4\vendor\codeigniter4\framework\system\Debug\Exceptions.php(242): CodeIgniter\Debug\Exceptions->errorHandler(2, 'Undefined prope...', 'C:\\Users\\hp\\Doc...', 242)
#1 C:\Users\hp\Documents\code_igniter\SBR_code_igniter_4\vendor\codeigniter4\framework\system\Debug\Exceptions.php(110): CodeIgniter\Debug\Exceptions->collectVars(Object(TypeError), 500)
#2 [internal function]: CodeIgniter\Debug\Exceptions->exceptionHandler(Object(TypeError))
#3 {main}
  thrown
#0 [internal function]: CodeIgniter\Debug\Exceptions->shutdownHandler()
#1 {main}
CRITICAL - 2022-02-11 15:12:26 --> Attempt to assign property "status" on null
#0 C:\Users\hp\Documents\code_igniter\SBR_code_igniter_4\vendor\codeigniter4\framework\system\CodeIgniter.php(824): App\Controllers\Admin\TempLoaners->closeTicketAsync()
#1 C:\Users\hp\Documents\code_igniter\SBR_code_igniter_4\vendor\codeigniter4\framework\system\CodeIgniter.php(410): CodeIgniter\CodeIgniter->runController(Object(App\Controllers\Admin\TempLoaners))
#2 C:\Users\hp\Documents\code_igniter\SBR_code_igniter_4\vendor\codeigniter4\framework\system\CodeIgniter.php(318): CodeIgniter\CodeIgniter->handleRequest(NULL, Object(Config\Cache), false)
#3 C:\Users\hp\Documents\code_igniter\SBR_code_igniter_4\public\index.php(43): CodeIgniter\CodeIgniter->run()
#4 {main}
CRITICAL - 2022-02-11 15:12:26 --> Uncaught ErrorException: Undefined property: Config\Exceptions::$sensitiveDataInTrace in C:\Users\hp\Documents\code_igniter\SBR_code_igniter_4\vendor\codeigniter4\framework\system\Debug\Exceptions.php:242
Stack trace:
#0 C:\Users\hp\Documents\code_igniter\SBR_code_igniter_4\vendor\codeigniter4\framework\system\Debug\Exceptions.php(242): CodeIgniter\Debug\Exceptions->errorHandler(2, 'Undefined prope...', 'C:\\Users\\hp\\Doc...', 242)
#1 C:\Users\hp\Documents\code_igniter\SBR_code_igniter_4\vendor\codeigniter4\framework\system\Debug\Exceptions.php(110): CodeIgniter\Debug\Exceptions->collectVars(Object(Error), 500)
#2 [internal function]: CodeIgniter\Debug\Exceptions->exceptionHandler(Object(Error))
#3 {main}
  thrown
#0 [internal function]: CodeIgniter\Debug\Exceptions->shutdownHandler()
#1 {main}
CRITICAL - 2022-02-11 15:14:11 --> Attempt to assign property "status" on null
#0 C:\Users\hp\Documents\code_igniter\SBR_code_igniter_4\vendor\codeigniter4\framework\system\CodeIgniter.php(824): App\Controllers\Admin\TempLoaners->closeTicketAsync()
#1 C:\Users\hp\Documents\code_igniter\SBR_code_igniter_4\vendor\codeigniter4\framework\system\CodeIgniter.php(410): CodeIgniter\CodeIgniter->runController(Object(App\Controllers\Admin\TempLoaners))
#2 C:\Users\hp\Documents\code_igniter\SBR_code_igniter_4\vendor\codeigniter4\framework\system\CodeIgniter.php(318): CodeIgniter\CodeIgniter->handleRequest(NULL, Object(Config\Cache), false)
#3 C:\Users\hp\Documents\code_igniter\SBR_code_igniter_4\public\index.php(43): CodeIgniter\CodeIgniter->run()
#4 {main}
CRITICAL - 2022-02-11 15:14:11 --> Uncaught ErrorException: Undefined property: Config\Exceptions::$sensitiveDataInTrace in C:\Users\hp\Documents\code_igniter\SBR_code_igniter_4\vendor\codeigniter4\framework\system\Debug\Exceptions.php:242
Stack trace:
#0 C:\Users\hp\Documents\code_igniter\SBR_code_igniter_4\vendor\codeigniter4\framework\system\Debug\Exceptions.php(242): CodeIgniter\Debug\Exceptions->errorHandler(2, 'Undefined prope...', 'C:\\Users\\hp\\Doc...', 242)
#1 C:\Users\hp\Documents\code_igniter\SBR_code_igniter_4\vendor\codeigniter4\framework\system\Debug\Exceptions.php(110): CodeIgniter\Debug\Exceptions->collectVars(Object(Error), 500)
#2 [internal function]: CodeIgniter\Debug\Exceptions->exceptionHandler(Object(Error))
#3 {main}
  thrown
#0 [internal function]: CodeIgniter\Debug\Exceptions->shutdownHandler()
#1 {main}
