CRITICAL - 2021-12-02 16:21:03 --> Attempt to read property "address" on array
#0 C:\Users\hp\Documents\code_igniter\SBR_code_igniter_4\app\Controllers\Test.php(217): CodeIgniter\Debug\Exceptions->errorHandler(2, 'Attempt to read...', 'C:\\Users\\hp\\Doc...', 217)
#1 C:\Users\hp\Documents\code_igniter\SBR_code_igniter_4\vendor\codeigniter4\framework\system\CodeIgniter.php(936): App\Controllers\Test->mailPhotos()
#2 C:\Users\hp\Documents\code_igniter\SBR_code_igniter_4\vendor\codeigniter4\framework\system\CodeIgniter.php(432): CodeIgniter\CodeIgniter->runController(Object(App\Controllers\Test))
#3 C:\Users\hp\Documents\code_igniter\SBR_code_igniter_4\vendor\codeigniter4\framework\system\CodeIgniter.php(333): CodeIgniter\CodeIgniter->handleRequest(NULL, Object(Config\Cache), false)
#4 C:\Users\hp\Documents\code_igniter\SBR_code_igniter_4\public\index.php(44): CodeIgniter\CodeIgniter->run()
#5 {main}
CRITICAL - 2021-12-02 16:49:09 --> Invalid address:  (to): 
#0 C:\Users\hp\Documents\code_igniter\SBR_code_igniter_4\vendor\PHPMailer-master\src\PHPMailer.php(1005): PHPMailer\PHPMailer\PHPMailer->addOrEnqueueAnAddress('to', '', '')
#1 C:\Users\hp\Documents\code_igniter\SBR_code_igniter_4\app\Controllers\Test.php(238): PHPMailer\PHPMailer\PHPMailer->addAddress('')
#2 C:\Users\hp\Documents\code_igniter\SBR_code_igniter_4\vendor\codeigniter4\framework\system\CodeIgniter.php(936): App\Controllers\Test->mailPhotos()
#3 C:\Users\hp\Documents\code_igniter\SBR_code_igniter_4\vendor\codeigniter4\framework\system\CodeIgniter.php(432): CodeIgniter\CodeIgniter->runController(Object(App\Controllers\Test))
#4 C:\Users\hp\Documents\code_igniter\SBR_code_igniter_4\vendor\codeigniter4\framework\system\CodeIgniter.php(333): CodeIgniter\CodeIgniter->handleRequest(NULL, Object(Config\Cache), false)
#5 C:\Users\hp\Documents\code_igniter\SBR_code_igniter_4\public\index.php(44): CodeIgniter\CodeIgniter->run()
#6 {main}
CRITICAL - 2021-12-02 16:49:29 --> Invalid address:  (to): 
#0 C:\Users\hp\Documents\code_igniter\SBR_code_igniter_4\vendor\PHPMailer-master\src\PHPMailer.php(1005): PHPMailer\PHPMailer\PHPMailer->addOrEnqueueAnAddress('to', '', '')
#1 C:\Users\hp\Documents\code_igniter\SBR_code_igniter_4\app\Controllers\Test.php(238): PHPMailer\PHPMailer\PHPMailer->addAddress('')
#2 C:\Users\hp\Documents\code_igniter\SBR_code_igniter_4\vendor\codeigniter4\framework\system\CodeIgniter.php(936): App\Controllers\Test->mailPhotos()
#3 C:\Users\hp\Documents\code_igniter\SBR_code_igniter_4\vendor\codeigniter4\framework\system\CodeIgniter.php(432): CodeIgniter\CodeIgniter->runController(Object(App\Controllers\Test))
#4 C:\Users\hp\Documents\code_igniter\SBR_code_igniter_4\vendor\codeigniter4\framework\system\CodeIgniter.php(333): CodeIgniter\CodeIgniter->handleRequest(NULL, Object(Config\Cache), false)
#5 C:\Users\hp\Documents\code_igniter\SBR_code_igniter_4\public\index.php(44): CodeIgniter\CodeIgniter->run()
#6 {main}
CRITICAL - 2021-12-02 21:39:48 --> Message body empty
#0 C:\Users\hp\Documents\code_igniter\SBR_code_igniter_4\vendor\PHPMailer-master\src\PHPMailer.php(1438): PHPMailer\PHPMailer\PHPMailer->preSend()
#1 C:\Users\hp\Documents\code_igniter\SBR_code_igniter_4\app\Controllers\Test.php(249): PHPMailer\PHPMailer\PHPMailer->send()
#2 C:\Users\hp\Documents\code_igniter\SBR_code_igniter_4\vendor\codeigniter4\framework\system\CodeIgniter.php(936): App\Controllers\Test->mailPhotos()
#3 C:\Users\hp\Documents\code_igniter\SBR_code_igniter_4\vendor\codeigniter4\framework\system\CodeIgniter.php(432): CodeIgniter\CodeIgniter->runController(Object(App\Controllers\Test))
#4 C:\Users\hp\Documents\code_igniter\SBR_code_igniter_4\vendor\codeigniter4\framework\system\CodeIgniter.php(333): CodeIgniter\CodeIgniter->handleRequest(NULL, Object(Config\Cache), false)
#5 C:\Users\hp\Documents\code_igniter\SBR_code_igniter_4\public\index.php(44): CodeIgniter\CodeIgniter->run()
#6 {main}
CRITICAL - 2021-12-02 21:43:14 --> Message body empty
#0 C:\Users\hp\Documents\code_igniter\SBR_code_igniter_4\vendor\PHPMailer-master\src\PHPMailer.php(1438): PHPMailer\PHPMailer\PHPMailer->preSend()
#1 C:\Users\hp\Documents\code_igniter\SBR_code_igniter_4\app\Controllers\Test.php(249): PHPMailer\PHPMailer\PHPMailer->send()
#2 C:\Users\hp\Documents\code_igniter\SBR_code_igniter_4\vendor\codeigniter4\framework\system\CodeIgniter.php(936): App\Controllers\Test->mailPhotos()
#3 C:\Users\hp\Documents\code_igniter\SBR_code_igniter_4\vendor\codeigniter4\framework\system\CodeIgniter.php(432): CodeIgniter\CodeIgniter->runController(Object(App\Controllers\Test))
#4 C:\Users\hp\Documents\code_igniter\SBR_code_igniter_4\vendor\codeigniter4\framework\system\CodeIgniter.php(333): CodeIgniter\CodeIgniter->handleRequest(NULL, Object(Config\Cache), false)
#5 C:\Users\hp\Documents\code_igniter\SBR_code_igniter_4\public\index.php(44): CodeIgniter\CodeIgniter->run()
#6 {main}
CRITICAL - 2021-12-02 21:43:32 --> Message body empty
#0 C:\Users\hp\Documents\code_igniter\SBR_code_igniter_4\vendor\PHPMailer-master\src\PHPMailer.php(1438): PHPMailer\PHPMailer\PHPMailer->preSend()
#1 C:\Users\hp\Documents\code_igniter\SBR_code_igniter_4\app\Controllers\Test.php(249): PHPMailer\PHPMailer\PHPMailer->send()
#2 C:\Users\hp\Documents\code_igniter\SBR_code_igniter_4\vendor\codeigniter4\framework\system\CodeIgniter.php(936): App\Controllers\Test->mailPhotos()
#3 C:\Users\hp\Documents\code_igniter\SBR_code_igniter_4\vendor\codeigniter4\framework\system\CodeIgniter.php(432): CodeIgniter\CodeIgniter->runController(Object(App\Controllers\Test))
#4 C:\Users\hp\Documents\code_igniter\SBR_code_igniter_4\vendor\codeigniter4\framework\system\CodeIgniter.php(333): CodeIgniter\CodeIgniter->handleRequest(NULL, Object(Config\Cache), false)
#5 C:\Users\hp\Documents\code_igniter\SBR_code_igniter_4\public\index.php(44): CodeIgniter\CodeIgniter->run()
#6 {main}
CRITICAL - 2021-12-02 21:44:48 --> Message body empty
#0 C:\Users\hp\Documents\code_igniter\SBR_code_igniter_4\vendor\PHPMailer-master\src\PHPMailer.php(1438): PHPMailer\PHPMailer\PHPMailer->preSend()
#1 C:\Users\hp\Documents\code_igniter\SBR_code_igniter_4\app\Controllers\Test.php(249): PHPMailer\PHPMailer\PHPMailer->send()
#2 C:\Users\hp\Documents\code_igniter\SBR_code_igniter_4\vendor\codeigniter4\framework\system\CodeIgniter.php(936): App\Controllers\Test->mailPhotos()
#3 C:\Users\hp\Documents\code_igniter\SBR_code_igniter_4\vendor\codeigniter4\framework\system\CodeIgniter.php(432): CodeIgniter\CodeIgniter->runController(Object(App\Controllers\Test))
#4 C:\Users\hp\Documents\code_igniter\SBR_code_igniter_4\vendor\codeigniter4\framework\system\CodeIgniter.php(333): CodeIgniter\CodeIgniter->handleRequest(NULL, Object(Config\Cache), false)
#5 C:\Users\hp\Documents\code_igniter\SBR_code_igniter_4\public\index.php(44): CodeIgniter\CodeIgniter->run()
#6 {main}
CRITICAL - 2021-12-02 21:45:17 --> Message body empty
#0 C:\Users\hp\Documents\code_igniter\SBR_code_igniter_4\vendor\PHPMailer-master\src\PHPMailer.php(1438): PHPMailer\PHPMailer\PHPMailer->preSend()
#1 C:\Users\hp\Documents\code_igniter\SBR_code_igniter_4\app\Controllers\Test.php(249): PHPMailer\PHPMailer\PHPMailer->send()
#2 C:\Users\hp\Documents\code_igniter\SBR_code_igniter_4\vendor\codeigniter4\framework\system\CodeIgniter.php(936): App\Controllers\Test->mailPhotos()
#3 C:\Users\hp\Documents\code_igniter\SBR_code_igniter_4\vendor\codeigniter4\framework\system\CodeIgniter.php(432): CodeIgniter\CodeIgniter->runController(Object(App\Controllers\Test))
#4 C:\Users\hp\Documents\code_igniter\SBR_code_igniter_4\vendor\codeigniter4\framework\system\CodeIgniter.php(333): CodeIgniter\CodeIgniter->handleRequest(NULL, Object(Config\Cache), false)
#5 C:\Users\hp\Documents\code_igniter\SBR_code_igniter_4\public\index.php(44): CodeIgniter\CodeIgniter->run()
#6 {main}
CRITICAL - 2021-12-02 21:47:05 --> Message body empty
#0 C:\Users\hp\Documents\code_igniter\SBR_code_igniter_4\vendor\PHPMailer-master\src\PHPMailer.php(1438): PHPMailer\PHPMailer\PHPMailer->preSend()
#1 C:\Users\hp\Documents\code_igniter\SBR_code_igniter_4\app\Controllers\Test.php(249): PHPMailer\PHPMailer\PHPMailer->send()
#2 C:\Users\hp\Documents\code_igniter\SBR_code_igniter_4\vendor\codeigniter4\framework\system\CodeIgniter.php(936): App\Controllers\Test->mailPhotos()
#3 C:\Users\hp\Documents\code_igniter\SBR_code_igniter_4\vendor\codeigniter4\framework\system\CodeIgniter.php(432): CodeIgniter\CodeIgniter->runController(Object(App\Controllers\Test))
#4 C:\Users\hp\Documents\code_igniter\SBR_code_igniter_4\vendor\codeigniter4\framework\system\CodeIgniter.php(333): CodeIgniter\CodeIgniter->handleRequest(NULL, Object(Config\Cache), false)
#5 C:\Users\hp\Documents\code_igniter\SBR_code_igniter_4\public\index.php(44): CodeIgniter\CodeIgniter->run()
#6 {main}
CRITICAL - 2021-12-02 21:47:54 --> Message body empty
#0 C:\Users\hp\Documents\code_igniter\SBR_code_igniter_4\vendor\PHPMailer-master\src\PHPMailer.php(1438): PHPMailer\PHPMailer\PHPMailer->preSend()
#1 C:\Users\hp\Documents\code_igniter\SBR_code_igniter_4\app\Controllers\Test.php(249): PHPMailer\PHPMailer\PHPMailer->send()
#2 C:\Users\hp\Documents\code_igniter\SBR_code_igniter_4\vendor\codeigniter4\framework\system\CodeIgniter.php(936): App\Controllers\Test->mailPhotos()
#3 C:\Users\hp\Documents\code_igniter\SBR_code_igniter_4\vendor\codeigniter4\framework\system\CodeIgniter.php(432): CodeIgniter\CodeIgniter->runController(Object(App\Controllers\Test))
#4 C:\Users\hp\Documents\code_igniter\SBR_code_igniter_4\vendor\codeigniter4\framework\system\CodeIgniter.php(333): CodeIgniter\CodeIgniter->handleRequest(NULL, Object(Config\Cache), false)
#5 C:\Users\hp\Documents\code_igniter\SBR_code_igniter_4\public\index.php(44): CodeIgniter\CodeIgniter->run()
#6 {main}
